Processing magic cells_50000...
/mnt/nfs/home/marcin.malec.local/miniconda3/envs/magic311/lib/python3.11/site-packages/rds2py/PyRdsReader.py:105: RuntimeWarning: Unsupported R object type: other
  warn(f"Unsupported R object type: {rtype}", RuntimeWarning)

=== dataset_2_types_equal ===
  -> magic
Calculating MAGIC...
  Running MAGIC on 50000 cells and 1098 genes.
  Calculating graph and diffusion operator...
    Calculating PCA...
    Calculated PCA in 2.97 seconds.
    Calculating KNN search...
    Calculated KNN search in 28.69 seconds.
    Calculating affinities...
    Calculated affinities in 40.95 seconds.
  Calculated graph and diffusion operator in 72.69 seconds.
  Calculating imputation...
  Calculated imputation in 5.50 seconds.
Calculated MAGIC in 78.21 seconds.
Calculating MAGIC...
  Running MAGIC on 50000 cells and 1098 genes.
  Calculating graph and diffusion operator...
    Calculating PCA...
    Calculated PCA in 4.03 seconds.
    Calculating KNN search...
    Calculated KNN search in 40.01 seconds.
    Calculating affinities...
    Calculated affinities in 40.91 seconds.
  Calculated graph and diffusion operator in 85.03 seconds.
  Calculating imputation...
  Calculated imputation in 5.31 seconds.
Calculated MAGIC in 90.35 seconds.
Calculating MAGIC...
  Running MAGIC on 50000 cells and 1098 genes.
  Calculating graph and diffusion operator...
    Calculating PCA...
    Calculated PCA in 3.87 seconds.
    Calculating KNN search...
    Calculated KNN search in 40.26 seconds.
    Calculating affinities...
    Calculated affinities in 40.99 seconds.
  Calculated graph and diffusion operator in 85.20 seconds.
  Calculating imputation...
  Calculated imputation in 5.23 seconds.
Calculated MAGIC in 90.45 seconds.
Calculating MAGIC...
  Running MAGIC on 50000 cells and 1098 genes.
  Calculating graph and diffusion operator...
    Calculating PCA...
    Calculated PCA in 3.83 seconds.
    Calculating KNN search...
    Calculated KNN search in 39.92 seconds.
    Calculating affinities...
    Calculated affinities in 40.82 seconds.
  Calculated graph and diffusion operator in 84.65 seconds.
  Calculating imputation...
  Calculated imputation in 5.19 seconds.
Calculated MAGIC in 89.86 seconds.
Calculating MAGIC...
  Running MAGIC on 50000 cells and 1098 genes.
  Calculating graph and diffusion operator...
    Calculating PCA...
    Calculated PCA in 3.82 seconds.
    Calculating KNN search...
    Calculated KNN search in 39.82 seconds.
    Calculating affinities...
    Calculated affinities in 40.79 seconds.
  Calculated graph and diffusion operator in 84.50 seconds.
  Calculating imputation...
  Calculated imputation in 5.19 seconds.
Calculated MAGIC in 89.71 seconds.
Calculating MAGIC...
  Running MAGIC on 50000 cells and 1098 genes.
  Calculating graph and diffusion operator...
    Calculating PCA...
    Calculated PCA in 3.85 seconds.
    Calculating KNN search...
    Calculated KNN search in 39.60 seconds.
    Calculating affinities...
    Calculated affinities in 28.93 seconds.
  Calculated graph and diffusion operator in 72.45 seconds.
  Calculating imputation...
  Calculated imputation in 4.78 seconds.
Calculated MAGIC in 77.25 seconds.
Calculating MAGIC...
  Running MAGIC on 50000 cells and 1098 genes.
  Calculating graph and diffusion operator...
    Calculating PCA...
    Calculated PCA in 2.90 seconds.
    Calculating KNN search...
    Calculated KNN search in 28.26 seconds.
    Calculating affinities...
    Calculated affinities in 28.90 seconds.
  Calculated graph and diffusion operator in 60.12 seconds.
  Calculating imputation...
  Calculated imputation in 4.77 seconds.
Calculated MAGIC in 64.92 seconds.
Calculating MAGIC...
  Running MAGIC on 50000 cells and 1098 genes.
  Calculating graph and diffusion operator...
    Calculating PCA...
    Calculated PCA in 2.89 seconds.
    Calculating KNN search...
    Calculated KNN search in 28.31 seconds.
    Calculating affinities...
    Calculated affinities in 28.92 seconds.
  Calculated graph and diffusion operator in 60.18 seconds.
  Calculating imputation...
  Calculated imputation in 4.86 seconds.
Calculated MAGIC in 65.06 seconds.
Calculating MAGIC...
  Running MAGIC on 50000 cells and 1098 genes.
  Calculating graph and diffusion operator...
    Calculating PCA...
    Calculated PCA in 2.91 seconds.
    Calculating KNN search...
    Calculated KNN search in 35.00 seconds.
    Calculating affinities...
    Calculated affinities in 41.00 seconds.
  Calculated graph and diffusion operator in 78.99 seconds.
  Calculating imputation...
  Calculated imputation in 5.21 seconds.
Calculated MAGIC in 84.22 seconds.
Calculating MAGIC...
  Running MAGIC on 50000 cells and 1098 genes.
  Calculating graph and diffusion operator...
    Calculating PCA...
    Calculated PCA in 3.86 seconds.
    Calculating KNN search...
    Calculated KNN search in 40.00 seconds.
    Calculating affinities...
    Calculated affinities in 40.70 seconds.
  Calculated graph and diffusion operator in 84.63 seconds.
  Calculating imputation...
  Calculated imputation in 5.19 seconds.
Calculated MAGIC in 89.85 seconds.
/mnt/nfs/home/marcin.malec.local/miniconda3/envs/magic311/lib/python3.11/site-packages/rds2py/PyRdsReader.py:105: RuntimeWarning: Unsupported R object type: other
  warn(f"Unsupported R object type: {rtype}", RuntimeWarning)

=== dataset_3_types_unequal ===
  -> magic
Calculating MAGIC...
  Running MAGIC on 50000 cells and 1099 genes.
  Calculating graph and diffusion operator...
    Calculating PCA...
    Calculated PCA in 3.78 seconds.
    Calculating KNN search...
    Calculated KNN search in 40.20 seconds.
    Calculating affinities...
    Calculated affinities in 40.79 seconds.
  Calculated graph and diffusion operator in 84.84 seconds.
  Calculating imputation...
  Calculated imputation in 5.31 seconds.
Calculated MAGIC in 90.18 seconds.
Calculating MAGIC...
  Running MAGIC on 50000 cells and 1099 genes.
  Calculating graph and diffusion operator...
    Calculating PCA...
    Calculated PCA in 3.79 seconds.
    Calculating KNN search...
    Calculated KNN search in 40.65 seconds.
    Calculating affinities...
    Calculated affinities in 40.92 seconds.
  Calculated graph and diffusion operator in 85.43 seconds.
  Calculating imputation...
  Calculated imputation in 5.26 seconds.
Calculated MAGIC in 90.71 seconds.
Calculating MAGIC...
  Running MAGIC on 50000 cells and 1099 genes.
  Calculating graph and diffusion operator...
    Calculating PCA...
    Calculated PCA in 3.77 seconds.
    Calculating KNN search...
    Calculated KNN search in 40.52 seconds.
    Calculating affinities...
    Calculated affinities in 40.93 seconds.
  Calculated graph and diffusion operator in 85.30 seconds.
  Calculating imputation...
  Calculated imputation in 5.30 seconds.
Calculated MAGIC in 90.62 seconds.
Calculating MAGIC...
  Running MAGIC on 50000 cells and 1099 genes.
  Calculating graph and diffusion operator...
    Calculating PCA...
    Calculated PCA in 3.80 seconds.
    Calculating KNN search...
    Calculated KNN search in 40.14 seconds.
    Calculating affinities...
    Calculated affinities in 41.08 seconds.
  Calculated graph and diffusion operator in 85.08 seconds.
  Calculating imputation...
  Calculated imputation in 5.25 seconds.
Calculated MAGIC in 90.36 seconds.
Calculating MAGIC...
  Running MAGIC on 50000 cells and 1099 genes.
  Calculating graph and diffusion operator...
    Calculating PCA...
    Calculated PCA in 3.80 seconds.
    Calculating KNN search...
    Calculated KNN search in 40.29 seconds.
    Calculating affinities...
    Calculated affinities in 40.87 seconds.
  Calculated graph and diffusion operator in 85.03 seconds.
  Calculating imputation...
  Calculated imputation in 5.11 seconds.
Calculated MAGIC in 90.16 seconds.
Calculating MAGIC...
  Running MAGIC on 50000 cells and 1099 genes.
  Calculating graph and diffusion operator...
    Calculating PCA...
    Calculated PCA in 2.82 seconds.
    Calculating KNN search...
    Calculated KNN search in 28.28 seconds.
    Calculating affinities...
    Calculated affinities in 28.89 seconds.
  Calculated graph and diffusion operator in 60.05 seconds.
  Calculating imputation...
  Calculated imputation in 4.76 seconds.
Calculated MAGIC in 64.84 seconds.
Calculating MAGIC...
  Running MAGIC on 50000 cells and 1099 genes.
  Calculating graph and diffusion operator...
    Calculating PCA...
    Calculated PCA in 2.82 seconds.
    Calculating KNN search...
    Calculated KNN search in 28.27 seconds.
    Calculating affinities...
    Calculated affinities in 28.90 seconds.
  Calculated graph and diffusion operator in 60.05 seconds.
  Calculating imputation...
  Calculated imputation in 4.94 seconds.
Calculated MAGIC in 65.01 seconds.
Calculating MAGIC...
  Running MAGIC on 50000 cells and 1099 genes.
  Calculating graph and diffusion operator...
    Calculating PCA...
    Calculated PCA in 2.89 seconds.
    Calculating KNN search...
    Calculated KNN search in 28.30 seconds.
    Calculating affinities...
    Calculated affinities in 34.01 seconds.
  Calculated graph and diffusion operator in 65.27 seconds.
  Calculating imputation...
  Calculated imputation in 5.31 seconds.
Calculated MAGIC in 70.60 seconds.
Calculating MAGIC...
  Running MAGIC on 50000 cells and 1099 genes.
  Calculating graph and diffusion operator...
    Calculating PCA...
    Calculated PCA in 3.82 seconds.
    Calculating KNN search...
    Calculated KNN search in 43.01 seconds.
    Calculating affinities...
    Calculated affinities in 42.89 seconds.
  Calculated graph and diffusion operator in 89.80 seconds.
  Calculating imputation...
  Calculated imputation in 5.29 seconds.
Calculated MAGIC in 95.11 seconds.
Calculating MAGIC...
  Running MAGIC on 50000 cells and 1099 genes.
  Calculating graph and diffusion operator...
    Calculating PCA...
    Calculated PCA in 3.83 seconds.
    Calculating KNN search...
    Calculated KNN search in 40.36 seconds.
    Calculating affinities...
    Calculated affinities in 41.12 seconds.
  Calculated graph and diffusion operator in 85.38 seconds.
  Calculating imputation...
  Calculated imputation in 5.28 seconds.
Calculated MAGIC in 90.69 seconds.
/mnt/nfs/home/marcin.malec.local/miniconda3/envs/magic311/lib/python3.11/site-packages/rds2py/PyRdsReader.py:105: RuntimeWarning: Unsupported R object type: other
  warn(f"Unsupported R object type: {rtype}", RuntimeWarning)

=== dataset_4_types_rare ===
  -> magic
Calculating MAGIC...
  Running MAGIC on 50000 cells and 1098 genes.
  Calculating graph and diffusion operator...
    Calculating PCA...
    Calculated PCA in 3.80 seconds.
    Calculating KNN search...
    Calculated KNN search in 40.23 seconds.
    Calculating affinities...
    Calculated affinities in 41.02 seconds.
  Calculated graph and diffusion operator in 85.13 seconds.
  Calculating imputation...
  Calculated imputation in 5.59 seconds.
Calculated MAGIC in 90.75 seconds.
Calculating MAGIC...
  Running MAGIC on 50000 cells and 1098 genes.
  Calculating graph and diffusion operator...
    Calculating PCA...
    Calculated PCA in 4.01 seconds.
    Calculating KNN search...
    Calculated KNN search in 40.83 seconds.
    Calculating affinities...
    Calculated affinities in 40.97 seconds.
  Calculated graph and diffusion operator in 85.88 seconds.
  Calculating imputation...
  Calculated imputation in 5.34 seconds.
Calculated MAGIC in 91.24 seconds.
Calculating MAGIC...
  Running MAGIC on 50000 cells and 1098 genes.
  Calculating graph and diffusion operator...
    Calculating PCA...
    Calculated PCA in 3.81 seconds.
    Calculating KNN search...
    Calculated KNN search in 40.26 seconds.
    Calculating affinities...
    Calculated affinities in 41.80 seconds.
  Calculated graph and diffusion operator in 85.94 seconds.
  Calculating imputation...
  Calculated imputation in 5.44 seconds.
Calculated MAGIC in 91.40 seconds.
Calculating MAGIC...
  Running MAGIC on 50000 cells and 1098 genes.
  Calculating graph and diffusion operator...
    Calculating PCA...
    Calculated PCA in 3.78 seconds.
    Calculating KNN search...
    Calculated KNN search in 40.29 seconds.
    Calculating affinities...
    Calculated affinities in 40.44 seconds.
  Calculated graph and diffusion operator in 84.56 seconds.
  Calculating imputation...
  Calculated imputation in 4.80 seconds.
Calculated MAGIC in 89.38 seconds.
Calculating MAGIC...
  Running MAGIC on 50000 cells and 1098 genes.
  Calculating graph and diffusion operator...
    Calculating PCA...
    Calculated PCA in 2.82 seconds.
    Calculating KNN search...
    Calculated KNN search in 28.27 seconds.
    Calculating affinities...
    Calculated affinities in 28.91 seconds.
  Calculated graph and diffusion operator in 60.06 seconds.
  Calculating imputation...
  Calculated imputation in 4.81 seconds.
Calculated MAGIC in 64.90 seconds.
Calculating MAGIC...
  Running MAGIC on 50000 cells and 1098 genes.
  Calculating graph and diffusion operator...
    Calculating PCA...
    Calculated PCA in 2.81 seconds.
    Calculating KNN search...
    Calculated KNN search in 28.28 seconds.
    Calculating affinities...
    Calculated affinities in 28.97 seconds.
  Calculated graph and diffusion operator in 60.12 seconds.
  Calculating imputation...
  Calculated imputation in 4.74 seconds.
Calculated MAGIC in 64.88 seconds.
Calculating MAGIC...
  Running MAGIC on 50000 cells and 1098 genes.
  Calculating graph and diffusion operator...
    Calculating PCA...
    Calculated PCA in 2.79 seconds.
    Calculating KNN search...
    Calculated KNN search in 28.26 seconds.
    Calculating affinities...
    Calculated affinities in 35.60 seconds.
  Calculated graph and diffusion operator in 66.71 seconds.
  Calculating imputation...
  Calculated imputation in 5.34 seconds.
Calculated MAGIC in 72.07 seconds.
Calculating MAGIC...
  Running MAGIC on 50000 cells and 1098 genes.
  Calculating graph and diffusion operator...
    Calculating PCA...
    Calculated PCA in 3.77 seconds.
    Calculating KNN search...
    Calculated KNN search in 39.70 seconds.
    Calculating affinities...
    Calculated affinities in 41.07 seconds.
  Calculated graph and diffusion operator in 84.62 seconds.
  Calculating imputation...
  Calculated imputation in 5.49 seconds.
Calculated MAGIC in 90.13 seconds.
Calculating MAGIC...
  Running MAGIC on 50000 cells and 1098 genes.
  Calculating graph and diffusion operator...
    Calculating PCA...
    Calculated PCA in 3.81 seconds.
    Calculating KNN search...
    Calculated KNN search in 40.08 seconds.
    Calculating affinities...
    Calculated affinities in 41.12 seconds.
  Calculated graph and diffusion operator in 85.08 seconds.
  Calculating imputation...
  Calculated imputation in 5.29 seconds.
Calculated MAGIC in 90.39 seconds.
Calculating MAGIC...
  Running MAGIC on 50000 cells and 1098 genes.
  Calculating graph and diffusion operator...
    Calculating PCA...
    Calculated PCA in 3.75 seconds.
    Calculating KNN search...
    Calculated KNN search in 40.17 seconds.
    Calculating affinities...
    Calculated affinities in 41.11 seconds.
  Calculated graph and diffusion operator in 85.10 seconds.
  Calculating imputation...
  Calculated imputation in 5.34 seconds.
Calculated MAGIC in 90.46 seconds.
/mnt/nfs/home/marcin.malec.local/miniconda3/envs/magic311/lib/python3.11/site-packages/rds2py/PyRdsReader.py:105: RuntimeWarning: Unsupported R object type: other
  warn(f"Unsupported R object type: {rtype}", RuntimeWarning)

=== dataset_multibatch_dropout ===
  -> magic
Calculating MAGIC...
  Running MAGIC on 50000 cells and 1099 genes.
  Calculating graph and diffusion operator...
    Calculating PCA...
    Calculated PCA in 3.76 seconds.
    Calculating KNN search...
    Calculated KNN search in 40.15 seconds.
    Calculating affinities...
    Calculated affinities in 41.13 seconds.
  Calculated graph and diffusion operator in 85.09 seconds.
  Calculating imputation...
  Calculated imputation in 4.74 seconds.
Calculated MAGIC in 89.86 seconds.
Calculating MAGIC...
  Running MAGIC on 50000 cells and 1099 genes.
  Calculating graph and diffusion operator...
    Calculating PCA...
    Calculated PCA in 3.83 seconds.
    Calculating KNN search...
    Calculated KNN search in 39.97 seconds.
    Calculating affinities...
    Calculated affinities in 41.20 seconds.
  Calculated graph and diffusion operator in 85.06 seconds.
  Calculating imputation...
  Calculated imputation in 4.87 seconds.
Calculated MAGIC in 89.96 seconds.
Calculating MAGIC...
  Running MAGIC on 50000 cells and 1099 genes.
  Calculating graph and diffusion operator...
    Calculating PCA...
    Calculated PCA in 3.80 seconds.
    Calculating KNN search...
    Calculated KNN search in 40.19 seconds.
    Calculating affinities...
    Calculated affinities in 41.30 seconds.
  Calculated graph and diffusion operator in 85.35 seconds.
  Calculating imputation...
  Calculated imputation in 4.76 seconds.
Calculated MAGIC in 90.13 seconds.
Calculating MAGIC...
  Running MAGIC on 50000 cells and 1099 genes.
  Calculating graph and diffusion operator...
    Calculating PCA...
    Calculated PCA in 3.80 seconds.
    Calculating KNN search...
    Calculated KNN search in 40.04 seconds.
    Calculating affinities...
    Calculated affinities in 41.59 seconds.
  Calculated graph and diffusion operator in 85.48 seconds.
  Calculating imputation...
  Calculated imputation in 4.74 seconds.
Calculated MAGIC in 90.24 seconds.
Calculating MAGIC...
  Running MAGIC on 50000 cells and 1099 genes.
  Calculating graph and diffusion operator...
    Calculating PCA...
    Calculated PCA in 3.82 seconds.
    Calculating KNN search...
    Calculated KNN search in 40.14 seconds.
    Calculating affinities...
    Calculated affinities in 39.14 seconds.
  Calculated graph and diffusion operator in 83.15 seconds.
  Calculating imputation...
  Calculated imputation in 4.11 seconds.
Calculated MAGIC in 87.29 seconds.
Calculating MAGIC...
  Running MAGIC on 50000 cells and 1099 genes.
  Calculating graph and diffusion operator...
    Calculating PCA...
    Calculated PCA in 2.82 seconds.
    Calculating KNN search...
    Calculated KNN search in 28.49 seconds.
    Calculating affinities...
    Calculated affinities in 29.08 seconds.
  Calculated graph and diffusion operator in 60.44 seconds.
  Calculating imputation...
  Calculated imputation in 4.08 seconds.
Calculated MAGIC in 64.54 seconds.
Calculating MAGIC...
  Running MAGIC on 50000 cells and 1099 genes.
  Calculating graph and diffusion operator...
    Calculating PCA...
    Calculated PCA in 2.82 seconds.
    Calculating KNN search...
    Calculated KNN search in 28.50 seconds.
    Calculating affinities...
    Calculated affinities in 29.09 seconds.
  Calculated graph and diffusion operator in 60.46 seconds.
  Calculating imputation...
  Calculated imputation in 4.01 seconds.
Calculated MAGIC in 64.49 seconds.
Calculating MAGIC...
  Running MAGIC on 50000 cells and 1099 genes.
  Calculating graph and diffusion operator...
    Calculating PCA...
    Calculated PCA in 2.79 seconds.
    Calculating KNN search...
    Calculated KNN search in 28.52 seconds.
    Calculating affinities...
    Calculated affinities in 36.94 seconds.
  Calculated graph and diffusion operator in 68.31 seconds.
  Calculating imputation...
  Calculated imputation in 4.68 seconds.
Calculated MAGIC in 73.02 seconds.
Calculating MAGIC...
  Running MAGIC on 50000 cells and 1099 genes.
  Calculating graph and diffusion operator...
    Calculating PCA...
    Calculated PCA in 3.80 seconds.
    Calculating KNN search...
    Calculated KNN search in 40.08 seconds.
    Calculating affinities...
    Calculated affinities in 40.67 seconds.
  Calculated graph and diffusion operator in 84.61 seconds.
  Calculating imputation...
  Calculated imputation in 4.71 seconds.
Calculated MAGIC in 89.34 seconds.
Calculating MAGIC...
  Running MAGIC on 50000 cells and 1099 genes.
  Calculating graph and diffusion operator...
    Calculating PCA...
    Calculated PCA in 3.76 seconds.
    Calculating KNN search...
    Calculated KNN search in 40.23 seconds.
    Calculating affinities...
    Calculated affinities in 40.73 seconds.
  Calculated graph and diffusion operator in 84.78 seconds.
  Calculating imputation...
  Calculated imputation in 4.74 seconds.
Calculated MAGIC in 89.54 seconds.
Wrote results_imputation_py/magic/cells_50000/magic_mse_table.tsv
