Processing magic cells_10000...
/mnt/nfs/home/marcin.malec.local/miniconda3/envs/magic311/lib/python3.11/site-packages/rds2py/PyRdsReader.py:105: RuntimeWarning: Unsupported R object type: other
  warn(f"Unsupported R object type: {rtype}", RuntimeWarning)

=== dataset_2_types_equal ===
  -> magic
Calculating MAGIC...
  Running MAGIC on 10000 cells and 1095 genes.
  Calculating graph and diffusion operator...
    Calculating PCA...
    Calculated PCA in 0.51 seconds.
    Calculating KNN search...
    Calculated KNN search in 1.18 seconds.
    Calculating affinities...
    Calculated affinities in 1.34 seconds.
  Calculated graph and diffusion operator in 3.05 seconds.
  Calculating imputation...
  Calculated imputation in 0.79 seconds.
Calculated MAGIC in 3.84 seconds.
Calculating MAGIC...
  Running MAGIC on 10000 cells and 1095 genes.
  Calculating graph and diffusion operator...
    Calculating PCA...
    Calculated PCA in 0.76 seconds.
    Calculating KNN search...
    Calculated KNN search in 1.63 seconds.
    Calculating affinities...
    Calculated affinities in 1.79 seconds.
  Calculated graph and diffusion operator in 4.18 seconds.
  Calculating imputation...
  Calculated imputation in 0.81 seconds.
Calculated MAGIC in 5.00 seconds.
Calculating MAGIC...
  Running MAGIC on 10000 cells and 1095 genes.
  Calculating graph and diffusion operator...
    Calculating PCA...
    Calculated PCA in 0.59 seconds.
    Calculating KNN search...
    Calculated KNN search in 1.16 seconds.
    Calculating affinities...
    Calculated affinities in 1.29 seconds.
  Calculated graph and diffusion operator in 3.04 seconds.
  Calculating imputation...
  Calculated imputation in 0.66 seconds.
Calculated MAGIC in 3.71 seconds.
Calculating MAGIC...
  Running MAGIC on 10000 cells and 1095 genes.
  Calculating graph and diffusion operator...
    Calculating PCA...
    Calculated PCA in 0.49 seconds.
    Calculating KNN search...
    Calculated KNN search in 1.16 seconds.
    Calculating affinities...
    Calculated affinities in 1.28 seconds.
  Calculated graph and diffusion operator in 2.94 seconds.
  Calculating imputation...
  Calculated imputation in 0.70 seconds.
Calculated MAGIC in 3.64 seconds.
Calculating MAGIC...
  Running MAGIC on 10000 cells and 1095 genes.
  Calculating graph and diffusion operator...
    Calculating PCA...
    Calculated PCA in 0.52 seconds.
    Calculating KNN search...
    Calculated KNN search in 1.70 seconds.
    Calculating affinities...
    Calculated affinities in 1.82 seconds.
  Calculated graph and diffusion operator in 4.05 seconds.
  Calculating imputation...
  Calculated imputation in 0.83 seconds.
Calculated MAGIC in 4.88 seconds.
Calculating MAGIC...
  Running MAGIC on 10000 cells and 1095 genes.
  Calculating graph and diffusion operator...
    Calculating PCA...
    Calculated PCA in 0.53 seconds.
    Calculating KNN search...
    Calculated KNN search in 1.16 seconds.
    Calculating affinities...
    Calculated affinities in 1.29 seconds.
  Calculated graph and diffusion operator in 2.99 seconds.
  Calculating imputation...
  Calculated imputation in 0.73 seconds.
Calculated MAGIC in 3.72 seconds.
Calculating MAGIC...
  Running MAGIC on 10000 cells and 1095 genes.
  Calculating graph and diffusion operator...
    Calculating PCA...
    Calculated PCA in 0.49 seconds.
    Calculating KNN search...
    Calculated KNN search in 1.16 seconds.
    Calculating affinities...
    Calculated affinities in 1.28 seconds.
  Calculated graph and diffusion operator in 2.94 seconds.
  Calculating imputation...
  Calculated imputation in 0.70 seconds.
Calculated MAGIC in 3.65 seconds.
Calculating MAGIC...
  Running MAGIC on 10000 cells and 1095 genes.
  Calculating graph and diffusion operator...
    Calculating PCA...
    Calculated PCA in 0.49 seconds.
    Calculating KNN search...
    Calculated KNN search in 1.61 seconds.
    Calculating affinities...
    Calculated affinities in 1.84 seconds.
  Calculated graph and diffusion operator in 3.95 seconds.
  Calculating imputation...
  Calculated imputation in 0.81 seconds.
Calculated MAGIC in 4.76 seconds.
Calculating MAGIC...
  Running MAGIC on 10000 cells and 1095 genes.
  Calculating graph and diffusion operator...
    Calculating PCA...
    Calculated PCA in 0.67 seconds.
    Calculating KNN search...
    Calculated KNN search in 1.21 seconds.
    Calculating affinities...
    Calculated affinities in 1.30 seconds.
  Calculated graph and diffusion operator in 3.18 seconds.
  Calculating imputation...
  Calculated imputation in 0.65 seconds.
Calculated MAGIC in 3.83 seconds.
Calculating MAGIC...
  Running MAGIC on 10000 cells and 1095 genes.
  Calculating graph and diffusion operator...
    Calculating PCA...
    Calculated PCA in 0.50 seconds.
    Calculating KNN search...
    Calculated KNN search in 1.15 seconds.
    Calculating affinities...
    Calculated affinities in 1.29 seconds.
  Calculated graph and diffusion operator in 2.95 seconds.
  Calculating imputation...
  Calculated imputation in 0.68 seconds.
Calculated MAGIC in 3.63 seconds.
/mnt/nfs/home/marcin.malec.local/miniconda3/envs/magic311/lib/python3.11/site-packages/rds2py/PyRdsReader.py:105: RuntimeWarning: Unsupported R object type: other
  warn(f"Unsupported R object type: {rtype}", RuntimeWarning)

=== dataset_3_types_unequal ===
  -> magic
Calculating MAGIC...
  Running MAGIC on 10000 cells and 1094 genes.
  Calculating graph and diffusion operator...
    Calculating PCA...
    Calculated PCA in 0.60 seconds.
    Calculating KNN search...
    Calculated KNN search in 1.19 seconds.
    Calculating affinities...
    Calculated affinities in 1.29 seconds.
  Calculated graph and diffusion operator in 3.10 seconds.
  Calculating imputation...
  Calculated imputation in 0.72 seconds.
Calculated MAGIC in 3.82 seconds.
Calculating MAGIC...
  Running MAGIC on 10000 cells and 1094 genes.
  Calculating graph and diffusion operator...
    Calculating PCA...
    Calculated PCA in 0.48 seconds.
    Calculating KNN search...
    Calculated KNN search in 1.15 seconds.
    Calculating affinities...
    Calculated affinities in 1.28 seconds.
  Calculated graph and diffusion operator in 2.92 seconds.
  Calculating imputation...
  Calculated imputation in 0.66 seconds.
Calculated MAGIC in 3.59 seconds.
Calculating MAGIC...
  Running MAGIC on 10000 cells and 1094 genes.
  Calculating graph and diffusion operator...
    Calculating PCA...
    Calculated PCA in 0.48 seconds.
    Calculating KNN search...
    Calculated KNN search in 1.16 seconds.
    Calculating affinities...
    Calculated affinities in 1.53 seconds.
  Calculated graph and diffusion operator in 3.17 seconds.
  Calculating imputation...
  Calculated imputation in 0.86 seconds.
Calculated MAGIC in 4.04 seconds.
Calculating MAGIC...
  Running MAGIC on 10000 cells and 1094 genes.
  Calculating graph and diffusion operator...
    Calculating PCA...
    Calculated PCA in 0.73 seconds.
    Calculating KNN search...
    Calculated KNN search in 1.97 seconds.
    Calculating affinities...
    Calculated affinities in 1.71 seconds.
  Calculated graph and diffusion operator in 4.42 seconds.
  Calculating imputation...
  Calculated imputation in 0.68 seconds.
Calculated MAGIC in 5.10 seconds.
Calculating MAGIC...
  Running MAGIC on 10000 cells and 1094 genes.
  Calculating graph and diffusion operator...
    Calculating PCA...
    Calculated PCA in 0.50 seconds.
    Calculating KNN search...
    Calculated KNN search in 1.17 seconds.
    Calculating affinities...
    Calculated affinities in 1.28 seconds.
  Calculated graph and diffusion operator in 2.96 seconds.
  Calculating imputation...
  Calculated imputation in 0.65 seconds.
Calculated MAGIC in 3.62 seconds.
Calculating MAGIC...
  Running MAGIC on 10000 cells and 1094 genes.
  Calculating graph and diffusion operator...
    Calculating PCA...
    Calculated PCA in 0.47 seconds.
    Calculating KNN search...
    Calculated KNN search in 1.15 seconds.
    Calculating affinities...
    Calculated affinities in 1.38 seconds.
  Calculated graph and diffusion operator in 3.01 seconds.
  Calculating imputation...
  Calculated imputation in 0.94 seconds.
Calculated MAGIC in 3.96 seconds.
Calculating MAGIC...
  Running MAGIC on 10000 cells and 1094 genes.
  Calculating graph and diffusion operator...
    Calculating PCA...
    Calculated PCA in 0.75 seconds.
    Calculating KNN search...
    Calculated KNN search in 1.67 seconds.
    Calculating affinities...
    Calculated affinities in 1.85 seconds.
  Calculated graph and diffusion operator in 4.28 seconds.
  Calculating imputation...
  Calculated imputation in 0.91 seconds.
Calculated MAGIC in 5.20 seconds.
Calculating MAGIC...
  Running MAGIC on 10000 cells and 1094 genes.
  Calculating graph and diffusion operator...
    Calculating PCA...
    Calculated PCA in 0.71 seconds.
    Calculating KNN search...
    Calculated KNN search in 1.25 seconds.
    Calculating affinities...
    Calculated affinities in 1.28 seconds.
  Calculated graph and diffusion operator in 3.26 seconds.
  Calculating imputation...
  Calculated imputation in 0.64 seconds.
Calculated MAGIC in 3.90 seconds.
Calculating MAGIC...
  Running MAGIC on 10000 cells and 1094 genes.
  Calculating graph and diffusion operator...
    Calculating PCA...
    Calculated PCA in 0.47 seconds.
    Calculating KNN search...
    Calculated KNN search in 1.16 seconds.
    Calculating affinities...
    Calculated affinities in 1.29 seconds.
  Calculated graph and diffusion operator in 2.92 seconds.
  Calculating imputation...
  Calculated imputation in 0.70 seconds.
Calculated MAGIC in 3.63 seconds.
Calculating MAGIC...
  Running MAGIC on 10000 cells and 1094 genes.
  Calculating graph and diffusion operator...
    Calculating PCA...
    Calculated PCA in 0.55 seconds.
    Calculating KNN search...
    Calculated KNN search in 1.39 seconds.
    Calculating affinities...
    Calculated affinities in 1.81 seconds.
  Calculated graph and diffusion operator in 3.76 seconds.
  Calculating imputation...
  Calculated imputation in 0.82 seconds.
Calculated MAGIC in 4.59 seconds.
/mnt/nfs/home/marcin.malec.local/miniconda3/envs/magic311/lib/python3.11/site-packages/rds2py/PyRdsReader.py:105: RuntimeWarning: Unsupported R object type: other
  warn(f"Unsupported R object type: {rtype}", RuntimeWarning)

=== dataset_4_types_rare ===
  -> magic
Calculating MAGIC...
  Running MAGIC on 10000 cells and 1096 genes.
  Calculating graph and diffusion operator...
    Calculating PCA...
    Calculated PCA in 0.47 seconds.
    Calculating KNN search...
    Calculated KNN search in 1.16 seconds.
    Calculating affinities...
    Calculated affinities in 1.28 seconds.
  Calculated graph and diffusion operator in 2.91 seconds.
  Calculating imputation...
  Calculated imputation in 0.68 seconds.
Calculated MAGIC in 3.60 seconds.
Calculating MAGIC...
  Running MAGIC on 10000 cells and 1096 genes.
  Calculating graph and diffusion operator...
    Calculating PCA...
    Calculated PCA in 0.53 seconds.
    Calculating KNN search...
    Calculated KNN search in 1.25 seconds.
    Calculating affinities...
    Calculated affinities in 1.82 seconds.
  Calculated graph and diffusion operator in 3.61 seconds.
  Calculating imputation...
  Calculated imputation in 0.86 seconds.
Calculated MAGIC in 4.48 seconds.
Calculating MAGIC...
  Running MAGIC on 10000 cells and 1096 genes.
  Calculating graph and diffusion operator...
    Calculating PCA...
    Calculated PCA in 0.70 seconds.
    Calculating KNN search...
    Calculated KNN search in 1.63 seconds.
    Calculating affinities...
    Calculated affinities in 1.50 seconds.
  Calculated graph and diffusion operator in 3.84 seconds.
  Calculating imputation...
  Calculated imputation in 0.67 seconds.
Calculated MAGIC in 4.52 seconds.
Calculating MAGIC...
  Running MAGIC on 10000 cells and 1096 genes.
  Calculating graph and diffusion operator...
    Calculating PCA...
    Calculated PCA in 0.49 seconds.
    Calculating KNN search...
    Calculated KNN search in 1.17 seconds.
    Calculating affinities...
    Calculated affinities in 1.29 seconds.
  Calculated graph and diffusion operator in 2.95 seconds.
  Calculating imputation...
  Calculated imputation in 0.65 seconds.
Calculated MAGIC in 3.61 seconds.
Calculating MAGIC...
  Running MAGIC on 10000 cells and 1096 genes.
  Calculating graph and diffusion operator...
    Calculating PCA...
    Calculated PCA in 0.49 seconds.
    Calculating KNN search...
    Calculated KNN search in 1.16 seconds.
    Calculating affinities...
    Calculated affinities in 1.29 seconds.
  Calculated graph and diffusion operator in 2.94 seconds.
  Calculating imputation...
  Calculated imputation in 0.73 seconds.
Calculated MAGIC in 3.68 seconds.
Calculating MAGIC...
  Running MAGIC on 10000 cells and 1096 genes.
  Calculating graph and diffusion operator...
    Calculating PCA...
    Calculated PCA in 0.70 seconds.
    Calculating KNN search...
    Calculated KNN search in 1.62 seconds.
    Calculating affinities...
    Calculated affinities in 1.80 seconds.
  Calculated graph and diffusion operator in 4.13 seconds.
  Calculating imputation...
  Calculated imputation in 0.85 seconds.
Calculated MAGIC in 4.98 seconds.
Calculating MAGIC...
  Running MAGIC on 10000 cells and 1096 genes.
  Calculating graph and diffusion operator...
    Calculating PCA...
    Calculated PCA in 0.58 seconds.
    Calculating KNN search...
    Calculated KNN search in 1.17 seconds.
    Calculating affinities...
    Calculated affinities in 1.29 seconds.
  Calculated graph and diffusion operator in 3.05 seconds.
  Calculating imputation...
  Calculated imputation in 0.68 seconds.
Calculated MAGIC in 3.73 seconds.
Calculating MAGIC...
  Running MAGIC on 10000 cells and 1096 genes.
  Calculating graph and diffusion operator...
    Calculating PCA...
    Calculated PCA in 0.49 seconds.
    Calculating KNN search...
    Calculated KNN search in 1.16 seconds.
    Calculating affinities...
    Calculated affinities in 1.28 seconds.
  Calculated graph and diffusion operator in 2.94 seconds.
  Calculating imputation...
  Calculated imputation in 0.76 seconds.
Calculated MAGIC in 3.70 seconds.
Calculating MAGIC...
  Running MAGIC on 10000 cells and 1096 genes.
  Calculating graph and diffusion operator...
    Calculating PCA...
    Calculated PCA in 0.53 seconds.
    Calculating KNN search...
    Calculated KNN search in 1.16 seconds.
    Calculating affinities...
    Calculated affinities in 1.59 seconds.
  Calculated graph and diffusion operator in 3.29 seconds.
  Calculating imputation...
  Calculated imputation in 0.82 seconds.
Calculated MAGIC in 4.12 seconds.
Calculating MAGIC...
  Running MAGIC on 10000 cells and 1096 genes.
  Calculating graph and diffusion operator...
    Calculating PCA...
    Calculated PCA in 0.75 seconds.
    Calculating KNN search...
    Calculated KNN search in 1.64 seconds.
    Calculating affinities...
    Calculated affinities in 1.55 seconds.
  Calculated graph and diffusion operator in 3.95 seconds.
  Calculating imputation...
  Calculated imputation in 0.62 seconds.
Calculated MAGIC in 4.57 seconds.
/mnt/nfs/home/marcin.malec.local/miniconda3/envs/magic311/lib/python3.11/site-packages/rds2py/PyRdsReader.py:105: RuntimeWarning: Unsupported R object type: other
  warn(f"Unsupported R object type: {rtype}", RuntimeWarning)

=== dataset_multibatch_dropout ===
  -> magic
Calculating MAGIC...
  Running MAGIC on 10000 cells and 1097 genes.
  Calculating graph and diffusion operator...
    Calculating PCA...
    Calculated PCA in 0.55 seconds.
    Calculating KNN search...
    Calculated KNN search in 1.19 seconds.
    Calculating affinities...
    Calculated affinities in 1.63 seconds.
  Calculated graph and diffusion operator in 3.38 seconds.
  Calculating imputation...
  Calculated imputation in 0.72 seconds.
Calculated MAGIC in 4.11 seconds.
Calculating MAGIC...
  Running MAGIC on 10000 cells and 1097 genes.
  Calculating graph and diffusion operator...
    Calculating PCA...
    Calculated PCA in 0.67 seconds.
    Calculating KNN search...
    Calculated KNN search in 1.66 seconds.
    Calculating affinities...
    Calculated affinities in 1.81 seconds.
  Calculated graph and diffusion operator in 4.15 seconds.
  Calculating imputation...
  Calculated imputation in 0.74 seconds.
Calculated MAGIC in 4.89 seconds.
Calculating MAGIC...
  Running MAGIC on 10000 cells and 1097 genes.
  Calculating graph and diffusion operator...
    Calculating PCA...
    Calculated PCA in 0.54 seconds.
    Calculating KNN search...
    Calculated KNN search in 1.19 seconds.
    Calculating affinities...
    Calculated affinities in 1.33 seconds.
  Calculated graph and diffusion operator in 3.07 seconds.
  Calculating imputation...
  Calculated imputation in 0.56 seconds.
Calculated MAGIC in 3.64 seconds.
Calculating MAGIC...
  Running MAGIC on 10000 cells and 1097 genes.
  Calculating graph and diffusion operator...
    Calculating PCA...
    Calculated PCA in 0.47 seconds.
    Calculating KNN search...
    Calculated KNN search in 1.19 seconds.
    Calculating affinities...
    Calculated affinities in 1.32 seconds.
  Calculated graph and diffusion operator in 2.99 seconds.
  Calculating imputation...
  Calculated imputation in 0.64 seconds.
Calculated MAGIC in 3.63 seconds.
Calculating MAGIC...
  Running MAGIC on 10000 cells and 1097 genes.
  Calculating graph and diffusion operator...
    Calculating PCA...
    Calculated PCA in 0.60 seconds.
    Calculating KNN search...
    Calculated KNN search in 1.63 seconds.
    Calculating affinities...
    Calculated affinities in 1.90 seconds.
  Calculated graph and diffusion operator in 4.15 seconds.
  Calculating imputation...
  Calculated imputation in 0.74 seconds.
Calculated MAGIC in 4.89 seconds.
Calculating MAGIC...
  Running MAGIC on 10000 cells and 1097 genes.
  Calculating graph and diffusion operator...
    Calculating PCA...
    Calculated PCA in 0.67 seconds.
    Calculating KNN search...
    Calculated KNN search in 1.52 seconds.
    Calculating affinities...
    Calculated affinities in 1.31 seconds.
  Calculated graph and diffusion operator in 3.51 seconds.
  Calculating imputation...
  Calculated imputation in 0.62 seconds.
Calculated MAGIC in 4.13 seconds.
Calculating MAGIC...
  Running MAGIC on 10000 cells and 1097 genes.
  Calculating graph and diffusion operator...
    Calculating PCA...
    Calculated PCA in 0.52 seconds.
    Calculating KNN search...
    Calculated KNN search in 1.19 seconds.
    Calculating affinities...
    Calculated affinities in 1.31 seconds.
  Calculated graph and diffusion operator in 3.03 seconds.
  Calculating imputation...
  Calculated imputation in 0.62 seconds.
Calculated MAGIC in 3.66 seconds.
Calculating MAGIC...
  Running MAGIC on 10000 cells and 1097 genes.
  Calculating graph and diffusion operator...
    Calculating PCA...
    Calculated PCA in 0.50 seconds.
    Calculating KNN search...
    Calculated KNN search in 1.19 seconds.
    Calculating affinities...
    Calculated affinities in 1.49 seconds.
  Calculated graph and diffusion operator in 3.19 seconds.
  Calculating imputation...
  Calculated imputation in 0.78 seconds.
Calculated MAGIC in 3.97 seconds.
Calculating MAGIC...
  Running MAGIC on 10000 cells and 1097 genes.
  Calculating graph and diffusion operator...
    Calculating PCA...
    Calculated PCA in 0.73 seconds.
    Calculating KNN search...
    Calculated KNN search in 1.68 seconds.
    Calculating affinities...
    Calculated affinities in 1.56 seconds.
  Calculated graph and diffusion operator in 3.99 seconds.
  Calculating imputation...
  Calculated imputation in 0.57 seconds.
Calculated MAGIC in 4.56 seconds.
Calculating MAGIC...
  Running MAGIC on 10000 cells and 1097 genes.
  Calculating graph and diffusion operator...
    Calculating PCA...
    Calculated PCA in 0.46 seconds.
    Calculating KNN search...
    Calculated KNN search in 1.19 seconds.
    Calculating affinities...
    Calculated affinities in 1.31 seconds.
  Calculated graph and diffusion operator in 2.97 seconds.
  Calculating imputation...
  Calculated imputation in 0.64 seconds.
Calculated MAGIC in 3.62 seconds.
Wrote results_imputation_py/magic/cells_10000/magic_mse_table.tsv
