Processing magic cells_1000...
/mnt/nfs/home/marcin.malec.local/miniconda3/envs/magic311/lib/python3.11/site-packages/rds2py/PyRdsReader.py:105: RuntimeWarning: Unsupported R object type: other
  warn(f"Unsupported R object type: {rtype}", RuntimeWarning)

=== dataset_2_types_equal ===
  -> magic
Calculating MAGIC...
  Running MAGIC on 1000 cells and 1066 genes.
  Calculating graph and diffusion operator...
    Calculating PCA...
    Calculated PCA in 0.05 seconds.
    Calculating KNN search...
    Calculated KNN search in 0.03 seconds.
    Calculating affinities...
    Calculated affinities in 0.03 seconds.
  Calculated graph and diffusion operator in 0.11 seconds.
  Calculating imputation...
  Calculated imputation in 0.08 seconds.
Calculated MAGIC in 0.19 seconds.
Calculating MAGIC...
  Running MAGIC on 1000 cells and 1066 genes.
  Calculating graph and diffusion operator...
    Calculating PCA...
    Calculated PCA in 0.04 seconds.
    Calculating KNN search...
    Calculated KNN search in 0.01 seconds.
    Calculating affinities...
    Calculated affinities in 0.03 seconds.
  Calculated graph and diffusion operator in 0.09 seconds.
  Calculating imputation...
  Calculated imputation in 0.08 seconds.
Calculated MAGIC in 0.17 seconds.
Calculating MAGIC...
  Running MAGIC on 1000 cells and 1066 genes.
  Calculating graph and diffusion operator...
    Calculating PCA...
    Calculated PCA in 0.04 seconds.
    Calculating KNN search...
    Calculated KNN search in 0.01 seconds.
    Calculating affinities...
    Calculated affinities in 0.03 seconds.
  Calculated graph and diffusion operator in 0.09 seconds.
  Calculating imputation...
  Calculated imputation in 0.08 seconds.
Calculated MAGIC in 0.17 seconds.
Calculating MAGIC...
  Running MAGIC on 1000 cells and 1066 genes.
  Calculating graph and diffusion operator...
    Calculating PCA...
    Calculated PCA in 0.04 seconds.
    Calculating KNN search...
    Calculated KNN search in 0.01 seconds.
    Calculating affinities...
    Calculated affinities in 0.03 seconds.
  Calculated graph and diffusion operator in 0.09 seconds.
  Calculating imputation...
  Calculated imputation in 0.08 seconds.
Calculated MAGIC in 0.17 seconds.
Calculating MAGIC...
  Running MAGIC on 1000 cells and 1066 genes.
  Calculating graph and diffusion operator...
    Calculating PCA...
    Calculated PCA in 0.04 seconds.
    Calculating KNN search...
    Calculated KNN search in 0.01 seconds.
    Calculating affinities...
    Calculated affinities in 0.03 seconds.
  Calculated graph and diffusion operator in 0.09 seconds.
  Calculating imputation...
  Calculated imputation in 0.08 seconds.
Calculated MAGIC in 0.17 seconds.
Calculating MAGIC...
  Running MAGIC on 1000 cells and 1066 genes.
  Calculating graph and diffusion operator...
    Calculating PCA...
    Calculated PCA in 0.04 seconds.
    Calculating KNN search...
    Calculated KNN search in 0.01 seconds.
    Calculating affinities...
    Calculated affinities in 0.03 seconds.
  Calculated graph and diffusion operator in 0.09 seconds.
  Calculating imputation...
  Calculated imputation in 0.08 seconds.
Calculated MAGIC in 0.17 seconds.
Calculating MAGIC...
  Running MAGIC on 1000 cells and 1066 genes.
  Calculating graph and diffusion operator...
    Calculating PCA...
    Calculated PCA in 0.04 seconds.
    Calculating KNN search...
    Calculated KNN search in 0.01 seconds.
    Calculating affinities...
    Calculated affinities in 0.03 seconds.
  Calculated graph and diffusion operator in 0.09 seconds.
  Calculating imputation...
  Calculated imputation in 0.08 seconds.
Calculated MAGIC in 0.17 seconds.
Calculating MAGIC...
  Running MAGIC on 1000 cells and 1066 genes.
  Calculating graph and diffusion operator...
    Calculating PCA...
    Calculated PCA in 0.04 seconds.
    Calculating KNN search...
    Calculated KNN search in 0.01 seconds.
    Calculating affinities...
    Calculated affinities in 0.03 seconds.
  Calculated graph and diffusion operator in 0.09 seconds.
  Calculating imputation...
  Calculated imputation in 0.08 seconds.
Calculated MAGIC in 0.16 seconds.
Calculating MAGIC...
  Running MAGIC on 1000 cells and 1066 genes.
  Calculating graph and diffusion operator...
    Calculating PCA...
    Calculated PCA in 0.04 seconds.
    Calculating KNN search...
    Calculated KNN search in 0.01 seconds.
    Calculating affinities...
    Calculated affinities in 0.03 seconds.
  Calculated graph and diffusion operator in 0.09 seconds.
  Calculating imputation...
  Calculated imputation in 0.08 seconds.
Calculated MAGIC in 0.16 seconds.
Calculating MAGIC...
  Running MAGIC on 1000 cells and 1066 genes.
  Calculating graph and diffusion operator...
    Calculating PCA...
    Calculated PCA in 0.04 seconds.
    Calculating KNN search...
    Calculated KNN search in 0.01 seconds.
    Calculating affinities...
    Calculated affinities in 0.03 seconds.
  Calculated graph and diffusion operator in 0.08 seconds.
  Calculating imputation...
  Calculated imputation in 0.07 seconds.
Calculated MAGIC in 0.16 seconds.
/mnt/nfs/home/marcin.malec.local/miniconda3/envs/magic311/lib/python3.11/site-packages/rds2py/PyRdsReader.py:105: RuntimeWarning: Unsupported R object type: other
  warn(f"Unsupported R object type: {rtype}", RuntimeWarning)

=== dataset_3_types_unequal ===
  -> magic
Calculating MAGIC...
  Running MAGIC on 1000 cells and 1065 genes.
  Calculating graph and diffusion operator...
    Calculating PCA...
    Calculated PCA in 0.04 seconds.
    Calculating KNN search...
    Calculated KNN search in 0.01 seconds.
    Calculating affinities...
    Calculated affinities in 0.03 seconds.
  Calculated graph and diffusion operator in 0.09 seconds.
  Calculating imputation...
  Calculated imputation in 0.07 seconds.
Calculated MAGIC in 0.16 seconds.
Calculating MAGIC...
  Running MAGIC on 1000 cells and 1065 genes.
  Calculating graph and diffusion operator...
    Calculating PCA...
    Calculated PCA in 0.04 seconds.
    Calculating KNN search...
    Calculated KNN search in 0.01 seconds.
    Calculating affinities...
    Calculated affinities in 0.03 seconds.
  Calculated graph and diffusion operator in 0.08 seconds.
  Calculating imputation...
  Calculated imputation in 0.07 seconds.
Calculated MAGIC in 0.16 seconds.
Calculating MAGIC...
  Running MAGIC on 1000 cells and 1065 genes.
  Calculating graph and diffusion operator...
    Calculating PCA...
    Calculated PCA in 0.04 seconds.
    Calculating KNN search...
    Calculated KNN search in 0.01 seconds.
    Calculating affinities...
    Calculated affinities in 0.03 seconds.
  Calculated graph and diffusion operator in 0.09 seconds.
  Calculating imputation...
  Calculated imputation in 0.07 seconds.
Calculated MAGIC in 0.16 seconds.
Calculating MAGIC...
  Running MAGIC on 1000 cells and 1065 genes.
  Calculating graph and diffusion operator...
    Calculating PCA...
    Calculated PCA in 0.04 seconds.
    Calculating KNN search...
    Calculated KNN search in 0.01 seconds.
    Calculating affinities...
    Calculated affinities in 0.03 seconds.
  Calculated graph and diffusion operator in 0.08 seconds.
  Calculating imputation...
  Calculated imputation in 0.07 seconds.
Calculated MAGIC in 0.16 seconds.
Calculating MAGIC...
  Running MAGIC on 1000 cells and 1065 genes.
  Calculating graph and diffusion operator...
    Calculating PCA...
    Calculated PCA in 0.04 seconds.
    Calculating KNN search...
    Calculated KNN search in 0.01 seconds.
    Calculating affinities...
    Calculated affinities in 0.03 seconds.
  Calculated graph and diffusion operator in 0.08 seconds.
  Calculating imputation...
  Calculated imputation in 0.07 seconds.
Calculated MAGIC in 0.16 seconds.
Calculating MAGIC...
  Running MAGIC on 1000 cells and 1065 genes.
  Calculating graph and diffusion operator...
    Calculating PCA...
    Calculated PCA in 0.04 seconds.
    Calculating KNN search...
    Calculated KNN search in 0.01 seconds.
    Calculating affinities...
    Calculated affinities in 0.03 seconds.
  Calculated graph and diffusion operator in 0.08 seconds.
  Calculating imputation...
  Calculated imputation in 0.07 seconds.
Calculated MAGIC in 0.16 seconds.
Calculating MAGIC...
  Running MAGIC on 1000 cells and 1065 genes.
  Calculating graph and diffusion operator...
    Calculating PCA...
    Calculated PCA in 0.04 seconds.
    Calculating KNN search...
    Calculated KNN search in 0.01 seconds.
    Calculating affinities...
    Calculated affinities in 0.03 seconds.
  Calculated graph and diffusion operator in 0.08 seconds.
  Calculating imputation...
  Calculated imputation in 0.07 seconds.
Calculated MAGIC in 0.16 seconds.
Calculating MAGIC...
  Running MAGIC on 1000 cells and 1065 genes.
  Calculating graph and diffusion operator...
    Calculating PCA...
    Calculated PCA in 0.04 seconds.
    Calculating KNN search...
    Calculated KNN search in 0.01 seconds.
    Calculating affinities...
    Calculated affinities in 0.03 seconds.
  Calculated graph and diffusion operator in 0.09 seconds.
  Calculating imputation...
  Calculated imputation in 0.07 seconds.
Calculated MAGIC in 0.16 seconds.
Calculating MAGIC...
  Running MAGIC on 1000 cells and 1065 genes.
  Calculating graph and diffusion operator...
    Calculating PCA...
    Calculated PCA in 0.04 seconds.
    Calculating KNN search...
    Calculated KNN search in 0.01 seconds.
    Calculating affinities...
    Calculated affinities in 0.03 seconds.
  Calculated graph and diffusion operator in 0.08 seconds.
  Calculating imputation...
  Calculated imputation in 0.07 seconds.
Calculated MAGIC in 0.16 seconds.
Calculating MAGIC...
  Running MAGIC on 1000 cells and 1065 genes.
  Calculating graph and diffusion operator...
    Calculating PCA...
    Calculated PCA in 0.04 seconds.
    Calculating KNN search...
    Calculated KNN search in 0.01 seconds.
    Calculating affinities...
    Calculated affinities in 0.03 seconds.
  Calculated graph and diffusion operator in 0.08 seconds.
  Calculating imputation...
  Calculated imputation in 0.07 seconds.
Calculated MAGIC in 0.16 seconds.
/mnt/nfs/home/marcin.malec.local/miniconda3/envs/magic311/lib/python3.11/site-packages/rds2py/PyRdsReader.py:105: RuntimeWarning: Unsupported R object type: other
  warn(f"Unsupported R object type: {rtype}", RuntimeWarning)

=== dataset_4_types_rare ===
  -> magic
Calculating MAGIC...
  Running MAGIC on 1000 cells and 1073 genes.
  Calculating graph and diffusion operator...
    Calculating PCA...
    Calculated PCA in 0.04 seconds.
    Calculating KNN search...
    Calculated KNN search in 0.01 seconds.
    Calculating affinities...
    Calculated affinities in 0.03 seconds.
  Calculated graph and diffusion operator in 0.08 seconds.
  Calculating imputation...
  Calculated imputation in 0.08 seconds.
Calculated MAGIC in 0.16 seconds.
Calculating MAGIC...
  Running MAGIC on 1000 cells and 1073 genes.
  Calculating graph and diffusion operator...
    Calculating PCA...
    Calculated PCA in 0.04 seconds.
    Calculating KNN search...
    Calculated KNN search in 0.01 seconds.
    Calculating affinities...
    Calculated affinities in 0.03 seconds.
  Calculated graph and diffusion operator in 0.08 seconds.
  Calculating imputation...
  Calculated imputation in 0.08 seconds.
Calculated MAGIC in 0.16 seconds.
Calculating MAGIC...
  Running MAGIC on 1000 cells and 1073 genes.
  Calculating graph and diffusion operator...
    Calculating PCA...
    Calculated PCA in 0.04 seconds.
    Calculating KNN search...
    Calculated KNN search in 0.01 seconds.
    Calculating affinities...
    Calculated affinities in 0.03 seconds.
  Calculated graph and diffusion operator in 0.09 seconds.
  Calculating imputation...
  Calculated imputation in 0.08 seconds.
Calculated MAGIC in 0.16 seconds.
Calculating MAGIC...
  Running MAGIC on 1000 cells and 1073 genes.
  Calculating graph and diffusion operator...
    Calculating PCA...
    Calculated PCA in 0.04 seconds.
    Calculating KNN search...
    Calculated KNN search in 0.01 seconds.
    Calculating affinities...
    Calculated affinities in 0.03 seconds.
  Calculated graph and diffusion operator in 0.09 seconds.
  Calculating imputation...
  Calculated imputation in 0.08 seconds.
Calculated MAGIC in 0.16 seconds.
Calculating MAGIC...
  Running MAGIC on 1000 cells and 1073 genes.
  Calculating graph and diffusion operator...
    Calculating PCA...
    Calculated PCA in 0.04 seconds.
    Calculating KNN search...
    Calculated KNN search in 0.01 seconds.
    Calculating affinities...
    Calculated affinities in 0.03 seconds.
  Calculated graph and diffusion operator in 0.09 seconds.
  Calculating imputation...
  Calculated imputation in 0.08 seconds.
Calculated MAGIC in 0.16 seconds.
Calculating MAGIC...
  Running MAGIC on 1000 cells and 1073 genes.
  Calculating graph and diffusion operator...
    Calculating PCA...
    Calculated PCA in 0.04 seconds.
    Calculating KNN search...
    Calculated KNN search in 0.03 seconds.
    Calculating affinities...
    Calculated affinities in 0.04 seconds.
  Calculated graph and diffusion operator in 0.11 seconds.
  Calculating imputation...
  Calculated imputation in 0.11 seconds.
Calculated MAGIC in 0.22 seconds.
Calculating MAGIC...
  Running MAGIC on 1000 cells and 1073 genes.
  Calculating graph and diffusion operator...
    Calculating PCA...
    Calculated PCA in 0.05 seconds.
    Calculating KNN search...
    Calculated KNN search in 0.02 seconds.
    Calculating affinities...
    Calculated affinities in 0.03 seconds.
  Calculated graph and diffusion operator in 0.10 seconds.
  Calculating imputation...
  Calculated imputation in 0.08 seconds.
Calculated MAGIC in 0.18 seconds.
Calculating MAGIC...
  Running MAGIC on 1000 cells and 1073 genes.
  Calculating graph and diffusion operator...
    Calculating PCA...
    Calculated PCA in 0.05 seconds.
    Calculating KNN search...
    Calculated KNN search in 0.02 seconds.
    Calculating affinities...
    Calculated affinities in 0.04 seconds.
  Calculated graph and diffusion operator in 0.11 seconds.
  Calculating imputation...
  Calculated imputation in 0.12 seconds.
Calculated MAGIC in 0.23 seconds.
Calculating MAGIC...
  Running MAGIC on 1000 cells and 1073 genes.
  Calculating graph and diffusion operator...
    Calculating PCA...
    Calculated PCA in 0.07 seconds.
    Calculating KNN search...
    Calculated KNN search in 0.02 seconds.
    Calculating affinities...
    Calculated affinities in 0.04 seconds.
  Calculated graph and diffusion operator in 0.13 seconds.
  Calculating imputation...
  Calculated imputation in 0.12 seconds.
Calculated MAGIC in 0.25 seconds.
Calculating MAGIC...
  Running MAGIC on 1000 cells and 1073 genes.
  Calculating graph and diffusion operator...
    Calculating PCA...
    Calculated PCA in 0.06 seconds.
    Calculating KNN search...
    Calculated KNN search in 0.02 seconds.
    Calculating affinities...
    Calculated affinities in 0.04 seconds.
  Calculated graph and diffusion operator in 0.12 seconds.
  Calculating imputation...
  Calculated imputation in 0.11 seconds.
Calculated MAGIC in 0.24 seconds.
/mnt/nfs/home/marcin.malec.local/miniconda3/envs/magic311/lib/python3.11/site-packages/rds2py/PyRdsReader.py:105: RuntimeWarning: Unsupported R object type: other
  warn(f"Unsupported R object type: {rtype}", RuntimeWarning)

=== dataset_multibatch_dropout ===
  -> magic
Calculating MAGIC...
  Running MAGIC on 1000 cells and 1072 genes.
  Calculating graph and diffusion operator...
    Calculating PCA...
    Calculated PCA in 0.06 seconds.
    Calculating KNN search...
    Calculated KNN search in 0.02 seconds.
    Calculating affinities...
    Calculated affinities in 0.04 seconds.
  Calculated graph and diffusion operator in 0.13 seconds.
  Calculating imputation...
  Calculated imputation in 0.12 seconds.
Calculated MAGIC in 0.26 seconds.
Calculating MAGIC...
  Running MAGIC on 1000 cells and 1072 genes.
  Calculating graph and diffusion operator...
    Calculating PCA...
    Calculated PCA in 0.06 seconds.
    Calculating KNN search...
    Calculated KNN search in 0.02 seconds.
    Calculating affinities...
    Calculated affinities in 0.04 seconds.
  Calculated graph and diffusion operator in 0.12 seconds.
  Calculating imputation...
  Calculated imputation in 0.11 seconds.
Calculated MAGIC in 0.24 seconds.
Calculating MAGIC...
  Running MAGIC on 1000 cells and 1072 genes.
  Calculating graph and diffusion operator...
    Calculating PCA...
    Calculated PCA in 0.06 seconds.
    Calculating KNN search...
    Calculated KNN search in 0.02 seconds.
    Calculating affinities...
    Calculated affinities in 0.04 seconds.
  Calculated graph and diffusion operator in 0.12 seconds.
  Calculating imputation...
  Calculated imputation in 0.11 seconds.
Calculated MAGIC in 0.24 seconds.
Calculating MAGIC...
  Running MAGIC on 1000 cells and 1072 genes.
  Calculating graph and diffusion operator...
    Calculating PCA...
    Calculated PCA in 0.06 seconds.
    Calculating KNN search...
    Calculated KNN search in 0.02 seconds.
    Calculating affinities...
    Calculated affinities in 0.04 seconds.
  Calculated graph and diffusion operator in 0.13 seconds.
  Calculating imputation...
  Calculated imputation in 0.12 seconds.
Calculated MAGIC in 0.24 seconds.
Calculating MAGIC...
  Running MAGIC on 1000 cells and 1072 genes.
  Calculating graph and diffusion operator...
    Calculating PCA...
    Calculated PCA in 0.06 seconds.
    Calculating KNN search...
    Calculated KNN search in 0.02 seconds.
    Calculating affinities...
    Calculated affinities in 0.04 seconds.
  Calculated graph and diffusion operator in 0.12 seconds.
  Calculating imputation...
  Calculated imputation in 0.11 seconds.
Calculated MAGIC in 0.24 seconds.
Calculating MAGIC...
  Running MAGIC on 1000 cells and 1072 genes.
  Calculating graph and diffusion operator...
    Calculating PCA...
    Calculated PCA in 0.06 seconds.
    Calculating KNN search...
    Calculated KNN search in 0.02 seconds.
    Calculating affinities...
    Calculated affinities in 0.04 seconds.
  Calculated graph and diffusion operator in 0.12 seconds.
  Calculating imputation...
  Calculated imputation in 0.11 seconds.
Calculated MAGIC in 0.24 seconds.
Calculating MAGIC...
  Running MAGIC on 1000 cells and 1072 genes.
  Calculating graph and diffusion operator...
    Calculating PCA...
    Calculated PCA in 0.06 seconds.
    Calculating KNN search...
    Calculated KNN search in 0.02 seconds.
    Calculating affinities...
    Calculated affinities in 0.04 seconds.
  Calculated graph and diffusion operator in 0.12 seconds.
  Calculating imputation...
  Calculated imputation in 0.11 seconds.
Calculated MAGIC in 0.24 seconds.
Calculating MAGIC...
  Running MAGIC on 1000 cells and 1072 genes.
  Calculating graph and diffusion operator...
    Calculating PCA...
    Calculated PCA in 0.06 seconds.
    Calculating KNN search...
    Calculated KNN search in 0.02 seconds.
    Calculating affinities...
    Calculated affinities in 0.04 seconds.
  Calculated graph and diffusion operator in 0.12 seconds.
  Calculating imputation...
  Calculated imputation in 0.11 seconds.
Calculated MAGIC in 0.24 seconds.
Calculating MAGIC...
  Running MAGIC on 1000 cells and 1072 genes.
  Calculating graph and diffusion operator...
    Calculating PCA...
    Calculated PCA in 0.06 seconds.
    Calculating KNN search...
    Calculated KNN search in 0.02 seconds.
    Calculating affinities...
    Calculated affinities in 0.05 seconds.
  Calculated graph and diffusion operator in 0.13 seconds.
  Calculating imputation...
  Calculated imputation in 0.12 seconds.
Calculated MAGIC in 0.25 seconds.
Calculating MAGIC...
  Running MAGIC on 1000 cells and 1072 genes.
  Calculating graph and diffusion operator...
    Calculating PCA...
    Calculated PCA in 0.06 seconds.
    Calculating KNN search...
    Calculated KNN search in 0.02 seconds.
    Calculating affinities...
    Calculated affinities in 0.04 seconds.
  Calculated graph and diffusion operator in 0.12 seconds.
  Calculating imputation...
  Calculated imputation in 0.11 seconds.
Calculated MAGIC in 0.24 seconds.
Wrote results_imputation_py/magic/cells_1000/magic_mse_table.tsv
