Processing magic cells_75000...
/mnt/nfs/home/marcin.malec.local/miniconda3/envs/magic311/lib/python3.11/site-packages/rds2py/PyRdsReader.py:105: RuntimeWarning: Unsupported R object type: other
  warn(f"Unsupported R object type: {rtype}", RuntimeWarning)

=== dataset_2_types_equal ===
  -> magic
Calculating MAGIC...
  Running MAGIC on 75000 cells and 1098 genes.
  Calculating graph and diffusion operator...
    Calculating PCA...
    Calculated PCA in 4.43 seconds.
    Calculating KNN search...
    Calculated KNN search in 84.20 seconds.
    Calculating affinities...
    Calculated affinities in 91.67 seconds.
  Calculated graph and diffusion operator in 180.41 seconds.
  Calculating imputation...
  Calculated imputation in 8.18 seconds.
Calculated MAGIC in 188.63 seconds.
Calculating MAGIC...
  Running MAGIC on 75000 cells and 1098 genes.
  Calculating graph and diffusion operator...
    Calculating PCA...
    Calculated PCA in 5.76 seconds.
    Calculating KNN search...
    Calculated KNN search in 89.67 seconds.
    Calculating affinities...
    Calculated affinities in 91.97 seconds.
  Calculated graph and diffusion operator in 187.52 seconds.
  Calculating imputation...
  Calculated imputation in 8.17 seconds.
Calculated MAGIC in 195.72 seconds.
Calculating MAGIC...
  Running MAGIC on 75000 cells and 1098 genes.
  Calculating graph and diffusion operator...
    Calculating PCA...
    Calculated PCA in 5.78 seconds.
    Calculating KNN search...
    Calculated KNN search in 87.82 seconds.
    Calculating affinities...
    Calculated affinities in 64.56 seconds.
  Calculated graph and diffusion operator in 158.26 seconds.
  Calculating imputation...
  Calculated imputation in 7.43 seconds.
Calculated MAGIC in 165.72 seconds.
Calculating MAGIC...
  Running MAGIC on 75000 cells and 1098 genes.
  Calculating graph and diffusion operator...
    Calculating PCA...
    Calculated PCA in 4.33 seconds.
    Calculating KNN search...
    Calculated KNN search in 63.56 seconds.
    Calculating affinities...
    Calculated affinities in 75.99 seconds.
  Calculated graph and diffusion operator in 143.99 seconds.
  Calculating imputation...
  Calculated imputation in 8.09 seconds.
Calculated MAGIC in 152.12 seconds.
Calculating MAGIC...
  Running MAGIC on 75000 cells and 1098 genes.
  Calculating graph and diffusion operator...
    Calculating PCA...
    Calculated PCA in 5.78 seconds.
    Calculating KNN search...
    Calculated KNN search in 90.14 seconds.
    Calculating affinities...
    Calculated affinities in 91.29 seconds.
  Calculated graph and diffusion operator in 187.33 seconds.
  Calculating imputation...
  Calculated imputation in 8.29 seconds.
Calculated MAGIC in 195.65 seconds.
Calculating MAGIC...
  Running MAGIC on 75000 cells and 1098 genes.
  Calculating graph and diffusion operator...
    Calculating PCA...
    Calculated PCA in 5.73 seconds.
    Calculating KNN search...
    Calculated KNN search in 90.76 seconds.
    Calculating affinities...
    Calculated affinities in 91.05 seconds.
  Calculated graph and diffusion operator in 187.65 seconds.
  Calculating imputation...
  Calculated imputation in 8.11 seconds.
Calculated MAGIC in 195.80 seconds.
Calculating MAGIC...
  Running MAGIC on 75000 cells and 1098 genes.
  Calculating graph and diffusion operator...
    Calculating PCA...
    Calculated PCA in 5.79 seconds.
    Calculating KNN search...
    Calculated KNN search in 89.90 seconds.
    Calculating affinities...
    Calculated affinities in 91.59 seconds.
  Calculated graph and diffusion operator in 187.39 seconds.
  Calculating imputation...
  Calculated imputation in 8.12 seconds.
Calculated MAGIC in 195.54 seconds.
Calculating MAGIC...
  Running MAGIC on 75000 cells and 1098 genes.
  Calculating graph and diffusion operator...
    Calculating PCA...
    Calculated PCA in 5.20 seconds.
    Calculating KNN search...
    Calculated KNN search in 63.61 seconds.
    Calculating affinities...
    Calculated affinities in 64.52 seconds.
  Calculated graph and diffusion operator in 133.44 seconds.
  Calculating imputation...
  Calculated imputation in 7.66 seconds.
Calculated MAGIC in 141.14 seconds.
Calculating MAGIC...
  Running MAGIC on 75000 cells and 1098 genes.
  Calculating graph and diffusion operator...
    Calculating PCA...
    Calculated PCA in 4.32 seconds.
    Calculating KNN search...
    Calculated KNN search in 74.20 seconds.
    Calculating affinities...
    Calculated affinities in 92.00 seconds.
  Calculated graph and diffusion operator in 170.63 seconds.
  Calculating imputation...
  Calculated imputation in 8.15 seconds.
Calculated MAGIC in 178.82 seconds.
Calculating MAGIC...
  Running MAGIC on 75000 cells and 1098 genes.
  Calculating graph and diffusion operator...
    Calculating PCA...
    Calculated PCA in 5.85 seconds.
    Calculating KNN search...
    Calculated KNN search in 90.76 seconds.
    Calculating affinities...
    Calculated affinities in 91.99 seconds.
  Calculated graph and diffusion operator in 188.72 seconds.
  Calculating imputation...
  Calculated imputation in 8.44 seconds.
Calculated MAGIC in 197.19 seconds.
/mnt/nfs/home/marcin.malec.local/miniconda3/envs/magic311/lib/python3.11/site-packages/rds2py/PyRdsReader.py:105: RuntimeWarning: Unsupported R object type: other
  warn(f"Unsupported R object type: {rtype}", RuntimeWarning)

=== dataset_3_types_unequal ===
  -> magic
Calculating MAGIC...
  Running MAGIC on 75000 cells and 1099 genes.
  Calculating graph and diffusion operator...
    Calculating PCA...
    Calculated PCA in 5.84 seconds.
    Calculating KNN search...
    Calculated KNN search in 91.06 seconds.
    Calculating affinities...
    Calculated affinities in 92.86 seconds.
  Calculated graph and diffusion operator in 189.86 seconds.
  Calculating imputation...
  Calculated imputation in 8.35 seconds.
Calculated MAGIC in 198.25 seconds.
Calculating MAGIC...
  Running MAGIC on 75000 cells and 1099 genes.
  Calculating graph and diffusion operator...
    Calculating PCA...
    Calculated PCA in 5.71 seconds.
    Calculating KNN search...
    Calculated KNN search in 68.49 seconds.
    Calculating affinities...
    Calculated affinities in 64.54 seconds.
  Calculated graph and diffusion operator in 138.84 seconds.
  Calculating imputation...
  Calculated imputation in 7.49 seconds.
Calculated MAGIC in 146.37 seconds.
Calculating MAGIC...
  Running MAGIC on 75000 cells and 1099 genes.
  Calculating graph and diffusion operator...
    Calculating PCA...
    Calculated PCA in 4.28 seconds.
    Calculating KNN search...
    Calculated KNN search in 68.13 seconds.
    Calculating affinities...
    Calculated affinities in 91.16 seconds.
  Calculated graph and diffusion operator in 163.68 seconds.
  Calculating imputation...
  Calculated imputation in 8.29 seconds.
Calculated MAGIC in 172.01 seconds.
Calculating MAGIC...
  Running MAGIC on 75000 cells and 1099 genes.
  Calculating graph and diffusion operator...
    Calculating PCA...
    Calculated PCA in 5.75 seconds.
    Calculating KNN search...
    Calculated KNN search in 89.97 seconds.
    Calculating affinities...
    Calculated affinities in 91.00 seconds.
  Calculated graph and diffusion operator in 186.83 seconds.
  Calculating imputation...
  Calculated imputation in 8.26 seconds.
Calculated MAGIC in 195.13 seconds.
Calculating MAGIC...
  Running MAGIC on 75000 cells and 1099 genes.
  Calculating graph and diffusion operator...
    Calculating PCA...
    Calculated PCA in 5.75 seconds.
    Calculating KNN search...
    Calculated KNN search in 89.51 seconds.
    Calculating affinities...
    Calculated affinities in 91.49 seconds.
  Calculated graph and diffusion operator in 186.86 seconds.
  Calculating imputation...
  Calculated imputation in 8.16 seconds.
Calculated MAGIC in 195.05 seconds.
Calculating MAGIC...
  Running MAGIC on 75000 cells and 1099 genes.
  Calculating graph and diffusion operator...
    Calculating PCA...
    Calculated PCA in 5.77 seconds.
    Calculating KNN search...
    Calculated KNN search in 89.72 seconds.
    Calculating affinities...
    Calculated affinities in 91.27 seconds.
  Calculated graph and diffusion operator in 186.88 seconds.
  Calculating imputation...
  Calculated imputation in 8.22 seconds.
Calculated MAGIC in 195.14 seconds.
Calculating MAGIC...
  Running MAGIC on 75000 cells and 1099 genes.
  Calculating graph and diffusion operator...
    Calculating PCA...
    Calculated PCA in 5.69 seconds.
    Calculating KNN search...
    Calculated KNN search in 82.57 seconds.
    Calculating affinities...
    Calculated affinities in 64.58 seconds.
  Calculated graph and diffusion operator in 152.94 seconds.
  Calculating imputation...
  Calculated imputation in 7.44 seconds.
Calculated MAGIC in 160.42 seconds.
Calculating MAGIC...
  Running MAGIC on 75000 cells and 1099 genes.
  Calculating graph and diffusion operator...
    Calculating PCA...
    Calculated PCA in 4.28 seconds.
    Calculating KNN search...
    Calculated KNN search in 63.56 seconds.
    Calculating affinities...
    Calculated affinities in 82.04 seconds.
  Calculated graph and diffusion operator in 149.98 seconds.
  Calculating imputation...
  Calculated imputation in 8.13 seconds.
Calculated MAGIC in 158.14 seconds.
Calculating MAGIC...
  Running MAGIC on 75000 cells and 1099 genes.
  Calculating graph and diffusion operator...
    Calculating PCA...
    Calculated PCA in 5.71 seconds.
    Calculating KNN search...
    Calculated KNN search in 89.48 seconds.
    Calculating affinities...
    Calculated affinities in 90.76 seconds.
  Calculated graph and diffusion operator in 186.06 seconds.
  Calculating imputation...
  Calculated imputation in 8.13 seconds.
Calculated MAGIC in 194.23 seconds.
Calculating MAGIC...
  Running MAGIC on 75000 cells and 1099 genes.
  Calculating graph and diffusion operator...
    Calculating PCA...
    Calculated PCA in 5.67 seconds.
    Calculating KNN search...
    Calculated KNN search in 89.54 seconds.
    Calculating affinities...
    Calculated affinities in 90.58 seconds.
  Calculated graph and diffusion operator in 185.90 seconds.
  Calculating imputation...
  Calculated imputation in 8.18 seconds.
Calculated MAGIC in 194.12 seconds.
/mnt/nfs/home/marcin.malec.local/miniconda3/envs/magic311/lib/python3.11/site-packages/rds2py/PyRdsReader.py:105: RuntimeWarning: Unsupported R object type: other
  warn(f"Unsupported R object type: {rtype}", RuntimeWarning)

=== dataset_4_types_rare ===
  -> magic
Calculating MAGIC...
  Running MAGIC on 75000 cells and 1099 genes.
  Calculating graph and diffusion operator...
    Calculating PCA...
    Calculated PCA in 5.66 seconds.
    Calculating KNN search...
    Calculated KNN search in 89.63 seconds.
    Calculating affinities...
    Calculated affinities in 90.67 seconds.
  Calculated graph and diffusion operator in 186.08 seconds.
  Calculating imputation...
  Calculated imputation in 8.16 seconds.
Calculated MAGIC in 194.27 seconds.
Calculating MAGIC...
  Running MAGIC on 75000 cells and 1099 genes.
  Calculating graph and diffusion operator...
    Calculating PCA...
    Calculated PCA in 5.70 seconds.
    Calculating KNN search...
    Calculated KNN search in 64.30 seconds.
    Calculating affinities...
    Calculated affinities in 64.51 seconds.
  Calculated graph and diffusion operator in 134.61 seconds.
  Calculating imputation...
  Calculated imputation in 7.47 seconds.
Calculated MAGIC in 142.11 seconds.
Calculating MAGIC...
  Running MAGIC on 75000 cells and 1099 genes.
  Calculating graph and diffusion operator...
    Calculating PCA...
    Calculated PCA in 4.26 seconds.
    Calculating KNN search...
    Calculated KNN search in 71.91 seconds.
    Calculating affinities...
    Calculated affinities in 91.67 seconds.
  Calculated graph and diffusion operator in 167.95 seconds.
  Calculating imputation...
  Calculated imputation in 8.22 seconds.
Calculated MAGIC in 176.20 seconds.
Calculating MAGIC...
  Running MAGIC on 75000 cells and 1099 genes.
  Calculating graph and diffusion operator...
    Calculating PCA...
    Calculated PCA in 5.70 seconds.
    Calculating KNN search...
    Calculated KNN search in 89.92 seconds.
    Calculating affinities...
    Calculated affinities in 92.70 seconds.
  Calculated graph and diffusion operator in 188.43 seconds.
  Calculating imputation...
  Calculated imputation in 8.30 seconds.
Calculated MAGIC in 196.77 seconds.
Calculating MAGIC...
  Running MAGIC on 75000 cells and 1099 genes.
  Calculating graph and diffusion operator...
    Calculating PCA...
    Calculated PCA in 5.69 seconds.
    Calculating KNN search...
    Calculated KNN search in 89.88 seconds.
    Calculating affinities...
    Calculated affinities in 91.07 seconds.
  Calculated graph and diffusion operator in 186.76 seconds.
  Calculating imputation...
  Calculated imputation in 8.22 seconds.
Calculated MAGIC in 195.01 seconds.
Calculating MAGIC...
  Running MAGIC on 75000 cells and 1099 genes.
  Calculating graph and diffusion operator...
    Calculating PCA...
    Calculated PCA in 5.68 seconds.
    Calculating KNN search...
    Calculated KNN search in 89.85 seconds.
    Calculating affinities...
    Calculated affinities in 91.33 seconds.
  Calculated graph and diffusion operator in 186.96 seconds.
  Calculating imputation...
  Calculated imputation in 8.14 seconds.
Calculated MAGIC in 195.14 seconds.
Calculating MAGIC...
  Running MAGIC on 75000 cells and 1099 genes.
  Calculating graph and diffusion operator...
    Calculating PCA...
    Calculated PCA in 5.73 seconds.
    Calculating KNN search...
    Calculated KNN search in 90.43 seconds.
    Calculating affinities...
    Calculated affinities in 77.10 seconds.
  Calculated graph and diffusion operator in 173.36 seconds.
  Calculating imputation...
  Calculated imputation in 7.47 seconds.
Calculated MAGIC in 180.86 seconds.
Calculating MAGIC...
  Running MAGIC on 75000 cells and 1099 genes.
  Calculating graph and diffusion operator...
    Calculating PCA...
    Calculated PCA in 4.27 seconds.
    Calculating KNN search...
    Calculated KNN search in 63.54 seconds.
    Calculating affinities...
    Calculated affinities in 64.54 seconds.
  Calculated graph and diffusion operator in 132.45 seconds.
  Calculating imputation...
  Calculated imputation in 7.73 seconds.
Calculated MAGIC in 140.22 seconds.
Calculating MAGIC...
  Running MAGIC on 75000 cells and 1099 genes.
  Calculating graph and diffusion operator...
    Calculating PCA...
    Calculated PCA in 5.69 seconds.
    Calculating KNN search...
    Calculated KNN search in 89.36 seconds.
    Calculating affinities...
    Calculated affinities in 91.72 seconds.
  Calculated graph and diffusion operator in 186.89 seconds.
  Calculating imputation...
  Calculated imputation in 8.21 seconds.
Calculated MAGIC in 195.14 seconds.
Calculating MAGIC...
  Running MAGIC on 75000 cells and 1099 genes.
  Calculating graph and diffusion operator...
    Calculating PCA...
    Calculated PCA in 5.76 seconds.
    Calculating KNN search...
    Calculated KNN search in 90.07 seconds.
    Calculating affinities...
    Calculated affinities in 91.39 seconds.
  Calculated graph and diffusion operator in 187.33 seconds.
  Calculating imputation...
  Calculated imputation in 8.20 seconds.
Calculated MAGIC in 195.57 seconds.
/mnt/nfs/home/marcin.malec.local/miniconda3/envs/magic311/lib/python3.11/site-packages/rds2py/PyRdsReader.py:105: RuntimeWarning: Unsupported R object type: other
  warn(f"Unsupported R object type: {rtype}", RuntimeWarning)

=== dataset_multibatch_dropout ===
  -> magic
Calculating MAGIC...
  Running MAGIC on 75000 cells and 1099 genes.
  Calculating graph and diffusion operator...
    Calculating PCA...
    Calculated PCA in 5.79 seconds.
    Calculating KNN search...
    Calculated KNN search in 83.53 seconds.
    Calculating affinities...
    Calculated affinities in 64.81 seconds.
  Calculated graph and diffusion operator in 154.21 seconds.
  Calculating imputation...
  Calculated imputation in 6.76 seconds.
Calculated MAGIC in 161.01 seconds.
Calculating MAGIC...
  Running MAGIC on 75000 cells and 1099 genes.
  Calculating graph and diffusion operator...
    Calculating PCA...
    Calculated PCA in 4.37 seconds.
    Calculating KNN search...
    Calculated KNN search in 63.84 seconds.
    Calculating affinities...
    Calculated affinities in 81.29 seconds.
  Calculated graph and diffusion operator in 149.61 seconds.
  Calculating imputation...
  Calculated imputation in 7.58 seconds.
Calculated MAGIC in 157.23 seconds.
Calculating MAGIC...
  Running MAGIC on 75000 cells and 1099 genes.
  Calculating graph and diffusion operator...
    Calculating PCA...
    Calculated PCA in 5.93 seconds.
    Calculating KNN search...
    Calculated KNN search in 90.12 seconds.
    Calculating affinities...
    Calculated affinities in 90.99 seconds.
  Calculated graph and diffusion operator in 187.13 seconds.
  Calculating imputation...
  Calculated imputation in 7.54 seconds.
Calculated MAGIC in 194.70 seconds.
Calculating MAGIC...
  Running MAGIC on 75000 cells and 1099 genes.
  Calculating graph and diffusion operator...
    Calculating PCA...
    Calculated PCA in 5.72 seconds.
    Calculating KNN search...
    Calculated KNN search in 89.90 seconds.
    Calculating affinities...
    Calculated affinities in 91.15 seconds.
  Calculated graph and diffusion operator in 186.87 seconds.
  Calculating imputation...
  Calculated imputation in 7.53 seconds.
Calculated MAGIC in 194.43 seconds.
Calculating MAGIC...
  Running MAGIC on 75000 cells and 1099 genes.
  Calculating graph and diffusion operator...
    Calculating PCA...
    Calculated PCA in 5.77 seconds.
    Calculating KNN search...
    Calculated KNN search in 89.64 seconds.
    Calculating affinities...
    Calculated affinities in 91.19 seconds.
  Calculated graph and diffusion operator in 186.69 seconds.
  Calculating imputation...
  Calculated imputation in 6.91 seconds.
Calculated MAGIC in 193.63 seconds.
Calculating MAGIC...
  Running MAGIC on 75000 cells and 1099 genes.
  Calculating graph and diffusion operator...
    Calculating PCA...
    Calculated PCA in 4.39 seconds.
    Calculating KNN search...
    Calculated KNN search in 63.91 seconds.
    Calculating affinities...
    Calculated affinities in 64.82 seconds.
  Calculated graph and diffusion operator in 133.21 seconds.
  Calculating imputation...
  Calculated imputation in 6.70 seconds.
Calculated MAGIC in 139.95 seconds.
Calculating MAGIC...
  Running MAGIC on 75000 cells and 1099 genes.
  Calculating graph and diffusion operator...
    Calculating PCA...
    Calculated PCA in 4.44 seconds.
    Calculating KNN search...
    Calculated KNN search in 78.60 seconds.
    Calculating affinities...
    Calculated affinities in 90.82 seconds.
  Calculated graph and diffusion operator in 173.97 seconds.
  Calculating imputation...
  Calculated imputation in 7.66 seconds.
Calculated MAGIC in 181.66 seconds.
Calculating MAGIC...
  Running MAGIC on 75000 cells and 1099 genes.
  Calculating graph and diffusion operator...
    Calculating PCA...
    Calculated PCA in 5.73 seconds.
    Calculating KNN search...
