Processing magic cells_25000...
/mnt/nfs/home/marcin.malec.local/miniconda3/envs/magic311/lib/python3.11/site-packages/rds2py/PyRdsReader.py:105: RuntimeWarning: Unsupported R object type: other
  warn(f"Unsupported R object type: {rtype}", RuntimeWarning)

=== dataset_2_types_equal ===
  -> magic
Calculating MAGIC...
  Running MAGIC on 25000 cells and 1097 genes.
  Calculating graph and diffusion operator...
    Calculating PCA...
    Calculated PCA in 1.89 seconds.
    Calculating KNN search...
    Calculated KNN search in 7.19 seconds.
    Calculating affinities...
    Calculated affinities in 9.41 seconds.
  Calculated graph and diffusion operator in 18.52 seconds.
  Calculating imputation...
  Calculated imputation in 2.32 seconds.
Calculated MAGIC in 20.85 seconds.
Calculating MAGIC...
  Running MAGIC on 25000 cells and 1097 genes.
  Calculating graph and diffusion operator...
    Calculating PCA...
    Calculated PCA in 1.35 seconds.
    Calculating KNN search...
    Calculated KNN search in 8.57 seconds.
    Calculating affinities...
    Calculated affinities in 7.54 seconds.
  Calculated graph and diffusion operator in 17.49 seconds.
  Calculating imputation...
  Calculated imputation in 2.30 seconds.
Calculated MAGIC in 19.80 seconds.
Calculating MAGIC...
  Running MAGIC on 25000 cells and 1097 genes.
  Calculating graph and diffusion operator...
    Calculating PCA...
    Calculated PCA in 1.84 seconds.
    Calculating KNN search...
    Calculated KNN search in 7.31 seconds.
    Calculating affinities...
    Calculated affinities in 9.29 seconds.
  Calculated graph and diffusion operator in 18.48 seconds.
  Calculating imputation...
  Calculated imputation in 2.41 seconds.
Calculated MAGIC in 20.90 seconds.
Calculating MAGIC...
  Running MAGIC on 25000 cells and 1097 genes.
  Calculating graph and diffusion operator...
    Calculating PCA...
    Calculated PCA in 1.36 seconds.
    Calculating KNN search...
    Calculated KNN search in 8.80 seconds.
    Calculating affinities...
    Calculated affinities in 7.52 seconds.
  Calculated graph and diffusion operator in 17.71 seconds.
  Calculating imputation...
  Calculated imputation in 2.13 seconds.
Calculated MAGIC in 19.85 seconds.
Calculating MAGIC...
  Running MAGIC on 25000 cells and 1097 genes.
  Calculating graph and diffusion operator...
    Calculating PCA...
    Calculated PCA in 1.84 seconds.
    Calculating KNN search...
    Calculated KNN search in 8.19 seconds.
    Calculating affinities...
    Calculated affinities in 9.19 seconds.
  Calculated graph and diffusion operator in 19.25 seconds.
  Calculating imputation...
  Calculated imputation in 2.39 seconds.
Calculated MAGIC in 21.65 seconds.
Calculating MAGIC...
  Running MAGIC on 25000 cells and 1097 genes.
  Calculating graph and diffusion operator...
    Calculating PCA...
    Calculated PCA in 1.39 seconds.
    Calculating KNN search...
    Calculated KNN search in 8.41 seconds.
    Calculating affinities...
    Calculated affinities in 7.71 seconds.
  Calculated graph and diffusion operator in 17.53 seconds.
  Calculating imputation...
  Calculated imputation in 2.21 seconds.
Calculated MAGIC in 19.76 seconds.
Calculating MAGIC...
  Running MAGIC on 25000 cells and 1097 genes.
  Calculating graph and diffusion operator...
    Calculating PCA...
    Calculated PCA in 1.92 seconds.
    Calculating KNN search...
    Calculated KNN search in 7.55 seconds.
    Calculating affinities...
    Calculated affinities in 9.35 seconds.
  Calculated graph and diffusion operator in 18.84 seconds.
  Calculating imputation...
  Calculated imputation in 2.25 seconds.
Calculated MAGIC in 21.10 seconds.
Calculating MAGIC...
  Running MAGIC on 25000 cells and 1097 genes.
  Calculating graph and diffusion operator...
    Calculating PCA...
    Calculated PCA in 1.39 seconds.
    Calculating KNN search...
    Calculated KNN search in 8.35 seconds.
    Calculating affinities...
    Calculated affinities in 7.52 seconds.
  Calculated graph and diffusion operator in 17.29 seconds.
  Calculating imputation...
  Calculated imputation in 2.29 seconds.
Calculated MAGIC in 19.59 seconds.
Calculating MAGIC...
  Running MAGIC on 25000 cells and 1097 genes.
  Calculating graph and diffusion operator...
    Calculating PCA...
    Calculated PCA in 1.84 seconds.
    Calculating KNN search...
    Calculated KNN search in 7.50 seconds.
    Calculating affinities...
    Calculated affinities in 8.82 seconds.
  Calculated graph and diffusion operator in 18.19 seconds.
  Calculating imputation...
  Calculated imputation in 2.32 seconds.
Calculated MAGIC in 20.52 seconds.
Calculating MAGIC...
  Running MAGIC on 25000 cells and 1097 genes.
  Calculating graph and diffusion operator...
    Calculating PCA...
    Calculated PCA in 1.33 seconds.
    Calculating KNN search...
    Calculated KNN search in 8.92 seconds.
    Calculating affinities...
    Calculated affinities in 7.52 seconds.
  Calculated graph and diffusion operator in 17.79 seconds.
  Calculating imputation...
  Calculated imputation in 2.43 seconds.
Calculated MAGIC in 20.23 seconds.
/mnt/nfs/home/marcin.malec.local/miniconda3/envs/magic311/lib/python3.11/site-packages/rds2py/PyRdsReader.py:105: RuntimeWarning: Unsupported R object type: other
  warn(f"Unsupported R object type: {rtype}", RuntimeWarning)

=== dataset_3_types_unequal ===
  -> magic
Calculating MAGIC...
  Running MAGIC on 25000 cells and 1098 genes.
  Calculating graph and diffusion operator...
    Calculating PCA...
    Calculated PCA in 1.80 seconds.
    Calculating KNN search...
    Calculated KNN search in 8.10 seconds.
    Calculating affinities...
    Calculated affinities in 8.99 seconds.
  Calculated graph and diffusion operator in 18.92 seconds.
  Calculating imputation...
  Calculated imputation in 2.30 seconds.
Calculated MAGIC in 21.24 seconds.
Calculating MAGIC...
  Running MAGIC on 25000 cells and 1098 genes.
  Calculating graph and diffusion operator...
    Calculating PCA...
    Calculated PCA in 1.38 seconds.
    Calculating KNN search...
    Calculated KNN search in 7.97 seconds.
    Calculating affinities...
    Calculated affinities in 9.70 seconds.
  Calculated graph and diffusion operator in 19.08 seconds.
  Calculating imputation...
  Calculated imputation in 2.14 seconds.
Calculated MAGIC in 21.23 seconds.
Calculating MAGIC...
  Running MAGIC on 25000 cells and 1098 genes.
  Calculating graph and diffusion operator...
    Calculating PCA...
    Calculated PCA in 1.31 seconds.
    Calculating KNN search...
    Calculated KNN search in 8.97 seconds.
    Calculating affinities...
    Calculated affinities in 7.43 seconds.
  Calculated graph and diffusion operator in 17.75 seconds.
  Calculating imputation...
  Calculated imputation in 2.35 seconds.
Calculated MAGIC in 20.10 seconds.
Calculating MAGIC...
  Running MAGIC on 25000 cells and 1098 genes.
  Calculating graph and diffusion operator...
    Calculating PCA...
    Calculated PCA in 1.85 seconds.
    Calculating KNN search...
    Calculated KNN search in 8.03 seconds.
    Calculating affinities...
    Calculated affinities in 9.67 seconds.
  Calculated graph and diffusion operator in 19.59 seconds.
  Calculating imputation...
  Calculated imputation in 2.22 seconds.
Calculated MAGIC in 21.82 seconds.
Calculating MAGIC...
  Running MAGIC on 25000 cells and 1098 genes.
  Calculating graph and diffusion operator...
    Calculating PCA...
    Calculated PCA in 1.33 seconds.
    Calculating KNN search...
    Calculated KNN search in 8.02 seconds.
    Calculating affinities...
    Calculated affinities in 7.99 seconds.
  Calculated graph and diffusion operator in 17.37 seconds.
  Calculating imputation...
  Calculated imputation in 2.31 seconds.
Calculated MAGIC in 19.70 seconds.
Calculating MAGIC...
  Running MAGIC on 25000 cells and 1098 genes.
  Calculating graph and diffusion operator...
    Calculating PCA...
    Calculated PCA in 1.82 seconds.
    Calculating KNN search...
    Calculated KNN search in 7.63 seconds.
    Calculating affinities...
    Calculated affinities in 9.11 seconds.
  Calculated graph and diffusion operator in 18.59 seconds.
  Calculating imputation...
  Calculated imputation in 2.13 seconds.
Calculated MAGIC in 20.74 seconds.
Calculating MAGIC...
  Running MAGIC on 25000 cells and 1098 genes.
  Calculating graph and diffusion operator...
    Calculating PCA...
    Calculated PCA in 1.30 seconds.
    Calculating KNN search...
    Calculated KNN search in 8.24 seconds.
    Calculating affinities...
    Calculated affinities in 8.48 seconds.
  Calculated graph and diffusion operator in 18.05 seconds.
  Calculating imputation...
  Calculated imputation in 2.17 seconds.
Calculated MAGIC in 20.23 seconds.
Calculating MAGIC...
  Running MAGIC on 25000 cells and 1098 genes.
  Calculating graph and diffusion operator...
    Calculating PCA...
    Calculated PCA in 1.31 seconds.
    Calculating KNN search...
    Calculated KNN search in 8.68 seconds.
    Calculating affinities...
    Calculated affinities in 10.47 seconds.
  Calculated graph and diffusion operator in 20.48 seconds.
  Calculating imputation...
  Calculated imputation in 2.46 seconds.
Calculated MAGIC in 22.96 seconds.
Calculating MAGIC...
  Running MAGIC on 25000 cells and 1098 genes.
  Calculating graph and diffusion operator...
    Calculating PCA...
    Calculated PCA in 1.82 seconds.
    Calculating KNN search...
    Calculated KNN search in 10.09 seconds.
    Calculating affinities...
    Calculated affinities in 10.54 seconds.
  Calculated graph and diffusion operator in 22.48 seconds.
  Calculating imputation...
  Calculated imputation in 2.44 seconds.
Calculated MAGIC in 24.93 seconds.
Calculating MAGIC...
  Running MAGIC on 25000 cells and 1098 genes.
  Calculating graph and diffusion operator...
    Calculating PCA...
    Calculated PCA in 1.80 seconds.
    Calculating KNN search...
    Calculated KNN search in 10.12 seconds.
    Calculating affinities...
    Calculated affinities in 7.98 seconds.
  Calculated graph and diffusion operator in 19.92 seconds.
  Calculating imputation...
  Calculated imputation in 2.14 seconds.
Calculated MAGIC in 22.08 seconds.
/mnt/nfs/home/marcin.malec.local/miniconda3/envs/magic311/lib/python3.11/site-packages/rds2py/PyRdsReader.py:105: RuntimeWarning: Unsupported R object type: other
  warn(f"Unsupported R object type: {rtype}", RuntimeWarning)

=== dataset_4_types_rare ===
  -> magic
Calculating MAGIC...
  Running MAGIC on 25000 cells and 1099 genes.
  Calculating graph and diffusion operator...
    Calculating PCA...
    Calculated PCA in 1.80 seconds.
    Calculating KNN search...
    Calculated KNN search in 9.97 seconds.
    Calculating affinities...
    Calculated affinities in 10.34 seconds.
  Calculated graph and diffusion operator in 22.15 seconds.
  Calculating imputation...
  Calculated imputation in 2.49 seconds.
Calculated MAGIC in 24.65 seconds.
Calculating MAGIC...
  Running MAGIC on 25000 cells and 1099 genes.
  Calculating graph and diffusion operator...
    Calculating PCA...
    Calculated PCA in 1.87 seconds.
    Calculating KNN search...
    Calculated KNN search in 9.98 seconds.
    Calculating affinities...
    Calculated affinities in 8.36 seconds.
  Calculated graph and diffusion operator in 20.24 seconds.
  Calculating imputation...
  Calculated imputation in 2.14 seconds.
Calculated MAGIC in 22.39 seconds.
Calculating MAGIC...
  Running MAGIC on 25000 cells and 1099 genes.
  Calculating graph and diffusion operator...
    Calculating PCA...
    Calculated PCA in 1.31 seconds.
    Calculating KNN search...
    Calculated KNN search in 7.12 seconds.
    Calculating affinities...
    Calculated affinities in 9.90 seconds.
  Calculated graph and diffusion operator in 18.36 seconds.
  Calculating imputation...
  Calculated imputation in 2.41 seconds.
Calculated MAGIC in 20.79 seconds.
Calculating MAGIC...
  Running MAGIC on 25000 cells and 1099 genes.
  Calculating graph and diffusion operator...
    Calculating PCA...
    Calculated PCA in 1.81 seconds.
    Calculating KNN search...
    Calculated KNN search in 10.14 seconds.
    Calculating affinities...
    Calculated affinities in 10.56 seconds.
  Calculated graph and diffusion operator in 22.54 seconds.
  Calculating imputation...
  Calculated imputation in 2.42 seconds.
Calculated MAGIC in 24.97 seconds.
Calculating MAGIC...
  Running MAGIC on 25000 cells and 1099 genes.
  Calculating graph and diffusion operator...
    Calculating PCA...
    Calculated PCA in 1.80 seconds.
    Calculating KNN search...
    Calculated KNN search in 9.94 seconds.
    Calculating affinities...
    Calculated affinities in 8.67 seconds.
  Calculated graph and diffusion operator in 20.44 seconds.
  Calculating imputation...
  Calculated imputation in 2.12 seconds.
Calculated MAGIC in 22.57 seconds.
Calculating MAGIC...
  Running MAGIC on 25000 cells and 1099 genes.
  Calculating graph and diffusion operator...
    Calculating PCA...
    Calculated PCA in 1.31 seconds.
    Calculating KNN search...
    Calculated KNN search in 7.12 seconds.
    Calculating affinities...
    Calculated affinities in 9.38 seconds.
  Calculated graph and diffusion operator in 17.85 seconds.
  Calculating imputation...
  Calculated imputation in 2.44 seconds.
Calculated MAGIC in 20.30 seconds.
Calculating MAGIC...
  Running MAGIC on 25000 cells and 1099 genes.
  Calculating graph and diffusion operator...
    Calculating PCA...
    Calculated PCA in 1.81 seconds.
    Calculating KNN search...
    Calculated KNN search in 10.07 seconds.
    Calculating affinities...
    Calculated affinities in 10.43 seconds.
  Calculated graph and diffusion operator in 22.34 seconds.
  Calculating imputation...
  Calculated imputation in 2.44 seconds.
Calculated MAGIC in 24.79 seconds.
Calculating MAGIC...
  Running MAGIC on 25000 cells and 1099 genes.
  Calculating graph and diffusion operator...
    Calculating PCA...
    Calculated PCA in 1.82 seconds.
    Calculating KNN search...
    Calculated KNN search in 10.15 seconds.
    Calculating affinities...
    Calculated affinities in 10.44 seconds.
  Calculated graph and diffusion operator in 22.44 seconds.
  Calculating imputation...
  Calculated imputation in 2.19 seconds.
Calculated MAGIC in 24.64 seconds.
Calculating MAGIC...
  Running MAGIC on 25000 cells and 1099 genes.
  Calculating graph and diffusion operator...
    Calculating PCA...
    Calculated PCA in 1.31 seconds.
    Calculating KNN search...
    Calculated KNN search in 7.11 seconds.
    Calculating affinities...
    Calculated affinities in 7.40 seconds.
  Calculated graph and diffusion operator in 15.84 seconds.
  Calculating imputation...
  Calculated imputation in 2.38 seconds.
Calculated MAGIC in 18.23 seconds.
Calculating MAGIC...
  Running MAGIC on 25000 cells and 1099 genes.
  Calculating graph and diffusion operator...
    Calculating PCA...
    Calculated PCA in 1.80 seconds.
    Calculating KNN search...
    Calculated KNN search in 9.98 seconds.
    Calculating affinities...
    Calculated affinities in 11.48 seconds.
  Calculated graph and diffusion operator in 23.29 seconds.
  Calculating imputation...
  Calculated imputation in 2.38 seconds.
Calculated MAGIC in 25.69 seconds.
/mnt/nfs/home/marcin.malec.local/miniconda3/envs/magic311/lib/python3.11/site-packages/rds2py/PyRdsReader.py:105: RuntimeWarning: Unsupported R object type: other
  warn(f"Unsupported R object type: {rtype}", RuntimeWarning)

=== dataset_multibatch_dropout ===
  -> magic
Calculating MAGIC...
  Running MAGIC on 25000 cells and 1098 genes.
  Calculating graph and diffusion operator...
    Calculating PCA...
    Calculated PCA in 1.31 seconds.
    Calculating KNN search...
    Calculated KNN search in 8.75 seconds.
    Calculating affinities...
    Calculated affinities in 10.73 seconds.
  Calculated graph and diffusion operator in 20.83 seconds.
  Calculating imputation...
  Calculated imputation in 2.04 seconds.
Calculated MAGIC in 22.88 seconds.
Calculating MAGIC...
  Running MAGIC on 25000 cells and 1098 genes.
  Calculating graph and diffusion operator...
    Calculating PCA...
    Calculated PCA in 1.80 seconds.
    Calculating KNN search...
    Calculated KNN search in 10.52 seconds.
    Calculating affinities...
    Calculated affinities in 10.74 seconds.
  Calculated graph and diffusion operator in 23.09 seconds.
  Calculating imputation...
  Calculated imputation in 2.06 seconds.
Calculated MAGIC in 25.16 seconds.
Calculating MAGIC...
  Running MAGIC on 25000 cells and 1098 genes.
  Calculating graph and diffusion operator...
    Calculating PCA...
    Calculated PCA in 1.81 seconds.
    Calculating KNN search...
    Calculated KNN search in 8.93 seconds.
    Calculating affinities...
    Calculated affinities in 7.52 seconds.
  Calculated graph and diffusion operator in 18.28 seconds.
  Calculating imputation...
  Calculated imputation in 1.68 seconds.
Calculated MAGIC in 19.97 seconds.
Calculating MAGIC...
  Running MAGIC on 25000 cells and 1098 genes.
  Calculating graph and diffusion operator...
    Calculating PCA...
    Calculated PCA in 1.31 seconds.
    Calculating KNN search...
    Calculated KNN search in 8.42 seconds.
    Calculating affinities...
    Calculated affinities in 10.50 seconds.
  Calculated graph and diffusion operator in 20.25 seconds.
  Calculating imputation...
  Calculated imputation in 2.14 seconds.
Calculated MAGIC in 22.40 seconds.
Calculating MAGIC...
  Running MAGIC on 25000 cells and 1098 genes.
  Calculating graph and diffusion operator...
    Calculating PCA...
    Calculated PCA in 1.81 seconds.
    Calculating KNN search...
    Calculated KNN search in 10.11 seconds.
    Calculating affinities...
    Calculated affinities in 11.05 seconds.
  Calculated graph and diffusion operator in 23.00 seconds.
  Calculating imputation...
  Calculated imputation in 2.13 seconds.
Calculated MAGIC in 25.14 seconds.
Calculating MAGIC...
  Running MAGIC on 25000 cells and 1098 genes.
  Calculating graph and diffusion operator...
    Calculating PCA...
    Calculated PCA in 1.86 seconds.
    Calculating KNN search...
    Calculated KNN search in 10.11 seconds.
    Calculating affinities...
    Calculated affinities in 10.41 seconds.
  Calculated graph and diffusion operator in 22.40 seconds.
  Calculating imputation...
  Calculated imputation in 1.74 seconds.
Calculated MAGIC in 24.15 seconds.
Calculating MAGIC...
  Running MAGIC on 25000 cells and 1098 genes.
  Calculating graph and diffusion operator...
    Calculating PCA...
    Calculated PCA in 1.29 seconds.
    Calculating KNN search...
    Calculated KNN search in 7.21 seconds.
    Calculating affinities...
    Calculated affinities in 8.15 seconds.
  Calculated graph and diffusion operator in 16.68 seconds.
  Calculating imputation...
  Calculated imputation in 2.10 seconds.
Calculated MAGIC in 18.79 seconds.
Calculating MAGIC...
  Running MAGIC on 25000 cells and 1098 genes.
  Calculating graph and diffusion operator...
    Calculating PCA...
    Calculated PCA in 1.85 seconds.
    Calculating KNN search...
    Calculated KNN search in 10.22 seconds.
    Calculating affinities...
    Calculated affinities in 10.67 seconds.
  Calculated graph and diffusion operator in 22.76 seconds.
  Calculating imputation...
  Calculated imputation in 2.01 seconds.
Calculated MAGIC in 24.79 seconds.
Calculating MAGIC...
  Running MAGIC on 25000 cells and 1098 genes.
  Calculating graph and diffusion operator...
    Calculating PCA...
    Calculated PCA in 1.78 seconds.
    Calculating KNN search...
    Calculated KNN search in 10.15 seconds.
    Calculating affinities...
    Calculated affinities in 10.60 seconds.
  Calculated graph and diffusion operator in 22.55 seconds.
  Calculating imputation...
  Calculated imputation in 2.02 seconds.
Calculated MAGIC in 24.58 seconds.
Calculating MAGIC...
  Running MAGIC on 25000 cells and 1098 genes.
  Calculating graph and diffusion operator...
    Calculating PCA...
    Calculated PCA in 1.78 seconds.
    Calculating KNN search...
    Calculated KNN search in 9.77 seconds.
    Calculating affinities...
    Calculated affinities in 7.49 seconds.
  Calculated graph and diffusion operator in 19.07 seconds.
  Calculating imputation...
  Calculated imputation in 1.67 seconds.
Calculated MAGIC in 20.75 seconds.
Wrote results_imputation_py/magic/cells_25000/magic_mse_table.tsv
