Processing saver cells_20000...

=== dataset_2_types_equal ===
Running SAVER x5...
1096 genes, 20000 cells
Running SAVER with 1 worker(s)
Calculating predictions for 1096 genes using 980 genes and 20000 cells...
Start time: 2026-01-27 05:02:04.311715
Estimating finish time...
Finished 8/1096 genes. Approximate finish time: 2026-01-27 05:28:00.590651
Calculating max cor cutoff...
Finished 100/1096 genes. Approximate finish time: 2026-01-27 05:39:48.316754
Calculating lambda coefficients...
Finished 212/1096 genes. Approximate finish time: 2026-01-27 05:40:25.236953
Predicting remaining genes...
Finished 433/1096 genes. Approximate finish time: 2026-01-27 05:54:09.893716
Predicting remaining genes...
Done!
Finish time: 2026-01-27 05:54:49.922245
Total time: 52.76017 mins
  [saver] Saved imputed matrix to results_imputation_r/saver/cells_20000/dataset_2_types_equal_saver.rds
1096 genes, 20000 cells
Running SAVER with 1 worker(s)
Calculating predictions for 1096 genes using 980 genes and 20000 cells...
Start time: 2026-01-27 05:54:59.217113
Estimating finish time...
Finished 8/1096 genes. Approximate finish time: 2026-01-27 06:21:29.451421
Calculating max cor cutoff...
Finished 100/1096 genes. Approximate finish time: 2026-01-27 06:28:45.29477
Calculating lambda coefficients...
Finished 206/1096 genes. Approximate finish time: 2026-01-27 06:29:01.734137
Predicting remaining genes...
Finished 429/1096 genes. Approximate finish time: 2026-01-27 06:44:04.285349
Predicting remaining genes...
Done!
Finish time: 2026-01-27 06:44:00.901757
Total time: 49.02807 mins
1096 genes, 20000 cells
Running SAVER with 1 worker(s)
Calculating predictions for 1096 genes using 980 genes and 20000 cells...
Start time: 2026-01-27 06:44:06.277474
Estimating finish time...
Finished 8/1096 genes. Approximate finish time: 2026-01-27 07:11:36.290106
Calculating max cor cutoff...
Finished 100/1096 genes. Approximate finish time: 2026-01-27 07:21:49.227607
Calculating lambda coefficients...
Finished 206/1096 genes. Approximate finish time: 2026-01-27 07:21:13.092043
Predicting remaining genes...
Finished 429/1096 genes. Approximate finish time: 2026-01-27 07:35:59.617299
Predicting remaining genes...
Done!
Finish time: 2026-01-27 07:35:50.316558
Total time: 51.73398 mins
1096 genes, 20000 cells
Running SAVER with 1 worker(s)
Calculating predictions for 1096 genes using 980 genes and 20000 cells...
Start time: 2026-01-27 07:35:55.449162
Estimating finish time...
Finished 8/1096 genes. Approximate finish time: 2026-01-27 08:02:25.855167
Calculating max cor cutoff...
Finished 100/1096 genes. Approximate finish time: 2026-01-27 08:12:24.255623
Calculating lambda coefficients...
Finished 206/1096 genes. Approximate finish time: 2026-01-27 08:12:31.524072
Predicting remaining genes...
Finished 429/1096 genes. Approximate finish time: 2026-01-27 08:27:43.65353
Predicting remaining genes...
Done!
Finish time: 2026-01-27 08:27:32.128538
Total time: 51.61132 mins
1096 genes, 20000 cells
Running SAVER with 1 worker(s)
Calculating predictions for 1096 genes using 980 genes and 20000 cells...
Start time: 2026-01-27 08:27:37.244222
Estimating finish time...
Finished 8/1096 genes. Approximate finish time: 2026-01-27 08:52:38.618062
Calculating max cor cutoff...
Finished 100/1096 genes. Approximate finish time: 2026-01-27 09:01:58.495049
Calculating lambda coefficients...
Finished 206/1096 genes. Approximate finish time: 2026-01-27 09:01:53.107941
Predicting remaining genes...
Finished 429/1096 genes. Approximate finish time: 2026-01-27 09:16:43.967409
Predicting remaining genes...
Done!
Finish time: 2026-01-27 09:16:39.526793
Total time: 49.03804 mins

=== dataset_3_types_unequal ===
Running SAVER x5...
1094 genes, 20000 cells
Running SAVER with 1 worker(s)
Calculating predictions for 1094 genes using 986 genes and 20000 cells...
Start time: 2026-01-27 09:16:52.998672
Estimating finish time...
Finished 8/1094 genes. Approximate finish time: 2026-01-27 09:42:04.389033
Calculating max cor cutoff...
Finished 100/1094 genes. Approximate finish time: 2026-01-27 09:51:40.264133
Calculating lambda coefficients...
Finished 210/1094 genes. Approximate finish time: 2026-01-27 09:49:04.479472
Predicting remaining genes...
Finished 431/1094 genes. Approximate finish time: 2026-01-27 09:59:25.488771
Predicting remaining genes...
Done!
Finish time: 2026-01-27 09:59:46.559791
Total time: 42.89268 mins
  [saver] Saved imputed matrix to results_imputation_r/saver/cells_20000/dataset_3_types_unequal_saver.rds
1094 genes, 20000 cells
Running SAVER with 1 worker(s)
Calculating predictions for 1094 genes using 986 genes and 20000 cells...
Start time: 2026-01-27 09:59:56.274576
Estimating finish time...
Finished 8/1094 genes. Approximate finish time: 2026-01-27 10:24:16.256048
Calculating max cor cutoff...
Finished 100/1094 genes. Approximate finish time: 2026-01-27 10:29:57.024054
Calculating lambda coefficients...
Finished 204/1094 genes. Approximate finish time: 2026-01-27 10:29:48.77014
Predicting remaining genes...
Finished 427/1094 genes. Approximate finish time: 2026-01-27 10:42:50.288339
Predicting remaining genes...
Done!
Finish time: 2026-01-27 10:42:53.016178
Total time: 42.94569 mins
1094 genes, 20000 cells
Running SAVER with 1 worker(s)
Calculating predictions for 1094 genes using 986 genes and 20000 cells...
Start time: 2026-01-27 10:42:58.516952
Estimating finish time...
Finished 8/1094 genes. Approximate finish time: 2026-01-27 11:12:49.620313
Calculating max cor cutoff...
Finished 100/1094 genes. Approximate finish time: 2026-01-27 11:12:51.169726
Calculating lambda coefficients...
Finished 213/1094 genes. Approximate finish time: 2026-01-27 11:12:09.280593
Predicting remaining genes...
Finished 434/1094 genes. Approximate finish time: 2026-01-27 11:24:42.835995
Predicting remaining genes...
Done!
Finish time: 2026-01-27 11:23:45.892953
Total time: 40.7896 mins
1094 genes, 20000 cells
Running SAVER with 1 worker(s)
Calculating predictions for 1094 genes using 986 genes and 20000 cells...
Start time: 2026-01-27 11:23:51.304346
Estimating finish time...
Finished 8/1094 genes. Approximate finish time: 2026-01-27 11:47:45.436446
Calculating max cor cutoff...
Finished 100/1094 genes. Approximate finish time: 2026-01-27 11:52:38.796259
Calculating lambda coefficients...
Finished 210/1094 genes. Approximate finish time: 2026-01-27 11:52:29.00492
Predicting remaining genes...
Finished 431/1094 genes. Approximate finish time: 2026-01-27 12:03:49.452339
Predicting remaining genes...
Done!
Finish time: 2026-01-27 12:04:01.497232
Total time: 40.16988 mins
1094 genes, 20000 cells
Running SAVER with 1 worker(s)
Calculating predictions for 1094 genes using 986 genes and 20000 cells...
Start time: 2026-01-27 12:04:06.522267
Estimating finish time...
Finished 8/1094 genes. Approximate finish time: 2026-01-27 12:27:18.408757
Calculating max cor cutoff...
Finished 100/1094 genes. Approximate finish time: 2026-01-27 12:33:37.150454
Calculating lambda coefficients...
Finished 204/1094 genes. Approximate finish time: 2026-01-27 12:31:39.700267
Predicting remaining genes...
Finished 427/1094 genes. Approximate finish time: 2026-01-27 12:41:33.973409
Predicting remaining genes...
Done!
Finish time: 2026-01-27 12:41:35.399412
Total time: 37.48128 mins

=== dataset_4_types_rare ===
Running SAVER x5...
1095 genes, 20000 cells
Running SAVER with 1 worker(s)
Calculating predictions for 1095 genes using 1002 genes and 20000 cells...
Start time: 2026-01-27 12:41:47.25544
Estimating finish time...
Finished 8/1095 genes. Approximate finish time: 2026-01-27 13:14:32.917264
Calculating max cor cutoff...
Finished 100/1095 genes. Approximate finish time: 2026-01-27 13:06:13.356723
Calculating lambda coefficients...
Finished 206/1095 genes. Approximate finish time: 2026-01-27 13:05:22.312769
Predicting remaining genes...
Finished 429/1095 genes. Approximate finish time: 2026-01-27 13:18:30.403421
Predicting remaining genes...
Done!
Finish time: 2026-01-27 13:18:31.798664
Total time: 36.74238 mins
  [saver] Saved imputed matrix to results_imputation_r/saver/cells_20000/dataset_4_types_rare_saver.rds
1095 genes, 20000 cells
Running SAVER with 1 worker(s)
Calculating predictions for 1095 genes using 1002 genes and 20000 cells...
Start time: 2026-01-27 13:18:40.862497
Estimating finish time...
Finished 8/1095 genes. Approximate finish time: 2026-01-27 13:36:58.495778
Calculating max cor cutoff...
Finished 100/1095 genes. Approximate finish time: 2026-01-27 13:45:38.770423
Calculating lambda coefficients...
Finished 213/1095 genes. Approximate finish time: 2026-01-27 13:44:24.229955
Predicting remaining genes...
Finished 434/1095 genes. Approximate finish time: 2026-01-27 13:57:22.025603
Predicting remaining genes...
Done!
Finish time: 2026-01-27 13:57:04.354343
Total time: 38.39153 mins
1095 genes, 20000 cells
Running SAVER with 1 worker(s)
Calculating predictions for 1095 genes using 1002 genes and 20000 cells...
Start time: 2026-01-27 13:57:08.841674
Estimating finish time...
Finished 8/1095 genes. Approximate finish time: 2026-01-27 14:15:02.468119
Calculating max cor cutoff...
Finished 100/1095 genes. Approximate finish time: 2026-01-27 14:21:06.072791
Calculating lambda coefficients...
Finished 206/1095 genes. Approximate finish time: 2026-01-27 14:20:29.317162
Predicting remaining genes...
Finished 429/1095 genes. Approximate finish time: 2026-01-27 14:33:43.201907
Predicting remaining genes...
Done!
Finish time: 2026-01-27 14:33:44.550349
Total time: 36.59514 mins
1095 genes, 20000 cells
Running SAVER with 1 worker(s)
Calculating predictions for 1095 genes using 1002 genes and 20000 cells...
Start time: 2026-01-27 14:33:48.875826
Estimating finish time...
Finished 8/1095 genes. Approximate finish time: 2026-01-27 14:51:58.201927
Calculating max cor cutoff...
Finished 100/1095 genes. Approximate finish time: 2026-01-27 15:00:32.395546
Calculating lambda coefficients...
Finished 213/1095 genes. Approximate finish time: 2026-01-27 14:59:45.184123
Predicting remaining genes...
Finished 434/1095 genes. Approximate finish time: 2026-01-27 15:13:00.451059
Predicting remaining genes...
Done!
Finish time: 2026-01-27 15:12:33.92163
Total time: 38.75076 mins
1095 genes, 20000 cells
Running SAVER with 1 worker(s)
Calculating predictions for 1095 genes using 1002 genes and 20000 cells...
Start time: 2026-01-27 15:12:38.084494
Estimating finish time...
Finished 8/1095 genes. Approximate finish time: 2026-01-27 15:30:08.421515
Calculating max cor cutoff...
Finished 100/1095 genes. Approximate finish time: 2026-01-27 15:35:38.970488
Calculating lambda coefficients...
Finished 206/1095 genes. Approximate finish time: 2026-01-27 15:35:11.019899
Predicting remaining genes...
Finished 429/1095 genes. Approximate finish time: 2026-01-27 15:48:36.541749
Predicting remaining genes...
Done!
Finish time: 2026-01-27 15:48:53.619587
Total time: 36.25891 mins

=== dataset_multibatch_dropout ===
Running SAVER x5...
1097 genes, 20000 cells
Running SAVER with 1 worker(s)
Calculating predictions for 1097 genes using 996 genes and 20000 cells...
Start time: 2026-01-27 15:49:05.195863
Estimating finish time...
Finished 8/1097 genes. Approximate finish time: 2026-01-27 16:05:34.01575
Calculating max cor cutoff...
Finished 100/1097 genes. Approximate finish time: 2026-01-27 16:11:24.506926
Calculating lambda coefficients...
Finished 200/1097 genes. Approximate finish time: 2026-01-27 16:13:23.592179
Predicting remaining genes...
Finished 425/1097 genes. Approximate finish time: 2026-01-27 16:21:32.100935
Predicting remaining genes...
Done!
Finish time: 2026-01-27 16:21:24.949846
Total time: 32.32923 mins
  [saver] Saved imputed matrix to results_imputation_r/saver/cells_20000/dataset_multibatch_dropout_saver.rds
1097 genes, 20000 cells
Running SAVER with 1 worker(s)
Calculating predictions for 1097 genes using 996 genes and 20000 cells...
Start time: 2026-01-27 16:21:33.218873
Estimating finish time...
Finished 8/1097 genes. Approximate finish time: 2026-01-27 16:37:44.594325
Calculating max cor cutoff...
Finished 100/1097 genes. Approximate finish time: 2026-01-27 16:42:23.968051
Calculating lambda coefficients...
Finished 200/1097 genes. Approximate finish time: 2026-01-27 16:43:49.146214
Predicting remaining genes...
Finished 425/1097 genes. Approximate finish time: 2026-01-27 16:52:12.033333
Predicting remaining genes...
Done!
Finish time: 2026-01-27 16:52:27.092732
Total time: 30.89789 mins
1097 genes, 20000 cells
Running SAVER with 1 worker(s)
Calculating predictions for 1097 genes using 996 genes and 20000 cells...
Start time: 2026-01-27 16:52:31.219824
Estimating finish time...
Finished 8/1097 genes. Approximate finish time: 2026-01-27 17:11:51.179536
Calculating max cor cutoff...
