Processing saver cells_25000...

=== dataset_2_types_equal ===
Running SAVER x5...
1097 genes, 25000 cells
Running SAVER with 1 worker(s)
Calculating predictions for 1097 genes using 975 genes and 25000 cells...
Start time: 2026-01-27 07:47:42.548557
Estimating finish time...
Finished 8/1097 genes. Approximate finish time: 2026-01-27 08:27:47.370291
Calculating max cor cutoff...
Finished 100/1097 genes. Approximate finish time: 2026-01-27 08:33:53.729581
Calculating lambda coefficients...
Finished 202/1097 genes. Approximate finish time: 2026-01-27 08:32:24.990539
Predicting remaining genes...
Finished 426/1097 genes. Approximate finish time: 2026-01-27 08:51:57.790391
Predicting remaining genes...
Done!
Finish time: 2026-01-27 08:53:07.424635
Total time: 1.090243 hours
  [saver] Saved imputed matrix to results_imputation_r/saver/cells_25000/dataset_2_types_equal_saver.rds
1097 genes, 25000 cells
Running SAVER with 1 worker(s)
Calculating predictions for 1097 genes using 975 genes and 25000 cells...
Start time: 2026-01-27 08:53:19.465008
Estimating finish time...
Finished 8/1097 genes. Approximate finish time: 2026-01-27 09:29:06.121587
Calculating max cor cutoff...
Finished 100/1097 genes. Approximate finish time: 2026-01-27 09:36:11.101033
Calculating lambda coefficients...
Finished 200/1097 genes. Approximate finish time: 2026-01-27 09:36:26.644737
Predicting remaining genes...
Finished 425/1097 genes. Approximate finish time: 2026-01-27 09:59:40.371187
Predicting remaining genes...
Done!
Finish time: 2026-01-27 09:59:12.757161
Total time: 1.098137 hours
1097 genes, 25000 cells
Running SAVER with 1 worker(s)
Calculating predictions for 1097 genes using 975 genes and 25000 cells...
Start time: 2026-01-27 09:59:19.158948
Estimating finish time...
Finished 8/1097 genes. Approximate finish time: 2026-01-27 10:38:17.432063
Calculating max cor cutoff...
Finished 100/1097 genes. Approximate finish time: 2026-01-27 10:42:18.399529
Calculating lambda coefficients...
Finished 209/1097 genes. Approximate finish time: 2026-01-27 10:41:31.900139
Predicting remaining genes...
Finished 431/1097 genes. Approximate finish time: 2026-01-27 11:02:19.304116
Predicting remaining genes...
Done!
Finish time: 2026-01-27 11:01:53.022663
Total time: 1.04274 hours
1097 genes, 25000 cells
Running SAVER with 1 worker(s)
Calculating predictions for 1097 genes using 975 genes and 25000 cells...
Start time: 2026-01-27 11:01:59.627776
Estimating finish time...
Finished 8/1097 genes. Approximate finish time: 2026-01-27 11:35:55.243343
Calculating max cor cutoff...
Finished 100/1097 genes. Approximate finish time: 2026-01-27 11:44:27.526094
Calculating lambda coefficients...
Finished 207/1097 genes. Approximate finish time: 2026-01-27 11:43:51.475319
Predicting remaining genes...
Finished 430/1097 genes. Approximate finish time: 2026-01-27 12:03:29.849402
Predicting remaining genes...
Done!
Finish time: 2026-01-27 12:02:19.518196
Total time: 1.005525 hours
1097 genes, 25000 cells
Running SAVER with 1 worker(s)
Calculating predictions for 1097 genes using 975 genes and 25000 cells...
Start time: 2026-01-27 12:02:24.879973
Estimating finish time...
Finished 8/1097 genes. Approximate finish time: 2026-01-27 12:35:57.909128
Calculating max cor cutoff...
Finished 100/1097 genes. Approximate finish time: 2026-01-27 12:43:13.343612
Calculating lambda coefficients...
Finished 206/1097 genes. Approximate finish time: 2026-01-27 12:44:40.20955
Predicting remaining genes...
Finished 429/1097 genes. Approximate finish time: 2026-01-27 13:03:09.870914
Predicting remaining genes...
Done!
Finish time: 2026-01-27 13:02:49.531622
Total time: 1.006848 hours

=== dataset_3_types_unequal ===
Running SAVER x5...
1098 genes, 25000 cells
Running SAVER with 1 worker(s)
Calculating predictions for 1098 genes using 983 genes and 25000 cells...
Start time: 2026-01-27 13:03:05.138163
Estimating finish time...
Finished 8/1098 genes. Approximate finish time: 2026-01-27 13:29:04.574721
Calculating max cor cutoff...
Finished 100/1098 genes. Approximate finish time: 2026-01-27 13:35:47.876549
Calculating lambda coefficients...
Finished 205/1098 genes. Approximate finish time: 2026-01-27 13:36:34.509513
Predicting remaining genes...
Finished 429/1098 genes. Approximate finish time: 2026-01-27 13:52:13.423198
Predicting remaining genes...
Done!
Finish time: 2026-01-27 13:51:15.30042
Total time: 48.16937 mins
  [saver] Saved imputed matrix to results_imputation_r/saver/cells_25000/dataset_3_types_unequal_saver.rds
1098 genes, 25000 cells
Running SAVER with 1 worker(s)
Calculating predictions for 1098 genes using 983 genes and 25000 cells...
Start time: 2026-01-27 13:51:26.353212
Estimating finish time...
Finished 8/1098 genes. Approximate finish time: 2026-01-27 14:17:11.221249
Calculating max cor cutoff...
Finished 100/1098 genes. Approximate finish time: 2026-01-27 14:26:01.059236
Calculating lambda coefficients...
Finished 202/1098 genes. Approximate finish time: 2026-01-27 14:24:31.210299
Predicting remaining genes...
Finished 426/1098 genes. Approximate finish time: 2026-01-27 14:40:04.247833
Predicting remaining genes...
Done!
Finish time: 2026-01-27 14:39:37.874005
Total time: 48.19201 mins
1098 genes, 25000 cells
Running SAVER with 1 worker(s)
Calculating predictions for 1098 genes using 983 genes and 25000 cells...
Start time: 2026-01-27 14:39:44.415403
Estimating finish time...
Finished 8/1098 genes. Approximate finish time: 2026-01-27 15:07:24.737275
Calculating max cor cutoff...
Finished 100/1098 genes. Approximate finish time: 2026-01-27 15:14:03.303986
Calculating lambda coefficients...
Finished 209/1098 genes. Approximate finish time: 2026-01-27 15:15:07.911696
Predicting remaining genes...
Finished 432/1098 genes. Approximate finish time: 2026-01-27 15:30:29.484399
Predicting remaining genes...
Done!
Finish time: 2026-01-27 15:30:28.639503
Total time: 50.73706 mins
1098 genes, 25000 cells
Running SAVER with 1 worker(s)
Calculating predictions for 1098 genes using 983 genes and 25000 cells...
Start time: 2026-01-27 15:30:35.026768
Estimating finish time...
Finished 8/1098 genes. Approximate finish time: 2026-01-27 15:57:57.347957
Calculating max cor cutoff...
Finished 100/1098 genes. Approximate finish time: 2026-01-27 16:04:58.883797
Calculating lambda coefficients...
Finished 208/1098 genes. Approximate finish time: 2026-01-27 16:04:40.773235
Predicting remaining genes...
Finished 431/1098 genes. Approximate finish time: 2026-01-27 16:19:14.38539
Predicting remaining genes...
Done!
Finish time: 2026-01-27 16:18:41.269354
Total time: 48.10404 mins
1098 genes, 25000 cells
Running SAVER with 1 worker(s)
Calculating predictions for 1098 genes using 983 genes and 25000 cells...
Start time: 2026-01-27 16:18:46.93314
Estimating finish time...
Finished 8/1098 genes. Approximate finish time: 2026-01-27 16:45:26.661835
Calculating max cor cutoff...
Finished 100/1098 genes. Approximate finish time: 2026-01-27 16:53:03.085455
Calculating lambda coefficients...
Finished 206/1098 genes. Approximate finish time: 2026-01-27 16:52:56.076572
Predicting remaining genes...
Finished 429/1098 genes. Approximate finish time: 2026-01-27 17:08:22.661343
Predicting remaining genes...
