Processing saver cells_5000...

=== dataset_2_types_equal ===
Running SAVER x5...
1091 genes, 5000 cells
Running SAVER with 1 worker(s)
Calculating predictions for 1091 genes using 964 genes and 5000 cells...
Start time: 2026-01-27 02:16:39.988072
Estimating finish time...
Finished 8/1091 genes. Approximate finish time: 2026-01-27 02:30:24.828678
Calculating max cor cutoff...
Finished 100/1091 genes. Approximate finish time: 2026-01-27 02:28:14.653482
Calculating lambda coefficients...
Finished 213/1091 genes. Approximate finish time: 2026-01-27 02:25:39.399459
Predicting remaining genes...
Finished 433/1091 genes. Approximate finish time: 2026-01-27 02:26:55.415486
Predicting remaining genes...
Done!
Finish time: 2026-01-27 02:26:49.764113
Total time: 10.16293 mins
  [saver] Saved imputed matrix to results_imputation_r/saver/cells_5000/dataset_2_types_equal_saver.rds
1091 genes, 5000 cells
Running SAVER with 1 worker(s)
Calculating predictions for 1091 genes using 964 genes and 5000 cells...
Start time: 2026-01-27 02:26:52.248945
Estimating finish time...
Finished 8/1091 genes. Approximate finish time: 2026-01-27 02:49:27.396654
Calculating max cor cutoff...
Finished 100/1091 genes. Approximate finish time: 2026-01-27 02:35:55.800377
Calculating lambda coefficients...
Finished 214/1091 genes. Approximate finish time: 2026-01-27 02:34:28.694818
Predicting remaining genes...
Finished 434/1091 genes. Approximate finish time: 2026-01-27 02:36:13.562748
Predicting remaining genes...
Done!
Finish time: 2026-01-27 02:36:18.853467
Total time: 9.443404 mins
1091 genes, 5000 cells
Running SAVER with 1 worker(s)
Calculating predictions for 1091 genes using 964 genes and 5000 cells...
Start time: 2026-01-27 02:36:20.333842
Estimating finish time...
Finished 8/1091 genes. Approximate finish time: 2026-01-27 02:41:05.80398
Calculating max cor cutoff...
Finished 100/1091 genes. Approximate finish time: 2026-01-27 02:44:08.066244
Calculating lambda coefficients...
Finished 204/1091 genes. Approximate finish time: 2026-01-27 02:43:34.130252
Predicting remaining genes...
Finished 426/1091 genes. Approximate finish time: 2026-01-27 02:45:11.515979
Predicting remaining genes...
Done!
Finish time: 2026-01-27 02:45:09.099723
Total time: 8.812761 mins
1091 genes, 5000 cells
Running SAVER with 1 worker(s)
Calculating predictions for 1091 genes using 964 genes and 5000 cells...
Start time: 2026-01-27 02:45:10.607476
Estimating finish time...
Finished 8/1091 genes. Approximate finish time: 2026-01-27 02:49:32.502101
Calculating max cor cutoff...
Finished 100/1091 genes. Approximate finish time: 2026-01-27 02:50:40.253556
Calculating lambda coefficients...
Finished 205/1091 genes. Approximate finish time: 2026-01-27 02:50:50.132944
Predicting remaining genes...
Finished 427/1091 genes. Approximate finish time: 2026-01-27 02:52:40.064745
Predicting remaining genes...
Done!
Finish time: 2026-01-27 02:52:41.469106
Total time: 7.514356 mins
1091 genes, 5000 cells
Running SAVER with 1 worker(s)
Calculating predictions for 1091 genes using 964 genes and 5000 cells...
Start time: 2026-01-27 02:52:43.129977
Estimating finish time...
Finished 8/1091 genes. Approximate finish time: 2026-01-27 02:57:53.237946
Calculating max cor cutoff...
Finished 100/1091 genes. Approximate finish time: 2026-01-27 03:00:57.795738
Calculating lambda coefficients...
Finished 203/1091 genes. Approximate finish time: 2026-01-27 03:00:04.100338
Predicting remaining genes...
Finished 425/1091 genes. Approximate finish time: 2026-01-27 03:01:33.893318
Predicting remaining genes...
Done!
Finish time: 2026-01-27 03:01:28.411043
Total time: 8.75468 mins

=== dataset_3_types_unequal ===
Running SAVER x5...
1089 genes, 5000 cells
Running SAVER with 1 worker(s)
Calculating predictions for 1089 genes using 973 genes and 5000 cells...
Start time: 2026-01-27 03:01:32.305293
Estimating finish time...
Finished 8/1089 genes. Approximate finish time: 2026-01-27 03:05:34.825398
Calculating max cor cutoff...
Finished 100/1089 genes. Approximate finish time: 2026-01-27 03:08:40.067056
Calculating lambda coefficients...
Finished 202/1089 genes. Approximate finish time: 2026-01-27 03:08:44.757969
Predicting remaining genes...
Finished 424/1089 genes. Approximate finish time: 2026-01-27 03:10:31.48041
Predicting remaining genes...
Done!
Finish time: 2026-01-27 03:10:38.56631
Total time: 9.104347 mins
  [saver] Saved imputed matrix to results_imputation_r/saver/cells_5000/dataset_3_types_unequal_saver.rds
1089 genes, 5000 cells
Running SAVER with 1 worker(s)
Calculating predictions for 1089 genes using 973 genes and 5000 cells...
Start time: 2026-01-27 03:10:41.206817
Estimating finish time...
Finished 8/1089 genes. Approximate finish time: 2026-01-27 03:24:53.168315
Calculating max cor cutoff...
Finished 100/1089 genes. Approximate finish time: 2026-01-27 03:19:42.561964
Calculating lambda coefficients...
Finished 217/1089 genes. Approximate finish time: 2026-01-27 03:17:46.693754
Predicting remaining genes...
Finished 435/1089 genes. Approximate finish time: 2026-01-27 03:18:58.151352
Predicting remaining genes...
Done!
Finish time: 2026-01-27 03:18:57.496178
Total time: 8.271486 mins
1089 genes, 5000 cells
Running SAVER with 1 worker(s)
Calculating predictions for 1089 genes using 973 genes and 5000 cells...
Start time: 2026-01-27 03:18:58.934552
Estimating finish time...
Finished 8/1089 genes. Approximate finish time: 2026-01-27 03:23:03.017404
Calculating max cor cutoff...
Finished 100/1089 genes. Approximate finish time: 2026-01-27 03:25:55.181786
Calculating lambda coefficients...
Finished 215/1089 genes. Approximate finish time: 2026-01-27 03:24:58.19935
Predicting remaining genes...
Finished 434/1089 genes. Approximate finish time: 2026-01-27 03:26:28.368077
Predicting remaining genes...
Done!
Finish time: 2026-01-27 03:26:25.464633
Total time: 7.442164 mins
1089 genes, 5000 cells
Running SAVER with 1 worker(s)
Calculating predictions for 1089 genes using 973 genes and 5000 cells...
Start time: 2026-01-27 03:26:26.563062
Estimating finish time...
Finished 8/1089 genes. Approximate finish time: 2026-01-27 03:36:31.48321
Calculating max cor cutoff...
Finished 100/1089 genes. Approximate finish time: 2026-01-27 03:33:15.852921
Calculating lambda coefficients...
Finished 214/1089 genes. Approximate finish time: 2026-01-27 03:33:29.967734
Predicting remaining genes...
Finished 433/1089 genes. Approximate finish time: 2026-01-27 03:34:36.666075
Predicting remaining genes...
Done!
Finish time: 2026-01-27 03:34:41.363024
Total time: 8.246662 mins
1089 genes, 5000 cells
Running SAVER with 1 worker(s)
Calculating predictions for 1089 genes using 973 genes and 5000 cells...
Start time: 2026-01-27 03:34:42.805529
Estimating finish time...
Finished 8/1089 genes. Approximate finish time: 2026-01-27 03:38:53.679416
Calculating max cor cutoff...
Finished 100/1089 genes. Approximate finish time: 2026-01-27 03:42:37.430931
Calculating lambda coefficients...
Finished 221/1089 genes. Approximate finish time: 2026-01-27 03:41:26.70347
Predicting remaining genes...
Finished 438/1089 genes. Approximate finish time: 2026-01-27 03:43:10.604981
Predicting remaining genes...
Done!
Finish time: 2026-01-27 03:43:04.694916
Total time: 8.364819 mins

=== dataset_4_types_rare ===
Running SAVER x5...
1094 genes, 5000 cells
Running SAVER with 1 worker(s)
Calculating predictions for 1094 genes using 989 genes and 5000 cells...
Start time: 2026-01-27 03:43:08.057839
Estimating finish time...
Finished 8/1094 genes. Approximate finish time: 2026-01-27 03:47:27.081855
Calculating max cor cutoff...
Finished 100/1094 genes. Approximate finish time: 2026-01-27 03:50:39.706724
Calculating lambda coefficients...
Finished 207/1094 genes. Approximate finish time: 2026-01-27 03:49:31.970417
Predicting remaining genes...
Finished 429/1094 genes. Approximate finish time: 2026-01-27 03:50:54.591882
Predicting remaining genes...
Done!
Finish time: 2026-01-27 03:51:04.323869
Total time: 7.937764 mins
  [saver] Saved imputed matrix to results_imputation_r/saver/cells_5000/dataset_4_types_rare_saver.rds
1094 genes, 5000 cells
Running SAVER with 1 worker(s)
Calculating predictions for 1094 genes using 989 genes and 5000 cells...
Start time: 2026-01-27 03:51:06.825552
Estimating finish time...
Finished 8/1094 genes. Approximate finish time: 2026-01-27 03:55:41.735389
Calculating max cor cutoff...
Finished 100/1094 genes. Approximate finish time: 2026-01-27 03:57:01.707487
Calculating lambda coefficients...
Finished 209/1094 genes. Approximate finish time: 2026-01-27 03:56:39.928174
Predicting remaining genes...
Finished 431/1094 genes. Approximate finish time: 2026-01-27 03:58:23.092785
Predicting remaining genes...
Done!
Finish time: 2026-01-27 03:58:22.738879
Total time: 7.265218 mins
1094 genes, 5000 cells
Running SAVER with 1 worker(s)
Calculating predictions for 1094 genes using 989 genes and 5000 cells...
Start time: 2026-01-27 03:58:24.193909
Estimating finish time...
Finished 8/1094 genes. Approximate finish time: 2026-01-27 04:03:26.128459
Calculating max cor cutoff...
Finished 100/1094 genes. Approximate finish time: 2026-01-27 04:06:18.121542
Calculating lambda coefficients...
Finished 220/1094 genes. Approximate finish time: 2026-01-27 04:05:08.090484
Predicting remaining genes...
Finished 439/1094 genes. Approximate finish time: 2026-01-27 04:06:50.496243
Predicting remaining genes...
Done!
Finish time: 2026-01-27 04:06:44.144827
Total time: 8.332512 mins
1094 genes, 5000 cells
Running SAVER with 1 worker(s)
Calculating predictions for 1094 genes using 989 genes and 5000 cells...
Start time: 2026-01-27 04:06:45.233533
Estimating finish time...
Finished 8/1094 genes. Approximate finish time: 2026-01-27 04:11:02.830344
Calculating max cor cutoff...
Finished 100/1094 genes. Approximate finish time: 2026-01-27 04:14:27.886972
Calculating lambda coefficients...
Finished 215/1094 genes. Approximate finish time: 2026-01-27 04:13:23.535064
Predicting remaining genes...
Finished 435/1094 genes. Approximate finish time: 2026-01-27 04:15:03.993426
Predicting remaining genes...
Done!
Finish time: 2026-01-27 04:14:58.732098
Total time: 8.224972 mins
1094 genes, 5000 cells
Running SAVER with 1 worker(s)
Calculating predictions for 1094 genes using 989 genes and 5000 cells...
Start time: 2026-01-27 04:15:00.227695
Estimating finish time...
Finished 8/1094 genes. Approximate finish time: 2026-01-27 04:25:11.313706
Calculating max cor cutoff...
Finished 100/1094 genes. Approximate finish time: 2026-01-27 04:21:25.796943
Calculating lambda coefficients...
Finished 217/1094 genes. Approximate finish time: 2026-01-27 04:21:19.591621
Predicting remaining genes...
Finished 437/1094 genes. Approximate finish time: 2026-01-27 04:23:03.033005
Predicting remaining genes...
Done!
Finish time: 2026-01-27 04:23:00.41167
Total time: 8.003062 mins

=== dataset_multibatch_dropout ===
Running SAVER x5...
1094 genes, 5000 cells
Running SAVER with 1 worker(s)
Calculating predictions for 1094 genes using 983 genes and 5000 cells...
Start time: 2026-01-27 04:23:03.815747
Estimating finish time...
Finished 8/1094 genes. Approximate finish time: 2026-01-27 04:33:19.15
Calculating max cor cutoff...
Finished 100/1094 genes. Approximate finish time: 2026-01-27 04:29:57.269874
Calculating lambda coefficients...
Finished 200/1094 genes. Approximate finish time: 2026-01-27 04:29:40.113611
Predicting remaining genes...
Finished 424/1094 genes. Approximate finish time: 2026-01-27 04:30:51.562214
Predicting remaining genes...
Done!
Finish time: 2026-01-27 04:30:50.761438
Total time: 7.782424 mins
  [saver] Saved imputed matrix to results_imputation_r/saver/cells_5000/dataset_multibatch_dropout_saver.rds
1094 genes, 5000 cells
Running SAVER with 1 worker(s)
Calculating predictions for 1094 genes using 983 genes and 5000 cells...
Start time: 2026-01-27 04:30:53.463706
Estimating finish time...
Finished 8/1094 genes. Approximate finish time: 2026-01-27 04:37:05.124374
Calculating max cor cutoff...
Finished 100/1094 genes. Approximate finish time: 2026-01-27 04:38:19.823164
Calculating lambda coefficients...
Finished 205/1094 genes. Approximate finish time: 2026-01-27 04:37:11.31323
Predicting remaining genes...
Finished 428/1094 genes. Approximate finish time: 2026-01-27 04:38:31.323709
Predicting remaining genes...
Done!
Finish time: 2026-01-27 04:38:32.202752
Total time: 7.645647 mins
1094 genes, 5000 cells
Running SAVER with 1 worker(s)
Calculating predictions for 1094 genes using 983 genes and 5000 cells...
Start time: 2026-01-27 04:38:33.691837
Estimating finish time...
Finished 8/1094 genes. Approximate finish time: 2026-01-27 04:43:34.838139
Calculating max cor cutoff...
Finished 100/1094 genes. Approximate finish time: 2026-01-27 04:45:37.23756
Calculating lambda coefficients...
Finished 202/1094 genes. Approximate finish time: 2026-01-27 04:45:18.498371
Predicting remaining genes...
Finished 425/1094 genes. Approximate finish time: 2026-01-27 04:46:30.695303
Predicting remaining genes...
Done!
Finish time: 2026-01-27 04:46:36.341206
Total time: 8.044152 mins
1094 genes, 5000 cells
Running SAVER with 1 worker(s)
Calculating predictions for 1094 genes using 983 genes and 5000 cells...
Start time: 2026-01-27 04:46:37.796593
Estimating finish time...
Finished 8/1094 genes. Approximate finish time: 2026-01-27 04:49:55.986704
Calculating max cor cutoff...
Finished 100/1094 genes. Approximate finish time: 2026-01-27 04:53:04.780523
Calculating lambda coefficients...
Finished 202/1094 genes. Approximate finish time: 2026-01-27 04:52:38.15856
Predicting remaining genes...
Finished 425/1094 genes. Approximate finish time: 2026-01-27 04:53:49.694976
Predicting remaining genes...
Done!
Finish time: 2026-01-27 04:53:47.124447
Total time: 7.15546 mins
1094 genes, 5000 cells
Running SAVER with 1 worker(s)
Calculating predictions for 1094 genes using 983 genes and 5000 cells...
Start time: 2026-01-27 04:53:48.543081
Estimating finish time...
Finished 8/1094 genes. Approximate finish time: 2026-01-27 04:57:21.306273
Calculating max cor cutoff...
Finished 100/1094 genes. Approximate finish time: 2026-01-27 05:00:56.699776
Calculating lambda coefficients...
Finished 203/1094 genes. Approximate finish time: 2026-01-27 05:00:37.386263
Predicting remaining genes...
Finished 426/1094 genes. Approximate finish time: 2026-01-27 05:01:42.713466
Predicting remaining genes...
Done!
Finish time: 2026-01-27 05:01:42.451894
Total time: 7.898477 mins
Wrote results_imputation_r/saver/cells_5000/saver_mse_table.tsv

Done.
