Processing saver cells_1000...

=== dataset_2_types_equal ===
Running SAVER x5...
1066 genes, 1000 cells
Running SAVER with 1 worker(s)
Calculating predictions for 1066 genes using 961 genes and 1000 cells...
Start time: 2026-01-27 02:16:35.866602
Estimating finish time...
Finished 8/1066 genes. Approximate finish time: 2026-01-27 02:19:03.871659
Calculating max cor cutoff...
Finished 100/1066 genes. Approximate finish time: 2026-01-27 02:19:17.556505
Calculating lambda coefficients...
Finished 208/1066 genes. Approximate finish time: 2026-01-27 02:19:03.035425
Predicting remaining genes...
Finished 423/1066 genes. Approximate finish time: 2026-01-27 02:19:02.927623
Predicting remaining genes...
Done!
Finish time: 2026-01-27 02:19:02.017123
Total time: 2.435839 mins
  [saver] Saved imputed matrix to results_imputation_r/saver/cells_1000/dataset_2_types_equal_saver.rds
1066 genes, 1000 cells
Running SAVER with 1 worker(s)
Calculating predictions for 1066 genes using 961 genes and 1000 cells...
Start time: 2026-01-27 02:19:02.453676
Estimating finish time...
Finished 8/1066 genes. Approximate finish time: 2026-01-27 02:21:23.457007
Calculating max cor cutoff...
Finished 100/1066 genes. Approximate finish time: 2026-01-27 02:21:35.905169
Calculating lambda coefficients...
Finished 227/1066 genes. Approximate finish time: 2026-01-27 02:21:44.232202
Predicting remaining genes...
Finished 437/1066 genes. Approximate finish time: 2026-01-27 02:21:43.358067
Predicting remaining genes...
Done!
Finish time: 2026-01-27 02:21:41.945187
Total time: 2.658189 mins
1066 genes, 1000 cells
Running SAVER with 1 worker(s)
Calculating predictions for 1066 genes using 961 genes and 1000 cells...
Start time: 2026-01-27 02:21:42.114448
Estimating finish time...
Finished 8/1066 genes. Approximate finish time: 2026-01-27 02:23:43.143255
Calculating max cor cutoff...
Finished 100/1066 genes. Approximate finish time: 2026-01-27 02:24:17.429032
Calculating lambda coefficients...
Finished 221/1066 genes. Approximate finish time: 2026-01-27 02:24:08.057165
Predicting remaining genes...
Finished 433/1066 genes. Approximate finish time: 2026-01-27 02:24:07.587491
Predicting remaining genes...
Done!
Finish time: 2026-01-27 02:24:07.192375
Total time: 2.417962 mins
1066 genes, 1000 cells
Running SAVER with 1 worker(s)
Calculating predictions for 1066 genes using 961 genes and 1000 cells...
Start time: 2026-01-27 02:24:07.355968
Estimating finish time...
Finished 8/1066 genes. Approximate finish time: 2026-01-27 02:25:54.47021
Calculating max cor cutoff...
Finished 100/1066 genes. Approximate finish time: 2026-01-27 02:26:39.088576
Calculating lambda coefficients...
Finished 218/1066 genes. Approximate finish time: 2026-01-27 02:26:41.420015
Predicting remaining genes...
Finished 430/1066 genes. Approximate finish time: 2026-01-27 02:26:39.168859
Predicting remaining genes...
Done!
Finish time: 2026-01-27 02:26:40.25421
Total time: 2.548301 mins
1066 genes, 1000 cells
Running SAVER with 1 worker(s)
Calculating predictions for 1066 genes using 961 genes and 1000 cells...
Start time: 2026-01-27 02:26:40.44028
Estimating finish time...
Finished 8/1066 genes. Approximate finish time: 2026-01-27 02:27:55.72658
Calculating max cor cutoff...
Finished 100/1066 genes. Approximate finish time: 2026-01-27 02:28:57.459263
Calculating lambda coefficients...
Finished 217/1066 genes. Approximate finish time: 2026-01-27 02:28:50.059956
Predicting remaining genes...
Finished 430/1066 genes. Approximate finish time: 2026-01-27 02:28:51.774098
Predicting remaining genes...
Done!
Finish time: 2026-01-27 02:28:51.355458
Total time: 2.181917 mins

=== dataset_3_types_unequal ===
Running SAVER x5...
1065 genes, 1000 cells
Running SAVER with 1 worker(s)
Calculating predictions for 1065 genes using 971 genes and 1000 cells...
Start time: 2026-01-27 02:28:52.379537
Estimating finish time...
Finished 8/1065 genes. Approximate finish time: 2026-01-27 02:30:32.911184
Calculating max cor cutoff...
Finished 100/1065 genes. Approximate finish time: 2026-01-27 02:31:22.296386
Calculating lambda coefficients...
Finished 227/1065 genes. Approximate finish time: 2026-01-27 02:31:21.535995
Predicting remaining genes...
Finished 437/1065 genes. Approximate finish time: 2026-01-27 02:31:18.628797
Predicting remaining genes...
Done!
Finish time: 2026-01-27 02:31:19.907216
Total time: 2.458792 mins
  [saver] Saved imputed matrix to results_imputation_r/saver/cells_1000/dataset_3_types_unequal_saver.rds
1065 genes, 1000 cells
Running SAVER with 1 worker(s)
Calculating predictions for 1065 genes using 971 genes and 1000 cells...
Start time: 2026-01-27 02:31:20.2997
Estimating finish time...
Finished 8/1065 genes. Approximate finish time: 2026-01-27 02:32:54.862265
Calculating max cor cutoff...
Finished 100/1065 genes. Approximate finish time: 2026-01-27 02:33:40.907335
Calculating lambda coefficients...
Finished 234/1065 genes. Approximate finish time: 2026-01-27 02:33:41.622174
Predicting remaining genes...
Finished 442/1065 genes. Approximate finish time: 2026-01-27 02:33:44.613843
Predicting remaining genes...
Done!
Finish time: 2026-01-27 02:33:41.825016
Total time: 2.358752 mins
1065 genes, 1000 cells
Running SAVER with 1 worker(s)
Calculating predictions for 1065 genes using 971 genes and 1000 cells...
Start time: 2026-01-27 02:33:42.01565
Estimating finish time...
Finished 8/1065 genes. Approximate finish time: 2026-01-27 02:35:58.772103
Calculating max cor cutoff...
Finished 100/1065 genes. Approximate finish time: 2026-01-27 02:35:53.249946
Calculating lambda coefficients...
Finished 220/1065 genes. Approximate finish time: 2026-01-27 02:35:49.58162
Predicting remaining genes...
Finished 432/1065 genes. Approximate finish time: 2026-01-27 02:35:54.320234
Predicting remaining genes...
Done!
Finish time: 2026-01-27 02:35:51.294365
Total time: 2.154641 mins
1065 genes, 1000 cells
Running SAVER with 1 worker(s)
Calculating predictions for 1065 genes using 971 genes and 1000 cells...
Start time: 2026-01-27 02:35:51.464859
Estimating finish time...
Finished 8/1065 genes. Approximate finish time: 2026-01-27 02:38:24.82688
Calculating max cor cutoff...
Finished 100/1065 genes. Approximate finish time: 2026-01-27 02:38:21.139708
Calculating lambda coefficients...
Finished 215/1065 genes. Approximate finish time: 2026-01-27 02:38:11.823465
Predicting remaining genes...
Finished 428/1065 genes. Approximate finish time: 2026-01-27 02:38:13.569945
Predicting remaining genes...
Done!
Finish time: 2026-01-27 02:38:11.534683
Total time: 2.334493 mins
1065 genes, 1000 cells
Running SAVER with 1 worker(s)
Calculating predictions for 1065 genes using 971 genes and 1000 cells...
Start time: 2026-01-27 02:38:11.735493
Estimating finish time...
Finished 8/1065 genes. Approximate finish time: 2026-01-27 02:40:14.941621
Calculating max cor cutoff...
Finished 100/1065 genes. Approximate finish time: 2026-01-27 02:40:40.794369
Calculating lambda coefficients...
Finished 209/1065 genes. Approximate finish time: 2026-01-27 02:40:37.344241
Predicting remaining genes...
Finished 423/1065 genes. Approximate finish time: 2026-01-27 02:40:36.425649
Predicting remaining genes...
Done!
Finish time: 2026-01-27 02:40:35.359334
Total time: 2.393727 mins

=== dataset_4_types_rare ===
Running SAVER x5...
1073 genes, 1000 cells
Running SAVER with 1 worker(s)
Calculating predictions for 1073 genes using 990 genes and 1000 cells...
Start time: 2026-01-27 02:40:36.377299
Estimating finish time...
Finished 8/1073 genes. Approximate finish time: 2026-01-27 02:41:43.110164
Calculating max cor cutoff...
Finished 100/1073 genes. Approximate finish time: 2026-01-27 02:42:35.892372
Calculating lambda coefficients...
Finished 220/1073 genes. Approximate finish time: 2026-01-27 02:42:38.86067
Predicting remaining genes...
Finished 434/1073 genes. Approximate finish time: 2026-01-27 02:42:41.484782
Predicting remaining genes...
Done!
Finish time: 2026-01-27 02:42:40.682243
Total time: 2.071746 mins
  [saver] Saved imputed matrix to results_imputation_r/saver/cells_1000/dataset_4_types_rare_saver.rds
1073 genes, 1000 cells
Running SAVER with 1 worker(s)
Calculating predictions for 1073 genes using 990 genes and 1000 cells...
Start time: 2026-01-27 02:42:41.087383
Estimating finish time...
Finished 8/1073 genes. Approximate finish time: 2026-01-27 02:44:46.949334
Calculating max cor cutoff...
Finished 100/1073 genes. Approximate finish time: 2026-01-27 02:44:54.834898
Calculating lambda coefficients...
Finished 222/1073 genes. Approximate finish time: 2026-01-27 02:44:45.862795
Predicting remaining genes...
Finished 435/1073 genes. Approximate finish time: 2026-01-27 02:44:47.736017
Predicting remaining genes...
Done!
Finish time: 2026-01-27 02:44:47.519946
Total time: 2.107206 mins
1073 genes, 1000 cells
Running SAVER with 1 worker(s)
Calculating predictions for 1073 genes using 990 genes and 1000 cells...
Start time: 2026-01-27 02:44:47.681778
Estimating finish time...
Finished 8/1073 genes. Approximate finish time: 2026-01-27 02:46:48.507354
Calculating max cor cutoff...
Finished 100/1073 genes. Approximate finish time: 2026-01-27 02:46:49.206502
Calculating lambda coefficients...
Finished 218/1073 genes. Approximate finish time: 2026-01-27 02:46:43.643844
Predicting remaining genes...
Finished 432/1073 genes. Approximate finish time: 2026-01-27 02:46:46.021855
Predicting remaining genes...
Done!
Finish time: 2026-01-27 02:46:46.840649
Total time: 1.985978 mins
1073 genes, 1000 cells
Running SAVER with 1 worker(s)
Calculating predictions for 1073 genes using 990 genes and 1000 cells...
Start time: 2026-01-27 02:46:47.028118
Estimating finish time...
Finished 8/1073 genes. Approximate finish time: 2026-01-27 02:48:16.173883
Calculating max cor cutoff...
Finished 100/1073 genes. Approximate finish time: 2026-01-27 02:48:57.237465
Calculating lambda coefficients...
Finished 210/1073 genes. Approximate finish time: 2026-01-27 02:48:52.626273
Predicting remaining genes...
Finished 426/1073 genes. Approximate finish time: 2026-01-27 02:48:53.108549
Predicting remaining genes...
Done!
Finish time: 2026-01-27 02:48:53.780083
Total time: 2.112528 mins
1073 genes, 1000 cells
Running SAVER with 1 worker(s)
Calculating predictions for 1073 genes using 990 genes and 1000 cells...
Start time: 2026-01-27 02:48:53.957802
Estimating finish time...
Finished 8/1073 genes. Approximate finish time: 2026-01-27 02:50:50.715654
Calculating max cor cutoff...
Finished 100/1073 genes. Approximate finish time: 2026-01-27 02:50:54.125435
Calculating lambda coefficients...
Finished 221/1073 genes. Approximate finish time: 2026-01-27 02:50:46.139585
Predicting remaining genes...
Finished 434/1073 genes. Approximate finish time: 2026-01-27 02:50:50.459306
Predicting remaining genes...
Done!
Finish time: 2026-01-27 02:50:49.554933
Total time: 1.926616 mins

=== dataset_multibatch_dropout ===
Running SAVER x5...
1072 genes, 1000 cells
Running SAVER with 1 worker(s)
Calculating predictions for 1072 genes using 981 genes and 1000 cells...
Start time: 2026-01-27 02:50:50.555472
Estimating finish time...
Finished 8/1072 genes. Approximate finish time: 2026-01-27 02:52:07.857061
Calculating max cor cutoff...
Finished 100/1072 genes. Approximate finish time: 2026-01-27 02:52:38.324613
Calculating lambda coefficients...
Finished 305/1072 genes. Approximate finish time: 2026-01-27 02:52:32.67834
Predicting remaining genes...
Finished 497/1072 genes. Approximate finish time: 2026-01-27 02:52:32.857413
Predicting remaining genes...
Done!
Finish time: 2026-01-27 02:52:33.474952
Total time: 1.715322 mins
  [saver] Saved imputed matrix to results_imputation_r/saver/cells_1000/dataset_multibatch_dropout_saver.rds
1072 genes, 1000 cells
Running SAVER with 1 worker(s)
Calculating predictions for 1072 genes using 981 genes and 1000 cells...
Start time: 2026-01-27 02:52:33.900833
Estimating finish time...
Finished 8/1072 genes. Approximate finish time: 2026-01-27 02:53:58.993018
Calculating max cor cutoff...
Finished 100/1072 genes. Approximate finish time: 2026-01-27 02:54:24.079464
Calculating lambda coefficients...
Finished 328/1072 genes. Approximate finish time: 2026-01-27 02:54:23.12773
Predicting remaining genes...
Finished 514/1072 genes. Approximate finish time: 2026-01-27 02:54:24.893431
Predicting remaining genes...
Done!
Finish time: 2026-01-27 02:54:22.750841
Total time: 1.814164 mins
1072 genes, 1000 cells
Running SAVER with 1 worker(s)
Calculating predictions for 1072 genes using 981 genes and 1000 cells...
Start time: 2026-01-27 02:54:22.909652
Estimating finish time...
Finished 8/1072 genes. Approximate finish time: 2026-01-27 02:56:14.249307
Calculating max cor cutoff...
Finished 100/1072 genes. Approximate finish time: 2026-01-27 02:56:09.567283
Calculating lambda coefficients...
Finished 289/1072 genes. Approximate finish time: 2026-01-27 02:56:07.946479
Predicting remaining genes...
Finished 485/1072 genes. Approximate finish time: 2026-01-27 02:56:10.892445
Predicting remaining genes...
Done!
Finish time: 2026-01-27 02:56:09.31912
Total time: 1.773488 mins
1072 genes, 1000 cells
Running SAVER with 1 worker(s)
Calculating predictions for 1072 genes using 981 genes and 1000 cells...
Start time: 2026-01-27 02:56:09.488385
Estimating finish time...
Finished 8/1072 genes. Approximate finish time: 2026-01-27 02:58:07.485189
Calculating max cor cutoff...
Finished 100/1072 genes. Approximate finish time: 2026-01-27 02:57:58.041495
Calculating lambda coefficients...
Finished 395/1072 genes. Approximate finish time: 2026-01-27 02:57:56.746106
Predicting remaining genes...
Finished 565/1072 genes. Approximate finish time: 2026-01-27 02:57:55.419254
Predicting remaining genes...
Done!
Finish time: 2026-01-27 02:57:56.967448
Total time: 1.791315 mins
1072 genes, 1000 cells
Running SAVER with 1 worker(s)
Calculating predictions for 1072 genes using 981 genes and 1000 cells...
Start time: 2026-01-27 02:57:57.128832
Estimating finish time...
Finished 8/1072 genes. Approximate finish time: 2026-01-27 02:59:05.814464
Calculating max cor cutoff...
Finished 100/1072 genes. Approximate finish time: 2026-01-27 02:59:30.22775
Calculating lambda coefficients...
Finished 293/1072 genes. Approximate finish time: 2026-01-27 02:59:24.028793
Predicting remaining genes...
Finished 488/1072 genes. Approximate finish time: 2026-01-27 02:59:22.849929
Predicting remaining genes...
Done!
Finish time: 2026-01-27 02:59:23.734738
Total time: 1.443428 mins
Wrote results_imputation_r/saver/cells_1000/saver_mse_table.tsv

Done.
