Processing magic cells_15000...
/mnt/nfs/home/marcin.malec.local/miniconda3/envs/magic311/lib/python3.11/site-packages/rds2py/PyRdsReader.py:105: RuntimeWarning: Unsupported R object type: other
  warn(f"Unsupported R object type: {rtype}", RuntimeWarning)

=== dataset_2_types_equal ===
  -> magic
Calculating MAGIC...
  Running MAGIC on 15000 cells and 1093 genes.
  Calculating graph and diffusion operator...
    Calculating PCA...
    Calculated PCA in 1.17 seconds.
    Calculating KNN search...
    Calculated KNN search in 2.78 seconds.
    Calculating affinities...
    Calculated affinities in 2.77 seconds.
  Calculated graph and diffusion operator in 6.74 seconds.
  Calculating imputation...
  Calculated imputation in 1.12 seconds.
Calculated MAGIC in 7.87 seconds.
Calculating MAGIC...
  Running MAGIC on 15000 cells and 1093 genes.
  Calculating graph and diffusion operator...
    Calculating PCA...
    Calculated PCA in 0.83 seconds.
    Calculating KNN search...
    Calculated KNN search in 3.25 seconds.
    Calculating affinities...
    Calculated affinities in 3.52 seconds.
  Calculated graph and diffusion operator in 7.62 seconds.
  Calculating imputation...
  Calculated imputation in 1.15 seconds.
Calculated MAGIC in 8.77 seconds.
Calculating MAGIC...
  Running MAGIC on 15000 cells and 1093 genes.
  Calculating graph and diffusion operator...
    Calculating PCA...
    Calculated PCA in 0.83 seconds.
    Calculating KNN search...
    Calculated KNN search in 2.58 seconds.
    Calculating affinities...
    Calculated affinities in 2.76 seconds.
  Calculated graph and diffusion operator in 6.19 seconds.
  Calculating imputation...
  Calculated imputation in 1.17 seconds.
Calculated MAGIC in 7.37 seconds.
Calculating MAGIC...
  Running MAGIC on 15000 cells and 1093 genes.
  Calculating graph and diffusion operator...
    Calculating PCA...
    Calculated PCA in 1.11 seconds.
    Calculating KNN search...
    Calculated KNN search in 3.60 seconds.
    Calculating affinities...
    Calculated affinities in 2.89 seconds.
  Calculated graph and diffusion operator in 7.62 seconds.
  Calculating imputation...
  Calculated imputation in 1.16 seconds.
Calculated MAGIC in 8.79 seconds.
Calculating MAGIC...
  Running MAGIC on 15000 cells and 1093 genes.
  Calculating graph and diffusion operator...
    Calculating PCA...
    Calculated PCA in 0.76 seconds.
    Calculating KNN search...
    Calculated KNN search in 2.58 seconds.
    Calculating affinities...
    Calculated affinities in 4.15 seconds.
  Calculated graph and diffusion operator in 7.51 seconds.
  Calculating imputation...
  Calculated imputation in 1.57 seconds.
Calculated MAGIC in 9.09 seconds.
Calculating MAGIC...
  Running MAGIC on 15000 cells and 1093 genes.
  Calculating graph and diffusion operator...
    Calculating PCA...
    Calculated PCA in 1.19 seconds.
    Calculating KNN search...
    Calculated KNN search in 3.03 seconds.
    Calculating affinities...
    Calculated affinities in 2.77 seconds.
  Calculated graph and diffusion operator in 7.01 seconds.
  Calculating imputation...
  Calculated imputation in 1.11 seconds.
Calculated MAGIC in 8.13 seconds.
Calculating MAGIC...
  Running MAGIC on 15000 cells and 1093 genes.
  Calculating graph and diffusion operator...
    Calculating PCA...
    Calculated PCA in 0.81 seconds.
    Calculating KNN search...
    Calculated KNN search in 3.28 seconds.
    Calculating affinities...
    Calculated affinities in 3.97 seconds.
  Calculated graph and diffusion operator in 8.08 seconds.
  Calculating imputation...
  Calculated imputation in 1.14 seconds.
Calculated MAGIC in 9.23 seconds.
Calculating MAGIC...
  Running MAGIC on 15000 cells and 1093 genes.
  Calculating graph and diffusion operator...
    Calculating PCA...
    Calculated PCA in 0.79 seconds.
    Calculating KNN search...
    Calculated KNN search in 2.59 seconds.
    Calculating affinities...
    Calculated affinities in 2.77 seconds.
  Calculated graph and diffusion operator in 6.16 seconds.
  Calculating imputation...
  Calculated imputation in 1.40 seconds.
Calculated MAGIC in 7.56 seconds.
Calculating MAGIC...
  Running MAGIC on 15000 cells and 1093 genes.
  Calculating graph and diffusion operator...
    Calculating PCA...
    Calculated PCA in 1.12 seconds.
    Calculating KNN search...
    Calculated KNN search in 3.67 seconds.
    Calculating affinities...
    Calculated affinities in 2.90 seconds.
  Calculated graph and diffusion operator in 7.70 seconds.
  Calculating imputation...
  Calculated imputation in 1.12 seconds.
Calculated MAGIC in 8.83 seconds.
Calculating MAGIC...
  Running MAGIC on 15000 cells and 1093 genes.
  Calculating graph and diffusion operator...
    Calculating PCA...
    Calculated PCA in 0.76 seconds.
    Calculating KNN search...
    Calculated KNN search in 2.59 seconds.
    Calculating affinities...
    Calculated affinities in 3.32 seconds.
  Calculated graph and diffusion operator in 6.69 seconds.
  Calculating imputation...
  Calculated imputation in 1.29 seconds.
Calculated MAGIC in 7.99 seconds.
/mnt/nfs/home/marcin.malec.local/miniconda3/envs/magic311/lib/python3.11/site-packages/rds2py/PyRdsReader.py:105: RuntimeWarning: Unsupported R object type: other
  warn(f"Unsupported R object type: {rtype}", RuntimeWarning)

=== dataset_3_types_unequal ===
  -> magic
Calculating MAGIC...
  Running MAGIC on 15000 cells and 1094 genes.
  Calculating graph and diffusion operator...
    Calculating PCA...
    Calculated PCA in 0.76 seconds.
    Calculating KNN search...
    Calculated KNN search in 2.59 seconds.
    Calculating affinities...
    Calculated affinities in 3.28 seconds.
  Calculated graph and diffusion operator in 6.64 seconds.
  Calculating imputation...
  Calculated imputation in 1.42 seconds.
Calculated MAGIC in 8.07 seconds.
Calculating MAGIC...
  Running MAGIC on 15000 cells and 1094 genes.
  Calculating graph and diffusion operator...
    Calculating PCA...
    Calculated PCA in 1.09 seconds.
    Calculating KNN search...
    Calculated KNN search in 2.83 seconds.
    Calculating affinities...
    Calculated affinities in 2.77 seconds.
  Calculated graph and diffusion operator in 6.71 seconds.
  Calculating imputation...
  Calculated imputation in 1.25 seconds.
Calculated MAGIC in 7.96 seconds.
Calculating MAGIC...
  Running MAGIC on 15000 cells and 1094 genes.
  Calculating graph and diffusion operator...
    Calculating PCA...
    Calculated PCA in 0.83 seconds.
    Calculating KNN search...
    Calculated KNN search in 3.17 seconds.
    Calculating affinities...
    Calculated affinities in 3.87 seconds.
  Calculated graph and diffusion operator in 7.88 seconds.
  Calculating imputation...
  Calculated imputation in 1.33 seconds.
Calculated MAGIC in 9.22 seconds.
Calculating MAGIC...
  Running MAGIC on 15000 cells and 1094 genes.
  Calculating graph and diffusion operator...
    Calculating PCA...
    Calculated PCA in 0.74 seconds.
    Calculating KNN search...
    Calculated KNN search in 2.60 seconds.
    Calculating affinities...
    Calculated affinities in 2.77 seconds.
  Calculated graph and diffusion operator in 6.13 seconds.
  Calculating imputation...
  Calculated imputation in 1.26 seconds.
Calculated MAGIC in 7.39 seconds.
Calculating MAGIC...
  Running MAGIC on 15000 cells and 1094 genes.
  Calculating graph and diffusion operator...
    Calculating PCA...
    Calculated PCA in 1.07 seconds.
    Calculating KNN search...
    Calculated KNN search in 3.71 seconds.
    Calculating affinities...
    Calculated affinities in 3.31 seconds.
  Calculated graph and diffusion operator in 8.11 seconds.
  Calculating imputation...
  Calculated imputation in 1.21 seconds.
Calculated MAGIC in 9.32 seconds.
Calculating MAGIC...
  Running MAGIC on 15000 cells and 1094 genes.
  Calculating graph and diffusion operator...
    Calculating PCA...
    Calculated PCA in 0.73 seconds.
    Calculating KNN search...
    Calculated KNN search in 2.58 seconds.
    Calculating affinities...
    Calculated affinities in 2.85 seconds.
  Calculated graph and diffusion operator in 6.17 seconds.
  Calculating imputation...
  Calculated imputation in 1.42 seconds.
Calculated MAGIC in 7.60 seconds.
Calculating MAGIC...
  Running MAGIC on 15000 cells and 1094 genes.
  Calculating graph and diffusion operator...
    Calculating PCA...
    Calculated PCA in 1.08 seconds.
    Calculating KNN search...
    Calculated KNN search in 3.26 seconds.
    Calculating affinities...
    Calculated affinities in 2.77 seconds.
  Calculated graph and diffusion operator in 7.11 seconds.
  Calculating imputation...
  Calculated imputation in 1.26 seconds.
Calculated MAGIC in 8.38 seconds.
Calculating MAGIC...
  Running MAGIC on 15000 cells and 1094 genes.
  Calculating graph and diffusion operator...
    Calculating PCA...
    Calculated PCA in 0.83 seconds.
    Calculating KNN search...
    Calculated KNN search in 2.94 seconds.
    Calculating affinities...
    Calculated affinities in 3.92 seconds.
  Calculated graph and diffusion operator in 7.70 seconds.
  Calculating imputation...
  Calculated imputation in 1.18 seconds.
Calculated MAGIC in 8.89 seconds.
Calculating MAGIC...
  Running MAGIC on 15000 cells and 1094 genes.
  Calculating graph and diffusion operator...
    Calculating PCA...
    Calculated PCA in 0.73 seconds.
    Calculating KNN search...
    Calculated KNN search in 2.57 seconds.
    Calculating affinities...
    Calculated affinities in 2.77 seconds.
  Calculated graph and diffusion operator in 6.09 seconds.
  Calculating imputation...
  Calculated imputation in 1.10 seconds.
Calculated MAGIC in 7.19 seconds.
Calculating MAGIC...
  Running MAGIC on 15000 cells and 1094 genes.
  Calculating graph and diffusion operator...
    Calculating PCA...
    Calculated PCA in 0.72 seconds.
    Calculating KNN search...
    Calculated KNN search in 3.60 seconds.
    Calculating affinities...
    Calculated affinities in 3.78 seconds.
  Calculated graph and diffusion operator in 8.12 seconds.
  Calculating imputation...
  Calculated imputation in 1.29 seconds.
Calculated MAGIC in 9.41 seconds.
/mnt/nfs/home/marcin.malec.local/miniconda3/envs/magic311/lib/python3.11/site-packages/rds2py/PyRdsReader.py:105: RuntimeWarning: Unsupported R object type: other
  warn(f"Unsupported R object type: {rtype}", RuntimeWarning)

=== dataset_4_types_rare ===
  -> magic
Calculating MAGIC...
  Running MAGIC on 15000 cells and 1095 genes.
  Calculating graph and diffusion operator...
    Calculating PCA...
    Calculated PCA in 1.05 seconds.
    Calculating KNN search...
    Calculated KNN search in 3.51 seconds.
    Calculating affinities...
    Calculated affinities in 2.79 seconds.
  Calculated graph and diffusion operator in 7.37 seconds.
  Calculating imputation...
  Calculated imputation in 1.15 seconds.
Calculated MAGIC in 8.53 seconds.
Calculating MAGIC...
  Running MAGIC on 15000 cells and 1095 genes.
  Calculating graph and diffusion operator...
    Calculating PCA...
    Calculated PCA in 0.79 seconds.
    Calculating KNN search...
    Calculated KNN search in 2.59 seconds.
    Calculating affinities...
    Calculated affinities in 3.78 seconds.
  Calculated graph and diffusion operator in 7.17 seconds.
  Calculating imputation...
  Calculated imputation in 1.31 seconds.
Calculated MAGIC in 8.48 seconds.
Calculating MAGIC...
  Running MAGIC on 15000 cells and 1095 genes.
  Calculating graph and diffusion operator...
    Calculating PCA...
    Calculated PCA in 0.73 seconds.
    Calculating KNN search...
    Calculated KNN search in 2.59 seconds.
    Calculating affinities...
    Calculated affinities in 2.76 seconds.
  Calculated graph and diffusion operator in 6.10 seconds.
  Calculating imputation...
  Calculated imputation in 1.12 seconds.
Calculated MAGIC in 7.23 seconds.
Calculating MAGIC...
  Running MAGIC on 15000 cells and 1095 genes.
  Calculating graph and diffusion operator...
    Calculating PCA...
    Calculated PCA in 0.80 seconds.
    Calculating KNN search...
    Calculated KNN search in 3.66 seconds.
    Calculating affinities...
    Calculated affinities in 3.47 seconds.
  Calculated graph and diffusion operator in 7.94 seconds.
  Calculating imputation...
  Calculated imputation in 1.32 seconds.
Calculated MAGIC in 9.27 seconds.
Calculating MAGIC...
  Running MAGIC on 15000 cells and 1095 genes.
  Calculating graph and diffusion operator...
    Calculating PCA...
    Calculated PCA in 0.84 seconds.
    Calculating KNN search...
    Calculated KNN search in 2.58 seconds.
    Calculating affinities...
    Calculated affinities in 3.00 seconds.
  Calculated graph and diffusion operator in 6.44 seconds.
  Calculating imputation...
  Calculated imputation in 1.36 seconds.
Calculated MAGIC in 7.81 seconds.
Calculating MAGIC...
  Running MAGIC on 15000 cells and 1095 genes.
  Calculating graph and diffusion operator...
    Calculating PCA...
    Calculated PCA in 1.04 seconds.
    Calculating KNN search...
    Calculated KNN search in 3.32 seconds.
    Calculating affinities...
    Calculated affinities in 2.77 seconds.
  Calculated graph and diffusion operator in 7.14 seconds.
  Calculating imputation...
  Calculated imputation in 1.16 seconds.
Calculated MAGIC in 8.31 seconds.
Calculating MAGIC...
  Running MAGIC on 15000 cells and 1095 genes.
  Calculating graph and diffusion operator...
    Calculating PCA...
    Calculated PCA in 0.72 seconds.
    Calculating KNN search...
    Calculated KNN search in 2.59 seconds.
    Calculating affinities...
    Calculated affinities in 3.30 seconds.
  Calculated graph and diffusion operator in 6.63 seconds.
  Calculating imputation...
  Calculated imputation in 1.35 seconds.
Calculated MAGIC in 7.98 seconds.
Calculating MAGIC...
  Running MAGIC on 15000 cells and 1095 genes.
  Calculating graph and diffusion operator...
    Calculating PCA...
    Calculated PCA in 1.06 seconds.
    Calculating KNN search...
    Calculated KNN search in 2.89 seconds.
    Calculating affinities...
    Calculated affinities in 2.77 seconds.
  Calculated graph and diffusion operator in 6.73 seconds.
  Calculating imputation...
  Calculated imputation in 1.10 seconds.
Calculated MAGIC in 7.85 seconds.
Calculating MAGIC...
  Running MAGIC on 15000 cells and 1095 genes.
  Calculating graph and diffusion operator...
    Calculating PCA...
    Calculated PCA in 0.73 seconds.
    Calculating KNN search...
    Calculated KNN search in 3.06 seconds.
    Calculating affinities...
    Calculated affinities in 3.86 seconds.
  Calculated graph and diffusion operator in 7.67 seconds.
  Calculating imputation...
  Calculated imputation in 1.28 seconds.
Calculated MAGIC in 8.96 seconds.
Calculating MAGIC...
  Running MAGIC on 15000 cells and 1095 genes.
  Calculating graph and diffusion operator...
    Calculating PCA...
    Calculated PCA in 0.84 seconds.
    Calculating KNN search...
    Calculated KNN search in 2.59 seconds.
    Calculating affinities...
    Calculated affinities in 2.76 seconds.
  Calculated graph and diffusion operator in 6.21 seconds.
  Calculating imputation...
  Calculated imputation in 1.20 seconds.
Calculated MAGIC in 7.41 seconds.
/mnt/nfs/home/marcin.malec.local/miniconda3/envs/magic311/lib/python3.11/site-packages/rds2py/PyRdsReader.py:105: RuntimeWarning: Unsupported R object type: other
  warn(f"Unsupported R object type: {rtype}", RuntimeWarning)

=== dataset_multibatch_dropout ===
  -> magic
Calculating MAGIC...
  Running MAGIC on 15000 cells and 1094 genes.
  Calculating graph and diffusion operator...
    Calculating PCA...
    Calculated PCA in 0.80 seconds.
    Calculating KNN search...
    Calculated KNN search in 2.62 seconds.
    Calculating affinities...
    Calculated affinities in 3.36 seconds.
  Calculated graph and diffusion operator in 6.79 seconds.
  Calculating imputation...
  Calculated imputation in 1.18 seconds.
Calculated MAGIC in 7.98 seconds.
Calculating MAGIC...
  Running MAGIC on 15000 cells and 1094 genes.
  Calculating graph and diffusion operator...
    Calculating PCA...
    Calculated PCA in 1.03 seconds.
    Calculating KNN search...
    Calculated KNN search in 2.70 seconds.
    Calculating affinities...
    Calculated affinities in 2.81 seconds.
  Calculated graph and diffusion operator in 6.55 seconds.
  Calculating imputation...
  Calculated imputation in 0.92 seconds.
Calculated MAGIC in 7.48 seconds.
Calculating MAGIC...
  Running MAGIC on 15000 cells and 1094 genes.
  Calculating graph and diffusion operator...
    Calculating PCA...
    Calculated PCA in 0.76 seconds.
    Calculating KNN search...
    Calculated KNN search in 3.25 seconds.
    Calculating affinities...
    Calculated affinities in 3.90 seconds.
  Calculated graph and diffusion operator in 7.92 seconds.
  Calculating imputation...
  Calculated imputation in 0.93 seconds.
Calculated MAGIC in 8.86 seconds.
Calculating MAGIC...
  Running MAGIC on 15000 cells and 1094 genes.
  Calculating graph and diffusion operator...
    Calculating PCA...
    Calculated PCA in 0.83 seconds.
    Calculating KNN search...
    Calculated KNN search in 2.63 seconds.
    Calculating affinities...
    Calculated affinities in 2.80 seconds.
  Calculated graph and diffusion operator in 6.27 seconds.
  Calculating imputation...
  Calculated imputation in 0.90 seconds.
Calculated MAGIC in 7.17 seconds.
Calculating MAGIC...
  Running MAGIC on 15000 cells and 1094 genes.
  Calculating graph and diffusion operator...
    Calculating PCA...
    Calculated PCA in 0.77 seconds.
    Calculating KNN search...
    Calculated KNN search in 4.21 seconds.
    Calculating affinities...
    Calculated affinities in 2.90 seconds.
  Calculated graph and diffusion operator in 7.90 seconds.
  Calculating imputation...
  Calculated imputation in 1.00 seconds.
Calculated MAGIC in 8.91 seconds.
Calculating MAGIC...
  Running MAGIC on 15000 cells and 1094 genes.
  Calculating graph and diffusion operator...
    Calculating PCA...
    Calculated PCA in 0.83 seconds.
    Calculating KNN search...
    Calculated KNN search in 2.62 seconds.
    Calculating affinities...
    Calculated affinities in 3.66 seconds.
  Calculated graph and diffusion operator in 7.12 seconds.
  Calculating imputation...
  Calculated imputation in 1.15 seconds.
Calculated MAGIC in 8.28 seconds.
Calculating MAGIC...
  Running MAGIC on 15000 cells and 1094 genes.
  Calculating graph and diffusion operator...
    Calculating PCA...
    Calculated PCA in 0.93 seconds.
    Calculating KNN search...
    Calculated KNN search in 2.66 seconds.
    Calculating affinities...
    Calculated affinities in 2.80 seconds.
  Calculated graph and diffusion operator in 6.40 seconds.
  Calculating imputation...
  Calculated imputation in 0.90 seconds.
Calculated MAGIC in 7.31 seconds.
Calculating MAGIC...
  Running MAGIC on 15000 cells and 1094 genes.
  Calculating graph and diffusion operator...
    Calculating PCA...
    Calculated PCA in 0.72 seconds.
    Calculating KNN search...
    Calculated KNN search in 3.46 seconds.
    Calculating affinities...
    Calculated affinities in 3.35 seconds.
  Calculated graph and diffusion operator in 7.54 seconds.
  Calculating imputation...
  Calculated imputation in 1.08 seconds.
Calculated MAGIC in 8.62 seconds.
Calculating MAGIC...
  Running MAGIC on 15000 cells and 1094 genes.
  Calculating graph and diffusion operator...
    Calculating PCA...
    Calculated PCA in 0.83 seconds.
    Calculating KNN search...
    Calculated KNN search in 2.63 seconds.
    Calculating affinities...
    Calculated affinities in 3.26 seconds.
  Calculated graph and diffusion operator in 6.73 seconds.
  Calculating imputation...
  Calculated imputation in 1.15 seconds.
Calculated MAGIC in 7.89 seconds.
Calculating MAGIC...
  Running MAGIC on 15000 cells and 1094 genes.
  Calculating graph and diffusion operator...
    Calculating PCA...
    Calculated PCA in 1.06 seconds.
    Calculating KNN search...
    Calculated KNN search in 3.23 seconds.
    Calculating affinities...
    Calculated affinities in 2.83 seconds.
  Calculated graph and diffusion operator in 7.13 seconds.
  Calculating imputation...
  Calculated imputation in 0.91 seconds.
Calculated MAGIC in 8.05 seconds.
Wrote results_imputation_py/magic/cells_15000/magic_mse_table.tsv
