Processing magic cells_75000...
/mnt/nfs/home/marcin.malec.local/miniconda3/envs/magic311/lib/python3.11/site-packages/rds2py/PyRdsReader.py:105: RuntimeWarning: Unsupported R object type: other
  warn(f"Unsupported R object type: {rtype}", RuntimeWarning)

=== dataset_2_types_equal ===
  -> magic
Calculating MAGIC...
  Running MAGIC on 75000 cells and 1098 genes.
  Calculating graph and diffusion operator...
    Calculating PCA...
    Calculated PCA in 4.42 seconds.
    Calculating KNN search...
    Calculated KNN search in 81.79 seconds.
    Calculating affinities...
    Calculated affinities in 91.00 seconds.
  Calculated graph and diffusion operator in 177.32 seconds.
  Calculating imputation...
  Calculated imputation in 8.30 seconds.
Calculated MAGIC in 185.65 seconds.
Calculating MAGIC...
  Running MAGIC on 75000 cells and 1098 genes.
  Calculating graph and diffusion operator...
    Calculating PCA...
    Calculated PCA in 5.73 seconds.
    Calculating KNN search...
    Calculated KNN search in 89.31 seconds.
    Calculating affinities...
    Calculated affinities in 90.94 seconds.
  Calculated graph and diffusion operator in 186.09 seconds.
  Calculating imputation...
  Calculated imputation in 8.22 seconds.
Calculated MAGIC in 194.35 seconds.
Calculating MAGIC...
  Running MAGIC on 75000 cells and 1098 genes.
  Calculating graph and diffusion operator...
    Calculating PCA...
    Calculated PCA in 5.82 seconds.
    Calculating KNN search...
    Calculated KNN search in 89.15 seconds.
    Calculating affinities...
    Calculated affinities in 90.58 seconds.
  Calculated graph and diffusion operator in 185.67 seconds.
  Calculating imputation...
  Calculated imputation in 8.29 seconds.
Calculated MAGIC in 194.00 seconds.
Calculating MAGIC...
  Running MAGIC on 75000 cells and 1098 genes.
  Calculating graph and diffusion operator...
    Calculating PCA...
    Calculated PCA in 5.74 seconds.
    Calculating KNN search...
    Calculated KNN search in 82.65 seconds.
    Calculating affinities...
    Calculated affinities in 64.57 seconds.
  Calculated graph and diffusion operator in 153.05 seconds.
  Calculating imputation...
  Calculated imputation in 7.38 seconds.
Calculated MAGIC in 160.47 seconds.
Calculating MAGIC...
  Running MAGIC on 75000 cells and 1098 genes.
  Calculating graph and diffusion operator...
    Calculating PCA...
    Calculated PCA in 4.31 seconds.
    Calculating KNN search...
    Calculated KNN search in 63.59 seconds.
    Calculating affinities...
    Calculated affinities in 81.56 seconds.
  Calculated graph and diffusion operator in 149.58 seconds.
  Calculating imputation...
  Calculated imputation in 8.43 seconds.
Calculated MAGIC in 158.05 seconds.
Calculating MAGIC...
  Running MAGIC on 75000 cells and 1098 genes.
  Calculating graph and diffusion operator...
    Calculating PCA...
    Calculated PCA in 5.80 seconds.
    Calculating KNN search...
    Calculated KNN search in 90.13 seconds.
    Calculating affinities...
    Calculated affinities in 92.15 seconds.
  Calculated graph and diffusion operator in 188.19 seconds.
  Calculating imputation...
  Calculated imputation in 8.13 seconds.
Calculated MAGIC in 196.35 seconds.
Calculating MAGIC...
  Running MAGIC on 75000 cells and 1098 genes.
  Calculating graph and diffusion operator...
    Calculating PCA...
    Calculated PCA in 5.74 seconds.
    Calculating KNN search...
    Calculated KNN search in 89.63 seconds.
    Calculating affinities...
    Calculated affinities in 91.41 seconds.
  Calculated graph and diffusion operator in 186.90 seconds.
  Calculating imputation...
  Calculated imputation in 8.07 seconds.
Calculated MAGIC in 195.00 seconds.
Calculating MAGIC...
  Running MAGIC on 75000 cells and 1098 genes.
  Calculating graph and diffusion operator...
    Calculating PCA...
    Calculated PCA in 5.77 seconds.
    Calculating KNN search...
    Calculated KNN search in 90.07 seconds.
    Calculating affinities...
    Calculated affinities in 89.12 seconds.
  Calculated graph and diffusion operator in 185.06 seconds.
  Calculating imputation...
  Calculated imputation in 7.77 seconds.
Calculated MAGIC in 192.87 seconds.
Calculating MAGIC...
  Running MAGIC on 75000 cells and 1098 genes.
  Calculating graph and diffusion operator...
    Calculating PCA...
    Calculated PCA in 4.37 seconds.
    Calculating KNN search...
    Calculated KNN search in 63.67 seconds.
    Calculating affinities...
    Calculated affinities in 64.48 seconds.
  Calculated graph and diffusion operator in 132.63 seconds.
  Calculating imputation...
  Calculated imputation in 7.48 seconds.
Calculated MAGIC in 140.14 seconds.
Calculating MAGIC...
  Running MAGIC on 75000 cells and 1098 genes.
  Calculating graph and diffusion operator...
    Calculating PCA...
    Calculated PCA in 4.39 seconds.
    Calculating KNN search...
    Calculated KNN search in 78.16 seconds.
    Calculating affinities...
    Calculated affinities in 91.98 seconds.
  Calculated graph and diffusion operator in 174.63 seconds.
  Calculating imputation...
  Calculated imputation in 8.48 seconds.
Calculated MAGIC in 183.15 seconds.
/mnt/nfs/home/marcin.malec.local/miniconda3/envs/magic311/lib/python3.11/site-packages/rds2py/PyRdsReader.py:105: RuntimeWarning: Unsupported R object type: other
  warn(f"Unsupported R object type: {rtype}", RuntimeWarning)

=== dataset_3_types_unequal ===
  -> magic
Calculating MAGIC...
  Running MAGIC on 75000 cells and 1099 genes.
  Calculating graph and diffusion operator...
    Calculating PCA...
    Calculated PCA in 5.69 seconds.
    Calculating KNN search...
    Calculated KNN search in 89.24 seconds.
    Calculating affinities...
    Calculated affinities in 90.54 seconds.
  Calculated graph and diffusion operator in 185.57 seconds.
  Calculating imputation...
  Calculated imputation in 8.18 seconds.
Calculated MAGIC in 193.79 seconds.
Calculating MAGIC...
  Running MAGIC on 75000 cells and 1099 genes.
  Calculating graph and diffusion operator...
    Calculating PCA...
    Calculated PCA in 5.69 seconds.
    Calculating KNN search...
    Calculated KNN search in 90.44 seconds.
    Calculating affinities...
    Calculated affinities in 90.64 seconds.
  Calculated graph and diffusion operator in 186.88 seconds.
  Calculating imputation...
  Calculated imputation in 8.11 seconds.
Calculated MAGIC in 195.02 seconds.
Calculating MAGIC...
  Running MAGIC on 75000 cells and 1099 genes.
  Calculating graph and diffusion operator...
    Calculating PCA...
    Calculated PCA in 5.66 seconds.
    Calculating KNN search...
    Calculated KNN search in 69.51 seconds.
    Calculating affinities...
    Calculated affinities in 64.50 seconds.
  Calculated graph and diffusion operator in 139.77 seconds.
  Calculating imputation...
  Calculated imputation in 7.77 seconds.
Calculated MAGIC in 147.57 seconds.
Calculating MAGIC...
  Running MAGIC on 75000 cells and 1099 genes.
  Calculating graph and diffusion operator...
    Calculating PCA...
    Calculated PCA in 4.36 seconds.
    Calculating KNN search...
    Calculated KNN search in 66.82 seconds.
    Calculating affinities...
    Calculated affinities in 92.16 seconds.
  Calculated graph and diffusion operator in 163.47 seconds.
  Calculating imputation...
  Calculated imputation in 8.57 seconds.
Calculated MAGIC in 172.08 seconds.
Calculating MAGIC...
  Running MAGIC on 75000 cells and 1099 genes.
  Calculating graph and diffusion operator...
    Calculating PCA...
    Calculated PCA in 6.06 seconds.
    Calculating KNN search...
    Calculated KNN search in 91.04 seconds.
    Calculating affinities...
    Calculated affinities in 92.54 seconds.
  Calculated graph and diffusion operator in 189.77 seconds.
  Calculating imputation...
  Calculated imputation in 8.33 seconds.
Calculated MAGIC in 198.13 seconds.
Calculating MAGIC...
  Running MAGIC on 75000 cells and 1099 genes.
  Calculating graph and diffusion operator...
    Calculating PCA...
    Calculated PCA in 5.81 seconds.
    Calculating KNN search...
    Calculated KNN search in 90.68 seconds.
    Calculating affinities...
    Calculated affinities in 76.20 seconds.
  Calculated graph and diffusion operator in 172.80 seconds.
  Calculating imputation...
  Calculated imputation in 7.92 seconds.
Calculated MAGIC in 180.75 seconds.
Calculating MAGIC...
  Running MAGIC on 75000 cells and 1099 genes.
  Calculating graph and diffusion operator...
    Calculating PCA...
    Calculated PCA in 4.32 seconds.
    Calculating KNN search...
    Calculated KNN search in 63.56 seconds.
    Calculating affinities...
    Calculated affinities in 64.50 seconds.
  Calculated graph and diffusion operator in 132.48 seconds.
  Calculating imputation...
  Calculated imputation in 7.90 seconds.
Calculated MAGIC in 140.42 seconds.
Calculating MAGIC...
  Running MAGIC on 75000 cells and 1099 genes.
  Calculating graph and diffusion operator...
    Calculating PCA...
    Calculated PCA in 5.75 seconds.
    Calculating KNN search...
    Calculated KNN search in 89.97 seconds.
    Calculating affinities...
    Calculated affinities in 91.55 seconds.
  Calculated graph and diffusion operator in 187.38 seconds.
  Calculating imputation...
  Calculated imputation in 8.27 seconds.
Calculated MAGIC in 195.68 seconds.
Calculating MAGIC...
  Running MAGIC on 75000 cells and 1099 genes.
  Calculating graph and diffusion operator...
    Calculating PCA...
    Calculated PCA in 5.76 seconds.
    Calculating KNN search...
    Calculated KNN search in 90.90 seconds.
    Calculating affinities...
    Calculated affinities in 91.34 seconds.
  Calculated graph and diffusion operator in 188.11 seconds.
  Calculating imputation...
  Calculated imputation in 8.30 seconds.
Calculated MAGIC in 196.44 seconds.
Calculating MAGIC...
  Running MAGIC on 75000 cells and 1099 genes.
  Calculating graph and diffusion operator...
    Calculating PCA...
    Calculated PCA in 5.75 seconds.
    Calculating KNN search...
    Calculated KNN search in 90.64 seconds.
    Calculating affinities...
    Calculated affinities in 79.04 seconds.
  Calculated graph and diffusion operator in 175.53 seconds.
  Calculating imputation...
  Calculated imputation in 7.48 seconds.
Calculated MAGIC in 183.04 seconds.
/mnt/nfs/home/marcin.malec.local/miniconda3/envs/magic311/lib/python3.11/site-packages/rds2py/PyRdsReader.py:105: RuntimeWarning: Unsupported R object type: other
  warn(f"Unsupported R object type: {rtype}", RuntimeWarning)

=== dataset_4_types_rare ===
  -> magic
Calculating MAGIC...
  Running MAGIC on 75000 cells and 1099 genes.
  Calculating graph and diffusion operator...
    Calculating PCA...
    Calculated PCA in 4.27 seconds.
    Calculating KNN search...
    Calculated KNN search in 63.65 seconds.
    Calculating affinities...
    Calculated affinities in 74.26 seconds.
  Calculated graph and diffusion operator in 142.29 seconds.
  Calculating imputation...
  Calculated imputation in 8.26 seconds.
Calculated MAGIC in 150.59 seconds.
Calculating MAGIC...
  Running MAGIC on 75000 cells and 1099 genes.
  Calculating graph and diffusion operator...
    Calculating PCA...
    Calculated PCA in 5.74 seconds.
    Calculating KNN search...
    Calculated KNN search in 90.52 seconds.
    Calculating affinities...
    Calculated affinities in 92.38 seconds.
  Calculated graph and diffusion operator in 188.75 seconds.
  Calculating imputation...
  Calculated imputation in 8.25 seconds.
Calculated MAGIC in 197.04 seconds.
Calculating MAGIC...
  Running MAGIC on 75000 cells and 1099 genes.
  Calculating graph and diffusion operator...
    Calculating PCA...
    Calculated PCA in 5.78 seconds.
    Calculating KNN search...
    Calculated KNN search in 90.51 seconds.
    Calculating affinities...
    Calculated affinities in 92.37 seconds.
  Calculated graph and diffusion operator in 188.78 seconds.
  Calculating imputation...
  Calculated imputation in 8.29 seconds.
Calculated MAGIC in 197.10 seconds.
Calculating MAGIC...
  Running MAGIC on 75000 cells and 1099 genes.
  Calculating graph and diffusion operator...
    Calculating PCA...
    Calculated PCA in 5.75 seconds.
    Calculating KNN search...
    Calculated KNN search in 85.90 seconds.
    Calculating affinities...
    Calculated affinities in 64.40 seconds.
  Calculated graph and diffusion operator in 156.15 seconds.
  Calculating imputation...
  Calculated imputation in 7.50 seconds.
Calculated MAGIC in 163.69 seconds.
Calculating MAGIC...
  Running MAGIC on 75000 cells and 1099 genes.
  Calculating graph and diffusion operator...
    Calculating PCA...
    Calculated PCA in 4.27 seconds.
    Calculating KNN search...
    Calculated KNN search in 63.61 seconds.
    Calculating affinities...
    Calculated affinities in 80.42 seconds.
  Calculated graph and diffusion operator in 148.42 seconds.
  Calculating imputation...
  Calculated imputation in 8.34 seconds.
Calculated MAGIC in 156.79 seconds.
Calculating MAGIC...
  Running MAGIC on 75000 cells and 1099 genes.
  Calculating graph and diffusion operator...
    Calculating PCA...
    Calculated PCA in 5.77 seconds.
    Calculating KNN search...
    Calculated KNN search in 90.96 seconds.
    Calculating affinities...
    Calculated affinities in 92.30 seconds.
  Calculated graph and diffusion operator in 189.14 seconds.
  Calculating imputation...
  Calculated imputation in 8.29 seconds.
Calculated MAGIC in 197.46 seconds.
Calculating MAGIC...
  Running MAGIC on 75000 cells and 1099 genes.
  Calculating graph and diffusion operator...
    Calculating PCA...
    Calculated PCA in 5.85 seconds.
    Calculating KNN search...
    Calculated KNN search in 91.32 seconds.
    Calculating affinities...
    Calculated affinities in 93.08 seconds.
  Calculated graph and diffusion operator in 190.36 seconds.
  Calculating imputation...
  Calculated imputation in 8.25 seconds.
Calculated MAGIC in 198.64 seconds.
Calculating MAGIC...
  Running MAGIC on 75000 cells and 1099 genes.
  Calculating graph and diffusion operator...
    Calculating PCA...
    Calculated PCA in 5.76 seconds.
    Calculating KNN search...
    Calculated KNN search in 91.11 seconds.
    Calculating affinities...
    Calculated affinities in 92.37 seconds.
  Calculated graph and diffusion operator in 189.36 seconds.
  Calculating imputation...
  Calculated imputation in 8.33 seconds.
Calculated MAGIC in 197.72 seconds.
Calculating MAGIC...
  Running MAGIC on 75000 cells and 1099 genes.
  Calculating graph and diffusion operator...
    Calculating PCA...
    Calculated PCA in 5.79 seconds.
    Calculating KNN search...
    Calculated KNN search in 76.30 seconds.
    Calculating affinities...
    Calculated affinities in 64.47 seconds.
  Calculated graph and diffusion operator in 146.65 seconds.
  Calculating imputation...
  Calculated imputation in 7.52 seconds.
Calculated MAGIC in 154.20 seconds.
Calculating MAGIC...
  Running MAGIC on 75000 cells and 1099 genes.
  Calculating graph and diffusion operator...
    Calculating PCA...
    Calculated PCA in 4.26 seconds.
    Calculating KNN search...
    Calculated KNN search in 63.60 seconds.
    Calculating affinities...
    Calculated affinities in 90.02 seconds.
  Calculated graph and diffusion operator in 158.00 seconds.
  Calculating imputation...
  Calculated imputation in 8.21 seconds.
Calculated MAGIC in 166.24 seconds.
/mnt/nfs/home/marcin.malec.local/miniconda3/envs/magic311/lib/python3.11/site-packages/rds2py/PyRdsReader.py:105: RuntimeWarning: Unsupported R object type: other
  warn(f"Unsupported R object type: {rtype}", RuntimeWarning)

=== dataset_multibatch_dropout ===
  -> magic
Calculating MAGIC...
  Running MAGIC on 75000 cells and 1099 genes.
  Calculating graph and diffusion operator...
    Calculating PCA...
    Calculated PCA in 5.77 seconds.
    Calculating KNN search...
    Calculated KNN search in 90.77 seconds.
    Calculating affinities...
    Calculated affinities in 91.54 seconds.
  Calculated graph and diffusion operator in 188.18 seconds.
  Calculating imputation...
  Calculated imputation in 7.53 seconds.
Calculated MAGIC in 195.75 seconds.
Calculating MAGIC...
  Running MAGIC on 75000 cells and 1099 genes.
  Calculating graph and diffusion operator...
    Calculating PCA...
    Calculated PCA in 5.84 seconds.
    Calculating KNN search...
    Calculated KNN search in 90.74 seconds.
    Calculating affinities...
    Calculated affinities in 93.03 seconds.
  Calculated graph and diffusion operator in 189.70 seconds.
  Calculating imputation...
  Calculated imputation in 7.57 seconds.
Calculated MAGIC in 197.31 seconds.
Calculating MAGIC...
  Running MAGIC on 75000 cells and 1099 genes.
  Calculating graph and diffusion operator...
    Calculating PCA...
    Calculated PCA in 5.82 seconds.
    Calculating KNN search...
    Calculated KNN search in 90.35 seconds.
    Calculating affinities...
    Calculated affinities in 68.58 seconds.
  Calculated graph and diffusion operator in 164.83 seconds.
  Calculating imputation...
  Calculated imputation in 6.75 seconds.
Calculated MAGIC in 171.62 seconds.
Calculating MAGIC...
  Running MAGIC on 75000 cells and 1099 genes.
  Calculating graph and diffusion operator...
    Calculating PCA...
    Calculated PCA in 4.36 seconds.
    Calculating KNN search...
    Calculated KNN search in 63.84 seconds.
    Calculating affinities...
    Calculated affinities in 71.48 seconds.
  Calculated graph and diffusion operator in 139.78 seconds.
  Calculating imputation...
  Calculated imputation in 7.63 seconds.
Calculated MAGIC in 147.45 seconds.
Calculating MAGIC...
  Running MAGIC on 75000 cells and 1099 genes.
  Calculating graph and diffusion operator...
    Calculating PCA...
    Calculated PCA in 5.89 seconds.
    Calculating KNN search...
    Calculated KNN search in 91.02 seconds.
    Calculating affinities...
    Calculated affinities in 92.53 seconds.
  Calculated graph and diffusion operator in 189.54 seconds.
  Calculating imputation...
  Calculated imputation in 7.76 seconds.
Calculated MAGIC in 197.34 seconds.
Calculating MAGIC...
  Running MAGIC on 75000 cells and 1099 genes.
  Calculating graph and diffusion operator...
    Calculating PCA...
    Calculated PCA in 5.85 seconds.
    Calculating KNN search...
    Calculated KNN search in 90.92 seconds.
    Calculating affinities...
    Calculated affinities in 92.39 seconds.
  Calculated graph and diffusion operator in 189.27 seconds.
  Calculating imputation...
  Calculated imputation in 7.62 seconds.
Calculated MAGIC in 196.93 seconds.
Calculating MAGIC...
  Running MAGIC on 75000 cells and 1099 genes.
  Calculating graph and diffusion operator...
    Calculating PCA...
    Calculated PCA in 5.85 seconds.
    Calculating KNN search...
