Processing magic cells_50000...
/mnt/nfs/home/marcin.malec.local/miniconda3/envs/magic311/lib/python3.11/site-packages/rds2py/PyRdsReader.py:105: RuntimeWarning: Unsupported R object type: other
  warn(f"Unsupported R object type: {rtype}", RuntimeWarning)

=== dataset_2_types_equal ===
  -> magic
Calculating MAGIC...
  Running MAGIC on 50000 cells and 1098 genes.
  Calculating graph and diffusion operator...
    Calculating PCA...
    Calculated PCA in 3.00 seconds.
    Calculating KNN search...
    Calculated KNN search in 28.43 seconds.
    Calculating affinities...
    Calculated affinities in 40.38 seconds.
  Calculated graph and diffusion operator in 71.87 seconds.
  Calculating imputation...
  Calculated imputation in 5.23 seconds.
Calculated MAGIC in 77.12 seconds.
Calculating MAGIC...
  Running MAGIC on 50000 cells and 1098 genes.
  Calculating graph and diffusion operator...
    Calculating PCA...
    Calculated PCA in 3.86 seconds.
    Calculating KNN search...
    Calculated KNN search in 39.90 seconds.
    Calculating affinities...
    Calculated affinities in 40.84 seconds.
  Calculated graph and diffusion operator in 84.68 seconds.
  Calculating imputation...
  Calculated imputation in 5.23 seconds.
Calculated MAGIC in 89.94 seconds.
Calculating MAGIC...
  Running MAGIC on 50000 cells and 1098 genes.
  Calculating graph and diffusion operator...
    Calculating PCA...
    Calculated PCA in 3.87 seconds.
    Calculating KNN search...
    Calculated KNN search in 39.81 seconds.
    Calculating affinities...
    Calculated affinities in 40.80 seconds.
  Calculated graph and diffusion operator in 84.56 seconds.
  Calculating imputation...
  Calculated imputation in 5.19 seconds.
Calculated MAGIC in 89.77 seconds.
Calculating MAGIC...
  Running MAGIC on 50000 cells and 1098 genes.
  Calculating graph and diffusion operator...
    Calculating PCA...
    Calculated PCA in 3.80 seconds.
    Calculating KNN search...
    Calculated KNN search in 39.71 seconds.
    Calculating affinities...
    Calculated affinities in 40.90 seconds.
  Calculated graph and diffusion operator in 84.48 seconds.
  Calculating imputation...
  Calculated imputation in 5.20 seconds.
Calculated MAGIC in 89.70 seconds.
Calculating MAGIC...
  Running MAGIC on 50000 cells and 1098 genes.
  Calculating graph and diffusion operator...
    Calculating PCA...
    Calculated PCA in 3.78 seconds.
    Calculating KNN search...
    Calculated KNN search in 39.75 seconds.
    Calculating affinities...
    Calculated affinities in 41.26 seconds.
  Calculated graph and diffusion operator in 84.86 seconds.
  Calculating imputation...
  Calculated imputation in 5.21 seconds.
Calculated MAGIC in 90.10 seconds.
Calculating MAGIC...
  Running MAGIC on 50000 cells and 1098 genes.
  Calculating graph and diffusion operator...
    Calculating PCA...
    Calculated PCA in 3.86 seconds.
    Calculating KNN search...
    Calculated KNN search in 39.75 seconds.
    Calculating affinities...
    Calculated affinities in 40.51 seconds.
  Calculated graph and diffusion operator in 84.19 seconds.
  Calculating imputation...
  Calculated imputation in 5.29 seconds.
Calculated MAGIC in 89.51 seconds.
Calculating MAGIC...
  Running MAGIC on 50000 cells and 1098 genes.
  Calculating graph and diffusion operator...
    Calculating PCA...
    Calculated PCA in 3.86 seconds.
    Calculating KNN search...
    Calculated KNN search in 40.78 seconds.
    Calculating affinities...
    Calculated affinities in 40.68 seconds.
  Calculated graph and diffusion operator in 85.40 seconds.
  Calculating imputation...
  Calculated imputation in 5.27 seconds.
Calculated MAGIC in 90.69 seconds.
Calculating MAGIC...
  Running MAGIC on 50000 cells and 1098 genes.
  Calculating graph and diffusion operator...
    Calculating PCA...
    Calculated PCA in 3.85 seconds.
    Calculating KNN search...
    Calculated KNN search in 37.02 seconds.
    Calculating affinities...
    Calculated affinities in 28.96 seconds.
  Calculated graph and diffusion operator in 69.90 seconds.
  Calculating imputation...
  Calculated imputation in 4.72 seconds.
Calculated MAGIC in 74.64 seconds.
Calculating MAGIC...
  Running MAGIC on 50000 cells and 1098 genes.
  Calculating graph and diffusion operator...
    Calculating PCA...
    Calculated PCA in 2.85 seconds.
    Calculating KNN search...
    Calculated KNN search in 28.28 seconds.
    Calculating affinities...
    Calculated affinities in 28.93 seconds.
  Calculated graph and diffusion operator in 60.12 seconds.
  Calculating imputation...
  Calculated imputation in 4.69 seconds.
Calculated MAGIC in 64.83 seconds.
Calculating MAGIC...
  Running MAGIC on 50000 cells and 1098 genes.
  Calculating graph and diffusion operator...
    Calculating PCA...
    Calculated PCA in 2.86 seconds.
    Calculating KNN search...
    Calculated KNN search in 28.29 seconds.
    Calculating affinities...
    Calculated affinities in 28.91 seconds.
  Calculated graph and diffusion operator in 60.12 seconds.
  Calculating imputation...
  Calculated imputation in 4.73 seconds.
Calculated MAGIC in 64.87 seconds.
/mnt/nfs/home/marcin.malec.local/miniconda3/envs/magic311/lib/python3.11/site-packages/rds2py/PyRdsReader.py:105: RuntimeWarning: Unsupported R object type: other
  warn(f"Unsupported R object type: {rtype}", RuntimeWarning)

=== dataset_3_types_unequal ===
  -> magic
Calculating MAGIC...
  Running MAGIC on 50000 cells and 1099 genes.
  Calculating graph and diffusion operator...
    Calculating PCA...
    Calculated PCA in 3.78 seconds.
    Calculating KNN search...
    Calculated KNN search in 40.06 seconds.
    Calculating affinities...
    Calculated affinities in 40.84 seconds.
  Calculated graph and diffusion operator in 84.75 seconds.
  Calculating imputation...
  Calculated imputation in 5.31 seconds.
Calculated MAGIC in 90.08 seconds.
Calculating MAGIC...
  Running MAGIC on 50000 cells and 1099 genes.
  Calculating graph and diffusion operator...
    Calculating PCA...
    Calculated PCA in 3.78 seconds.
    Calculating KNN search...
    Calculated KNN search in 40.24 seconds.
    Calculating affinities...
    Calculated affinities in 41.01 seconds.
  Calculated graph and diffusion operator in 85.10 seconds.
  Calculating imputation...
  Calculated imputation in 5.29 seconds.
Calculated MAGIC in 90.41 seconds.
Calculating MAGIC...
  Running MAGIC on 50000 cells and 1099 genes.
  Calculating graph and diffusion operator...
    Calculating PCA...
    Calculated PCA in 3.81 seconds.
    Calculating KNN search...
    Calculated KNN search in 40.06 seconds.
    Calculating affinities...
    Calculated affinities in 41.24 seconds.
  Calculated graph and diffusion operator in 85.18 seconds.
  Calculating imputation...
  Calculated imputation in 5.32 seconds.
Calculated MAGIC in 90.53 seconds.
Calculating MAGIC...
  Running MAGIC on 50000 cells and 1099 genes.
  Calculating graph and diffusion operator...
    Calculating PCA...
    Calculated PCA in 3.81 seconds.
    Calculating KNN search...
    Calculated KNN search in 40.21 seconds.
    Calculating affinities...
    Calculated affinities in 41.56 seconds.
  Calculated graph and diffusion operator in 85.65 seconds.
  Calculating imputation...
  Calculated imputation in 5.29 seconds.
Calculated MAGIC in 90.97 seconds.
Calculating MAGIC...
  Running MAGIC on 50000 cells and 1099 genes.
  Calculating graph and diffusion operator...
    Calculating PCA...
    Calculated PCA in 3.81 seconds.
    Calculating KNN search...
    Calculated KNN search in 40.45 seconds.
    Calculating affinities...
    Calculated affinities in 41.12 seconds.
  Calculated graph and diffusion operator in 85.45 seconds.
  Calculating imputation...
  Calculated imputation in 5.22 seconds.
Calculated MAGIC in 90.70 seconds.
Calculating MAGIC...
  Running MAGIC on 50000 cells and 1099 genes.
  Calculating graph and diffusion operator...
    Calculating PCA...
    Calculated PCA in 3.83 seconds.
    Calculating KNN search...
    Calculated KNN search in 40.04 seconds.
    Calculating affinities...
    Calculated affinities in 41.01 seconds.
  Calculated graph and diffusion operator in 84.95 seconds.
  Calculating imputation...
  Calculated imputation in 5.29 seconds.
Calculated MAGIC in 90.26 seconds.
Calculating MAGIC...
  Running MAGIC on 50000 cells and 1099 genes.
  Calculating graph and diffusion operator...
    Calculating PCA...
    Calculated PCA in 3.79 seconds.
    Calculating KNN search...
    Calculated KNN search in 39.94 seconds.
    Calculating affinities...
    Calculated affinities in 38.14 seconds.
  Calculated graph and diffusion operator in 81.93 seconds.
  Calculating imputation...
  Calculated imputation in 5.04 seconds.
Calculated MAGIC in 87.00 seconds.
Calculating MAGIC...
  Running MAGIC on 50000 cells and 1099 genes.
  Calculating graph and diffusion operator...
    Calculating PCA...
    Calculated PCA in 2.87 seconds.
    Calculating KNN search...
    Calculated KNN search in 28.34 seconds.
    Calculating affinities...
    Calculated affinities in 28.92 seconds.
  Calculated graph and diffusion operator in 60.18 seconds.
  Calculating imputation...
  Calculated imputation in 4.83 seconds.
Calculated MAGIC in 65.03 seconds.
Calculating MAGIC...
  Running MAGIC on 50000 cells and 1099 genes.
  Calculating graph and diffusion operator...
    Calculating PCA...
    Calculated PCA in 2.84 seconds.
    Calculating KNN search...
    Calculated KNN search in 28.30 seconds.
    Calculating affinities...
    Calculated affinities in 28.90 seconds.
  Calculated graph and diffusion operator in 60.11 seconds.
  Calculating imputation...
  Calculated imputation in 4.73 seconds.
Calculated MAGIC in 64.86 seconds.
Calculating MAGIC...
  Running MAGIC on 50000 cells and 1099 genes.
  Calculating graph and diffusion operator...
    Calculating PCA...
    Calculated PCA in 2.83 seconds.
    Calculating KNN search...
    Calculated KNN search in 28.30 seconds.
    Calculating affinities...
    Calculated affinities in 35.40 seconds.
  Calculated graph and diffusion operator in 66.60 seconds.
  Calculating imputation...
  Calculated imputation in 5.29 seconds.
Calculated MAGIC in 71.91 seconds.
/mnt/nfs/home/marcin.malec.local/miniconda3/envs/magic311/lib/python3.11/site-packages/rds2py/PyRdsReader.py:105: RuntimeWarning: Unsupported R object type: other
  warn(f"Unsupported R object type: {rtype}", RuntimeWarning)

=== dataset_4_types_rare ===
  -> magic
Calculating MAGIC...
  Running MAGIC on 50000 cells and 1098 genes.
  Calculating graph and diffusion operator...
    Calculating PCA...
    Calculated PCA in 3.76 seconds.
    Calculating KNN search...
    Calculated KNN search in 40.05 seconds.
    Calculating affinities...
    Calculated affinities in 40.48 seconds.
  Calculated graph and diffusion operator in 84.37 seconds.
  Calculating imputation...
  Calculated imputation in 5.55 seconds.
Calculated MAGIC in 89.94 seconds.
Calculating MAGIC...
  Running MAGIC on 50000 cells and 1098 genes.
  Calculating graph and diffusion operator...
    Calculating PCA...
    Calculated PCA in 3.79 seconds.
    Calculating KNN search...
    Calculated KNN search in 39.84 seconds.
    Calculating affinities...
    Calculated affinities in 41.01 seconds.
  Calculated graph and diffusion operator in 84.70 seconds.
  Calculating imputation...
  Calculated imputation in 5.29 seconds.
Calculated MAGIC in 90.02 seconds.
Calculating MAGIC...
  Running MAGIC on 50000 cells and 1098 genes.
  Calculating graph and diffusion operator...
    Calculating PCA...
    Calculated PCA in 3.78 seconds.
    Calculating KNN search...
    Calculated KNN search in 39.87 seconds.
    Calculating affinities...
    Calculated affinities in 40.70 seconds.
  Calculated graph and diffusion operator in 84.41 seconds.
  Calculating imputation...
  Calculated imputation in 5.35 seconds.
Calculated MAGIC in 89.79 seconds.
Calculating MAGIC...
  Running MAGIC on 50000 cells and 1098 genes.
  Calculating graph and diffusion operator...
    Calculating PCA...
    Calculated PCA in 3.80 seconds.
    Calculating KNN search...
    Calculated KNN search in 39.73 seconds.
    Calculating affinities...
    Calculated affinities in 40.65 seconds.
  Calculated graph and diffusion operator in 84.26 seconds.
  Calculating imputation...
  Calculated imputation in 5.39 seconds.
Calculated MAGIC in 89.67 seconds.
Calculating MAGIC...
  Running MAGIC on 50000 cells and 1098 genes.
  Calculating graph and diffusion operator...
    Calculating PCA...
    Calculated PCA in 3.77 seconds.
    Calculating KNN search...
    Calculated KNN search in 39.77 seconds.
    Calculating affinities...
    Calculated affinities in 40.60 seconds.
  Calculated graph and diffusion operator in 84.20 seconds.
  Calculating imputation...
  Calculated imputation in 5.30 seconds.
Calculated MAGIC in 89.52 seconds.
Calculating MAGIC...
  Running MAGIC on 50000 cells and 1098 genes.
  Calculating graph and diffusion operator...
    Calculating PCA...
    Calculated PCA in 3.76 seconds.
    Calculating KNN search...
    Calculated KNN search in 39.73 seconds.
    Calculating affinities...
    Calculated affinities in 40.52 seconds.
  Calculated graph and diffusion operator in 84.08 seconds.
  Calculating imputation...
  Calculated imputation in 5.26 seconds.
Calculated MAGIC in 89.36 seconds.
Calculating MAGIC...
  Running MAGIC on 50000 cells and 1098 genes.
  Calculating graph and diffusion operator...
    Calculating PCA...
    Calculated PCA in 3.75 seconds.
    Calculating KNN search...
    Calculated KNN search in 29.77 seconds.
    Calculating affinities...
    Calculated affinities in 28.96 seconds.
  Calculated graph and diffusion operator in 62.54 seconds.
  Calculating imputation...
  Calculated imputation in 4.79 seconds.
Calculated MAGIC in 67.36 seconds.
Calculating MAGIC...
  Running MAGIC on 50000 cells and 1098 genes.
  Calculating graph and diffusion operator...
    Calculating PCA...
    Calculated PCA in 2.82 seconds.
    Calculating KNN search...
    Calculated KNN search in 28.28 seconds.
    Calculating affinities...
    Calculated affinities in 28.90 seconds.
  Calculated graph and diffusion operator in 60.07 seconds.
  Calculating imputation...
  Calculated imputation in 5.00 seconds.
Calculated MAGIC in 65.09 seconds.
Calculating MAGIC...
  Running MAGIC on 50000 cells and 1098 genes.
  Calculating graph and diffusion operator...
    Calculating PCA...
    Calculated PCA in 2.85 seconds.
    Calculating KNN search...
    Calculated KNN search in 28.29 seconds.
    Calculating affinities...
    Calculated affinities in 29.12 seconds.
  Calculated graph and diffusion operator in 60.33 seconds.
  Calculating imputation...
  Calculated imputation in 5.37 seconds.
Calculated MAGIC in 65.73 seconds.
Calculating MAGIC...
  Running MAGIC on 50000 cells and 1098 genes.
  Calculating graph and diffusion operator...
    Calculating PCA...
    Calculated PCA in 3.85 seconds.
    Calculating KNN search...
    Calculated KNN search in 40.58 seconds.
    Calculating affinities...
    Calculated affinities in 41.39 seconds.
  Calculated graph and diffusion operator in 85.89 seconds.
  Calculating imputation...
  Calculated imputation in 5.34 seconds.
Calculated MAGIC in 91.25 seconds.
/mnt/nfs/home/marcin.malec.local/miniconda3/envs/magic311/lib/python3.11/site-packages/rds2py/PyRdsReader.py:105: RuntimeWarning: Unsupported R object type: other
  warn(f"Unsupported R object type: {rtype}", RuntimeWarning)

=== dataset_multibatch_dropout ===
  -> magic
Calculating MAGIC...
  Running MAGIC on 50000 cells and 1099 genes.
  Calculating graph and diffusion operator...
    Calculating PCA...
    Calculated PCA in 3.87 seconds.
    Calculating KNN search...
    Calculated KNN search in 42.92 seconds.
    Calculating affinities...
    Calculated affinities in 48.67 seconds.
  Calculated graph and diffusion operator in 95.52 seconds.
  Calculating imputation...
  Calculated imputation in 4.85 seconds.
Calculated MAGIC in 100.39 seconds.
Calculating MAGIC...
  Running MAGIC on 50000 cells and 1099 genes.
  Calculating graph and diffusion operator...
    Calculating PCA...
    Calculated PCA in 3.84 seconds.
    Calculating KNN search...
    Calculated KNN search in 40.74 seconds.
    Calculating affinities...
    Calculated affinities in 41.70 seconds.
  Calculated graph and diffusion operator in 86.34 seconds.
  Calculating imputation...
  Calculated imputation in 4.78 seconds.
Calculated MAGIC in 91.14 seconds.
Calculating MAGIC...
  Running MAGIC on 50000 cells and 1099 genes.
  Calculating graph and diffusion operator...
    Calculating PCA...
    Calculated PCA in 3.85 seconds.
    Calculating KNN search...
    Calculated KNN search in 41.03 seconds.
    Calculating affinities...
    Calculated affinities in 41.48 seconds.
  Calculated graph and diffusion operator in 86.42 seconds.
  Calculating imputation...
  Calculated imputation in 4.75 seconds.
Calculated MAGIC in 91.19 seconds.
Calculating MAGIC...
  Running MAGIC on 50000 cells and 1099 genes.
  Calculating graph and diffusion operator...
    Calculating PCA...
    Calculated PCA in 3.82 seconds.
    Calculating KNN search...
    Calculated KNN search in 37.08 seconds.
    Calculating affinities...
    Calculated affinities in 29.14 seconds.
  Calculated graph and diffusion operator in 70.09 seconds.
  Calculating imputation...
  Calculated imputation in 4.49 seconds.
Calculated MAGIC in 74.61 seconds.
Calculating MAGIC...
  Running MAGIC on 50000 cells and 1099 genes.
  Calculating graph and diffusion operator...
    Calculating PCA...
    Calculated PCA in 2.88 seconds.
    Calculating KNN search...
    Calculated KNN search in 28.53 seconds.
    Calculating affinities...
    Calculated affinities in 29.11 seconds.
  Calculated graph and diffusion operator in 60.58 seconds.
  Calculating imputation...
  Calculated imputation in 4.12 seconds.
Calculated MAGIC in 64.72 seconds.
Calculating MAGIC...
  Running MAGIC on 50000 cells and 1099 genes.
  Calculating graph and diffusion operator...
    Calculating PCA...
    Calculated PCA in 2.82 seconds.
    Calculating KNN search...
    Calculated KNN search in 28.48 seconds.
    Calculating affinities...
    Calculated affinities in 29.12 seconds.
  Calculated graph and diffusion operator in 60.48 seconds.
  Calculating imputation...
  Calculated imputation in 4.10 seconds.
Calculated MAGIC in 64.60 seconds.
Calculating MAGIC...
  Running MAGIC on 50000 cells and 1099 genes.
  Calculating graph and diffusion operator...
    Calculating PCA...
    Calculated PCA in 2.81 seconds.
    Calculating KNN search...
    Calculated KNN search in 38.50 seconds.
    Calculating affinities...
    Calculated affinities in 41.33 seconds.
  Calculated graph and diffusion operator in 82.69 seconds.
  Calculating imputation...
  Calculated imputation in 4.71 seconds.
Calculated MAGIC in 87.43 seconds.
Calculating MAGIC...
  Running MAGIC on 50000 cells and 1099 genes.
  Calculating graph and diffusion operator...
    Calculating PCA...
    Calculated PCA in 3.83 seconds.
    Calculating KNN search...
    Calculated KNN search in 40.37 seconds.
    Calculating affinities...
    Calculated affinities in 42.86 seconds.
  Calculated graph and diffusion operator in 87.12 seconds.
  Calculating imputation...
  Calculated imputation in 5.00 seconds.
Calculated MAGIC in 92.14 seconds.
Calculating MAGIC...
  Running MAGIC on 50000 cells and 1099 genes.
  Calculating graph and diffusion operator...
    Calculating PCA...
    Calculated PCA in 3.82 seconds.
    Calculating KNN search...
    Calculated KNN search in 40.51 seconds.
    Calculating affinities...
    Calculated affinities in 41.51 seconds.
  Calculated graph and diffusion operator in 85.91 seconds.
  Calculating imputation...
  Calculated imputation in 4.91 seconds.
Calculated MAGIC in 90.84 seconds.
Calculating MAGIC...
  Running MAGIC on 50000 cells and 1099 genes.
  Calculating graph and diffusion operator...
    Calculating PCA...
    Calculated PCA in 3.81 seconds.
    Calculating KNN search...
    Calculated KNN search in 40.29 seconds.
    Calculating affinities...
    Calculated affinities in 41.02 seconds.
  Calculated graph and diffusion operator in 85.18 seconds.
  Calculating imputation...
  Calculated imputation in 4.78 seconds.
Calculated MAGIC in 89.99 seconds.
Wrote results_imputation_py/magic/cells_50000/magic_mse_table.tsv
