Processing magic cells_1000...
/mnt/nfs/home/marcin.malec.local/miniconda3/envs/magic311/lib/python3.11/site-packages/rds2py/PyRdsReader.py:105: RuntimeWarning: Unsupported R object type: other
  warn(f"Unsupported R object type: {rtype}", RuntimeWarning)

=== dataset_2_types_equal ===
  -> magic
Calculating MAGIC...
  Running MAGIC on 1000 cells and 1066 genes.
  Calculating graph and diffusion operator...
    Calculating PCA...
    Calculated PCA in 0.03 seconds.
    Calculating KNN search...
    Calculated KNN search in 0.03 seconds.
    Calculating affinities...
    Calculated affinities in 0.02 seconds.
  Calculated graph and diffusion operator in 0.08 seconds.
  Calculating imputation...
  Calculated imputation in 0.03 seconds.
Calculated MAGIC in 0.11 seconds.
/mnt/nfs/home/marcin.malec.local/miniconda3/envs/magic311/lib/python3.11/site-packages/rds2py/PyRdsReader.py:105: RuntimeWarning: Unsupported R object type: other
  warn(f"Unsupported R object type: {rtype}", RuntimeWarning)

=== dataset_3_types_unequal ===
  -> magic
Calculating MAGIC...
  Running MAGIC on 1000 cells and 1065 genes.
  Calculating graph and diffusion operator...
    Calculating PCA...
    Calculated PCA in 0.03 seconds.
    Calculating KNN search...
    Calculating affinities...
    Calculated affinities in 0.02 seconds.
  Calculated graph and diffusion operator in 0.06 seconds.
  Calculating imputation...
  Calculated imputation in 0.02 seconds.
Calculated MAGIC in 0.08 seconds.
/mnt/nfs/home/marcin.malec.local/miniconda3/envs/magic311/lib/python3.11/site-packages/rds2py/PyRdsReader.py:105: RuntimeWarning: Unsupported R object type: other
  warn(f"Unsupported R object type: {rtype}", RuntimeWarning)

=== dataset_4_types_rare ===
  -> magic
Calculating MAGIC...
  Running MAGIC on 1000 cells and 1073 genes.
  Calculating graph and diffusion operator...
    Calculating PCA...
    Calculated PCA in 0.03 seconds.
    Calculating KNN search...
    Calculating affinities...
    Calculated affinities in 0.02 seconds.
  Calculated graph and diffusion operator in 0.06 seconds.
  Calculating imputation...
  Calculated imputation in 0.02 seconds.
Calculated MAGIC in 0.08 seconds.
/mnt/nfs/home/marcin.malec.local/miniconda3/envs/magic311/lib/python3.11/site-packages/rds2py/PyRdsReader.py:105: RuntimeWarning: Unsupported R object type: other
  warn(f"Unsupported R object type: {rtype}", RuntimeWarning)

=== dataset_multibatch_dropout ===
  -> magic
Calculating MAGIC...
  Running MAGIC on 1000 cells and 1072 genes.
  Calculating graph and diffusion operator...
    Calculating PCA...
    Calculated PCA in 0.03 seconds.
    Calculating KNN search...
    Calculated KNN search in 0.01 seconds.
    Calculating affinities...
    Calculated affinities in 0.02 seconds.
  Calculated graph and diffusion operator in 0.07 seconds.
  Calculating imputation...
  Calculated imputation in 0.02 seconds.
Calculated MAGIC in 0.08 seconds.
Wrote results_imputation_py/magic/cells_1000/magic_mse_table.tsv
Processing magic cells_5000...
/mnt/nfs/home/marcin.malec.local/miniconda3/envs/magic311/lib/python3.11/site-packages/rds2py/PyRdsReader.py:105: RuntimeWarning: Unsupported R object type: other
  warn(f"Unsupported R object type: {rtype}", RuntimeWarning)

=== dataset_2_types_equal ===
  -> magic
Calculating MAGIC...
  Running MAGIC on 5000 cells and 1091 genes.
  Calculating graph and diffusion operator...
    Calculating PCA...
    Calculated PCA in 0.12 seconds.
    Calculating KNN search...
    Calculated KNN search in 0.15 seconds.
    Calculating affinities...
    Calculated affinities in 0.16 seconds.
  Calculated graph and diffusion operator in 0.43 seconds.
  Calculating imputation...
  Calculated imputation in 0.33 seconds.
Calculated MAGIC in 0.76 seconds.
Calculating MAGIC...
  Running MAGIC on 5000 cells and 1091 genes.
  Calculating graph and diffusion operator...
    Calculating PCA...
    Calculated PCA in 0.15 seconds.
    Calculating KNN search...
    Calculated KNN search in 0.13 seconds.
    Calculating affinities...
    Calculated affinities in 0.18 seconds.
  Calculated graph and diffusion operator in 0.46 seconds.
  Calculating imputation...
  Calculated imputation in 0.34 seconds.
Calculated MAGIC in 0.81 seconds.
Calculating MAGIC...
  Running MAGIC on 5000 cells and 1091 genes.
  Calculating graph and diffusion operator...
    Calculating PCA...
    Calculated PCA in 0.15 seconds.
    Calculating KNN search...
    Calculated KNN search in 0.12 seconds.
    Calculating affinities...
    Calculated affinities in 0.18 seconds.
  Calculated graph and diffusion operator in 0.46 seconds.
  Calculating imputation...
  Calculated imputation in 0.34 seconds.
Calculated MAGIC in 0.80 seconds.
Calculating MAGIC...
  Running MAGIC on 5000 cells and 1091 genes.
  Calculating graph and diffusion operator...
    Calculating PCA...
    Calculated PCA in 0.16 seconds.
    Calculating KNN search...
    Calculated KNN search in 0.13 seconds.
    Calculating affinities...
    Calculated affinities in 0.18 seconds.
  Calculated graph and diffusion operator in 0.47 seconds.
  Calculating imputation...
  Calculated imputation in 0.35 seconds.
Calculated MAGIC in 0.82 seconds.
Calculating MAGIC...
  Running MAGIC on 5000 cells and 1091 genes.
  Calculating graph and diffusion operator...
    Calculating PCA...
    Calculated PCA in 0.16 seconds.
    Calculating KNN search...
    Calculated KNN search in 0.12 seconds.
    Calculating affinities...
    Calculated affinities in 0.18 seconds.
  Calculated graph and diffusion operator in 0.46 seconds.
  Calculating imputation...
  Calculated imputation in 0.35 seconds.
Calculated MAGIC in 0.81 seconds.
Calculating MAGIC...
  Running MAGIC on 5000 cells and 1091 genes.
  Calculating graph and diffusion operator...
    Calculating PCA...
    Calculated PCA in 0.16 seconds.
    Calculating KNN search...
    Calculated KNN search in 0.11 seconds.
    Calculating affinities...
    Calculated affinities in 0.18 seconds.
  Calculated graph and diffusion operator in 0.45 seconds.
  Calculating imputation...
  Calculated imputation in 0.33 seconds.
Calculated MAGIC in 0.79 seconds.
Calculating MAGIC...
  Running MAGIC on 5000 cells and 1091 genes.
  Calculating graph and diffusion operator...
    Calculating PCA...
    Calculated PCA in 0.12 seconds.
    Calculating KNN search...
    Calculated KNN search in 0.10 seconds.
    Calculating affinities...
    Calculated affinities in 0.13 seconds.
  Calculated graph and diffusion operator in 0.36 seconds.
  Calculating imputation...
  Calculated imputation in 0.28 seconds.
Calculated MAGIC in 0.64 seconds.
Calculating MAGIC...
  Running MAGIC on 5000 cells and 1091 genes.
  Calculating graph and diffusion operator...
    Calculating PCA...
    Calculated PCA in 0.12 seconds.
    Calculating KNN search...
    Calculated KNN search in 0.10 seconds.
    Calculating affinities...
    Calculated affinities in 0.14 seconds.
  Calculated graph and diffusion operator in 0.36 seconds.
  Calculating imputation...
  Calculated imputation in 0.28 seconds.
Calculated MAGIC in 0.64 seconds.
Calculating MAGIC...
  Running MAGIC on 5000 cells and 1091 genes.
  Calculating graph and diffusion operator...
    Calculating PCA...
    Calculated PCA in 0.12 seconds.
    Calculating KNN search...
    Calculated KNN search in 0.10 seconds.
    Calculating affinities...
    Calculated affinities in 0.14 seconds.
  Calculated graph and diffusion operator in 0.36 seconds.
  Calculating imputation...
  Calculated imputation in 0.28 seconds.
Calculated MAGIC in 0.64 seconds.
Calculating MAGIC...
  Running MAGIC on 5000 cells and 1091 genes.
  Calculating graph and diffusion operator...
    Calculating PCA...
    Calculated PCA in 0.13 seconds.
    Calculating KNN search...
    Calculated KNN search in 0.10 seconds.
    Calculating affinities...
    Calculated affinities in 0.14 seconds.
  Calculated graph and diffusion operator in 0.36 seconds.
  Calculating imputation...
  Calculated imputation in 0.28 seconds.
Calculated MAGIC in 0.64 seconds.
/mnt/nfs/home/marcin.malec.local/miniconda3/envs/magic311/lib/python3.11/site-packages/rds2py/PyRdsReader.py:105: RuntimeWarning: Unsupported R object type: other
  warn(f"Unsupported R object type: {rtype}", RuntimeWarning)

=== dataset_3_types_unequal ===
  -> magic
Calculating MAGIC...
  Running MAGIC on 5000 cells and 1089 genes.
  Calculating graph and diffusion operator...
    Calculating PCA...
    Calculated PCA in 0.12 seconds.
    Calculating KNN search...
    Calculated KNN search in 0.10 seconds.
    Calculating affinities...
    Calculated affinities in 0.14 seconds.
  Calculated graph and diffusion operator in 0.36 seconds.
  Calculating imputation...
  Calculated imputation in 0.28 seconds.
Calculated MAGIC in 0.64 seconds.
Calculating MAGIC...
  Running MAGIC on 5000 cells and 1089 genes.
  Calculating graph and diffusion operator...
    Calculating PCA...
    Calculated PCA in 0.12 seconds.
    Calculating KNN search...
    Calculated KNN search in 0.10 seconds.
    Calculating affinities...
    Calculated affinities in 0.14 seconds.
  Calculated graph and diffusion operator in 0.35 seconds.
  Calculating imputation...
  Calculated imputation in 0.28 seconds.
Calculated MAGIC in 0.64 seconds.
Calculating MAGIC...
  Running MAGIC on 5000 cells and 1089 genes.
  Calculating graph and diffusion operator...
    Calculating PCA...
    Calculated PCA in 0.12 seconds.
    Calculating KNN search...
    Calculated KNN search in 0.10 seconds.
    Calculating affinities...
    Calculated affinities in 0.14 seconds.
  Calculated graph and diffusion operator in 0.35 seconds.
  Calculating imputation...
  Calculated imputation in 0.27 seconds.
Calculated MAGIC in 0.63 seconds.
Calculating MAGIC...
  Running MAGIC on 5000 cells and 1089 genes.
  Calculating graph and diffusion operator...
    Calculating PCA...
    Calculated PCA in 0.12 seconds.
    Calculating KNN search...
    Calculated KNN search in 0.09 seconds.
    Calculating affinities...
    Calculated affinities in 0.12 seconds.
  Calculated graph and diffusion operator in 0.33 seconds.
  Calculating imputation...
  Calculated imputation in 0.29 seconds.
Calculated MAGIC in 0.62 seconds.
Calculating MAGIC...
  Running MAGIC on 5000 cells and 1089 genes.
  Calculating graph and diffusion operator...
    Calculating PCA...
    Calculated PCA in 0.12 seconds.
    Calculating KNN search...
    Calculated KNN search in 0.12 seconds.
    Calculating affinities...
    Calculated affinities in 0.17 seconds.
  Calculated graph and diffusion operator in 0.42 seconds.
  Calculating imputation...
  Calculated imputation in 0.35 seconds.
Calculated MAGIC in 0.77 seconds.
Calculating MAGIC...
  Running MAGIC on 5000 cells and 1089 genes.
  Calculating graph and diffusion operator...
    Calculating PCA...
    Calculated PCA in 0.12 seconds.
    Calculating KNN search...
    Calculated KNN search in 0.12 seconds.
    Calculating affinities...
    Calculated affinities in 0.20 seconds.
  Calculated graph and diffusion operator in 0.46 seconds.
  Calculating imputation...
  Calculated imputation in 0.35 seconds.
Calculated MAGIC in 0.81 seconds.
Calculating MAGIC...
  Running MAGIC on 5000 cells and 1089 genes.
  Calculating graph and diffusion operator...
    Calculating PCA...
    Calculated PCA in 0.13 seconds.
    Calculating KNN search...
    Calculated KNN search in 0.12 seconds.
    Calculating affinities...
    Calculated affinities in 0.20 seconds.
  Calculated graph and diffusion operator in 0.46 seconds.
  Calculating imputation...
  Calculated imputation in 0.35 seconds.
Calculated MAGIC in 0.81 seconds.
Calculating MAGIC...
  Running MAGIC on 5000 cells and 1089 genes.
  Calculating graph and diffusion operator...
    Calculating PCA...
    Calculated PCA in 0.13 seconds.
    Calculating KNN search...
    Calculated KNN search in 0.12 seconds.
    Calculating affinities...
    Calculated affinities in 0.20 seconds.
  Calculated graph and diffusion operator in 0.46 seconds.
  Calculating imputation...
  Calculated imputation in 0.35 seconds.
Calculated MAGIC in 0.81 seconds.
Calculating MAGIC...
  Running MAGIC on 5000 cells and 1089 genes.
  Calculating graph and diffusion operator...
    Calculating PCA...
    Calculated PCA in 0.13 seconds.
    Calculating KNN search...
    Calculated KNN search in 0.12 seconds.
    Calculating affinities...
    Calculated affinities in 0.20 seconds.
  Calculated graph and diffusion operator in 0.46 seconds.
  Calculating imputation...
  Calculated imputation in 0.34 seconds.
Calculated MAGIC in 0.80 seconds.
Calculating MAGIC...
  Running MAGIC on 5000 cells and 1089 genes.
  Calculating graph and diffusion operator...
    Calculating PCA...
    Calculated PCA in 0.12 seconds.
    Calculating KNN search...
    Calculated KNN search in 0.12 seconds.
    Calculating affinities...
    Calculated affinities in 0.19 seconds.
  Calculated graph and diffusion operator in 0.44 seconds.
  Calculating imputation...
  Calculated imputation in 0.31 seconds.
Calculated MAGIC in 0.75 seconds.
/mnt/nfs/home/marcin.malec.local/miniconda3/envs/magic311/lib/python3.11/site-packages/rds2py/PyRdsReader.py:105: RuntimeWarning: Unsupported R object type: other
  warn(f"Unsupported R object type: {rtype}", RuntimeWarning)

=== dataset_4_types_rare ===
  -> magic
Calculating MAGIC...
  Running MAGIC on 5000 cells and 1094 genes.
  Calculating graph and diffusion operator...
    Calculating PCA...
    Calculated PCA in 0.12 seconds.
    Calculating KNN search...
    Calculated KNN search in 0.09 seconds.
    Calculating affinities...
    Calculated affinities in 0.16 seconds.
  Calculated graph and diffusion operator in 0.37 seconds.
  Calculating imputation...
  Calculated imputation in 0.27 seconds.
Calculated MAGIC in 0.65 seconds.
Calculating MAGIC...
  Running MAGIC on 5000 cells and 1094 genes.
  Calculating graph and diffusion operator...
    Calculating PCA...
    Calculated PCA in 0.11 seconds.
    Calculating KNN search...
    Calculated KNN search in 0.10 seconds.
    Calculating affinities...
    Calculated affinities in 0.16 seconds.
  Calculated graph and diffusion operator in 0.36 seconds.
  Calculating imputation...
  Calculated imputation in 0.27 seconds.
Calculated MAGIC in 0.64 seconds.
Calculating MAGIC...
  Running MAGIC on 5000 cells and 1094 genes.
  Calculating graph and diffusion operator...
    Calculating PCA...
    Calculated PCA in 0.10 seconds.
    Calculating KNN search...
    Calculated KNN search in 0.10 seconds.
    Calculating affinities...
    Calculated affinities in 0.16 seconds.
  Calculated graph and diffusion operator in 0.36 seconds.
  Calculating imputation...
  Calculated imputation in 0.28 seconds.
Calculated MAGIC in 0.64 seconds.
Calculating MAGIC...
  Running MAGIC on 5000 cells and 1094 genes.
  Calculating graph and diffusion operator...
    Calculating PCA...
    Calculated PCA in 0.11 seconds.
    Calculating KNN search...
    Calculated KNN search in 0.10 seconds.
    Calculating affinities...
    Calculated affinities in 0.16 seconds.
  Calculated graph and diffusion operator in 0.37 seconds.
  Calculating imputation...
  Calculated imputation in 0.28 seconds.
Calculated MAGIC in 0.66 seconds.
Calculating MAGIC...
  Running MAGIC on 5000 cells and 1094 genes.
  Calculating graph and diffusion operator...
    Calculating PCA...
    Calculated PCA in 0.11 seconds.
    Calculating KNN search...
    Calculated KNN search in 0.10 seconds.
    Calculating affinities...
    Calculated affinities in 0.15 seconds.
  Calculated graph and diffusion operator in 0.36 seconds.
  Calculating imputation...
  Calculated imputation in 0.31 seconds.
Calculated MAGIC in 0.67 seconds.
Calculating MAGIC...
  Running MAGIC on 5000 cells and 1094 genes.
  Calculating graph and diffusion operator...
    Calculating PCA...
    Calculated PCA in 0.11 seconds.
    Calculating KNN search...
    Calculated KNN search in 0.10 seconds.
    Calculating affinities...
    Calculated affinities in 0.14 seconds.
  Calculated graph and diffusion operator in 0.35 seconds.
  Calculating imputation...
  Calculated imputation in 0.30 seconds.
Calculated MAGIC in 0.66 seconds.
Calculating MAGIC...
  Running MAGIC on 5000 cells and 1094 genes.
  Calculating graph and diffusion operator...
    Calculating PCA...
    Calculated PCA in 0.12 seconds.
    Calculating KNN search...
    Calculated KNN search in 0.10 seconds.
    Calculating affinities...
    Calculated affinities in 0.13 seconds.
  Calculated graph and diffusion operator in 0.35 seconds.
  Calculating imputation...
  Calculated imputation in 0.30 seconds.
Calculated MAGIC in 0.66 seconds.
Calculating MAGIC...
  Running MAGIC on 5000 cells and 1094 genes.
  Calculating graph and diffusion operator...
    Calculating PCA...
    Calculated PCA in 0.12 seconds.
    Calculating KNN search...
    Calculated KNN search in 0.10 seconds.
    Calculating affinities...
    Calculated affinities in 0.14 seconds.
  Calculated graph and diffusion operator in 0.36 seconds.
  Calculating imputation...
  Calculated imputation in 0.28 seconds.
Calculated MAGIC in 0.64 seconds.
Calculating MAGIC...
  Running MAGIC on 5000 cells and 1094 genes.
  Calculating graph and diffusion operator...
    Calculating PCA...
    Calculated PCA in 0.13 seconds.
    Calculating KNN search...
    Calculated KNN search in 0.09 seconds.
    Calculating affinities...
    Calculated affinities in 0.12 seconds.
  Calculated graph and diffusion operator in 0.35 seconds.
  Calculating imputation...
  Calculated imputation in 0.36 seconds.
Calculated MAGIC in 0.71 seconds.
Calculating MAGIC...
  Running MAGIC on 5000 cells and 1094 genes.
  Calculating graph and diffusion operator...
    Calculating PCA...
    Calculated PCA in 0.14 seconds.
    Calculating KNN search...
    Calculated KNN search in 0.10 seconds.
    Calculating affinities...
    Calculated affinities in 0.18 seconds.
  Calculated graph and diffusion operator in 0.42 seconds.
  Calculating imputation...
  Calculated imputation in 0.36 seconds.
Calculated MAGIC in 0.78 seconds.
/mnt/nfs/home/marcin.malec.local/miniconda3/envs/magic311/lib/python3.11/site-packages/rds2py/PyRdsReader.py:105: RuntimeWarning: Unsupported R object type: other
  warn(f"Unsupported R object type: {rtype}", RuntimeWarning)

=== dataset_multibatch_dropout ===
  -> magic
Calculating MAGIC...
  Running MAGIC on 5000 cells and 1094 genes.
  Calculating graph and diffusion operator...
    Calculating PCA...
    Calculated PCA in 0.10 seconds.
    Calculating KNN search...
    Calculated KNN search in 0.09 seconds.
    Calculating affinities...
    Calculated affinities in 0.16 seconds.
  Calculated graph and diffusion operator in 0.36 seconds.
  Calculating imputation...
  Calculated imputation in 0.22 seconds.
Calculated MAGIC in 0.58 seconds.
Calculating MAGIC...
  Running MAGIC on 5000 cells and 1094 genes.
  Calculating graph and diffusion operator...
    Calculating PCA...
    Calculated PCA in 0.10 seconds.
    Calculating KNN search...
    Calculated KNN search in 0.09 seconds.
    Calculating affinities...
    Calculated affinities in 0.16 seconds.
  Calculated graph and diffusion operator in 0.35 seconds.
  Calculating imputation...
  Calculated imputation in 0.21 seconds.
Calculated MAGIC in 0.57 seconds.
Calculating MAGIC...
  Running MAGIC on 5000 cells and 1094 genes.
  Calculating graph and diffusion operator...
    Calculating PCA...
    Calculated PCA in 0.10 seconds.
    Calculating KNN search...
    Calculated KNN search in 0.09 seconds.
    Calculating affinities...
    Calculated affinities in 0.16 seconds.
  Calculated graph and diffusion operator in 0.36 seconds.
  Calculating imputation...
  Calculated imputation in 0.24 seconds.
Calculated MAGIC in 0.60 seconds.
Calculating MAGIC...
  Running MAGIC on 5000 cells and 1094 genes.
  Calculating graph and diffusion operator...
    Calculating PCA...
    Calculated PCA in 0.10 seconds.
    Calculating KNN search...
    Calculated KNN search in 0.09 seconds.
    Calculating affinities...
    Calculated affinities in 0.16 seconds.
  Calculated graph and diffusion operator in 0.36 seconds.
  Calculating imputation...
  Calculated imputation in 0.21 seconds.
Calculated MAGIC in 0.57 seconds.
Calculating MAGIC...
  Running MAGIC on 5000 cells and 1094 genes.
  Calculating graph and diffusion operator...
    Calculating PCA...
    Calculated PCA in 0.10 seconds.
    Calculating KNN search...
    Calculated KNN search in 0.09 seconds.
    Calculating affinities...
    Calculated affinities in 0.14 seconds.
  Calculated graph and diffusion operator in 0.33 seconds.
  Calculating imputation...
  Calculated imputation in 0.24 seconds.
Calculated MAGIC in 0.58 seconds.
Calculating MAGIC...
  Running MAGIC on 5000 cells and 1094 genes.
  Calculating graph and diffusion operator...
    Calculating PCA...
    Calculated PCA in 0.10 seconds.
    Calculating KNN search...
    Calculated KNN search in 0.06 seconds.
    Calculating affinities...
    Calculated affinities in 0.13 seconds.
  Calculated graph and diffusion operator in 0.30 seconds.
  Calculating imputation...
  Calculated imputation in 0.22 seconds.
Calculated MAGIC in 0.52 seconds.
Calculating MAGIC...
  Running MAGIC on 5000 cells and 1094 genes.
  Calculating graph and diffusion operator...
    Calculating PCA...
    Calculated PCA in 0.10 seconds.
    Calculating KNN search...
    Calculated KNN search in 0.06 seconds.
    Calculating affinities...
    Calculated affinities in 0.13 seconds.
  Calculated graph and diffusion operator in 0.30 seconds.
  Calculating imputation...
  Calculated imputation in 0.24 seconds.
Calculated MAGIC in 0.54 seconds.
Calculating MAGIC...
  Running MAGIC on 5000 cells and 1094 genes.
  Calculating graph and diffusion operator...
    Calculating PCA...
    Calculated PCA in 0.10 seconds.
    Calculating KNN search...
    Calculated KNN search in 0.06 seconds.
    Calculating affinities...
    Calculated affinities in 0.13 seconds.
  Calculated graph and diffusion operator in 0.30 seconds.
  Calculating imputation...
  Calculated imputation in 0.22 seconds.
Calculated MAGIC in 0.52 seconds.
Calculating MAGIC...
  Running MAGIC on 5000 cells and 1094 genes.
  Calculating graph and diffusion operator...
    Calculating PCA...
    Calculated PCA in 0.10 seconds.
    Calculating KNN search...
    Calculated KNN search in 0.06 seconds.
    Calculating affinities...
    Calculated affinities in 0.13 seconds.
  Calculated graph and diffusion operator in 0.30 seconds.
  Calculating imputation...
  Calculated imputation in 0.24 seconds.
Calculated MAGIC in 0.54 seconds.
Calculating MAGIC...
  Running MAGIC on 5000 cells and 1094 genes.
  Calculating graph and diffusion operator...
    Calculating PCA...
    Calculated PCA in 0.10 seconds.
    Calculating KNN search...
    Calculated KNN search in 0.06 seconds.
    Calculating affinities...
    Calculated affinities in 0.13 seconds.
  Calculated graph and diffusion operator in 0.30 seconds.
  Calculating imputation...
  Calculated imputation in 0.21 seconds.
Calculated MAGIC in 0.51 seconds.
Wrote results_imputation_py/magic/cells_5000/magic_mse_table.tsv
Processing magic cells_10000...
/mnt/nfs/home/marcin.malec.local/miniconda3/envs/magic311/lib/python3.11/site-packages/rds2py/PyRdsReader.py:105: RuntimeWarning: Unsupported R object type: other
  warn(f"Unsupported R object type: {rtype}", RuntimeWarning)

=== dataset_2_types_equal ===
  -> magic
Calculating MAGIC...
  Running MAGIC on 10000 cells and 1095 genes.
  Calculating graph and diffusion operator...
    Calculating PCA...
    Calculated PCA in 0.25 seconds.
    Calculating KNN search...
    Calculated KNN search in 0.41 seconds.
    Calculating affinities...
    Calculated affinities in 0.33 seconds.
  Calculated graph and diffusion operator in 0.99 seconds.
  Calculating imputation...
  Calculated imputation in 0.65 seconds.
Calculated MAGIC in 1.65 seconds.
/mnt/nfs/home/marcin.malec.local/miniconda3/envs/magic311/lib/python3.11/site-packages/rds2py/PyRdsReader.py:105: RuntimeWarning: Unsupported R object type: other
  warn(f"Unsupported R object type: {rtype}", RuntimeWarning)

=== dataset_3_types_unequal ===
  -> magic
Calculating MAGIC...
  Running MAGIC on 10000 cells and 1094 genes.
  Calculating graph and diffusion operator...
    Calculating PCA...
    Calculated PCA in 0.21 seconds.
    Calculating KNN search...
    Calculated KNN search in 0.16 seconds.
    Calculating affinities...
    Calculated affinities in 0.27 seconds.
  Calculated graph and diffusion operator in 0.65 seconds.
  Calculating imputation...
  Calculated imputation in 0.66 seconds.
Calculated MAGIC in 1.31 seconds.
/mnt/nfs/home/marcin.malec.local/miniconda3/envs/magic311/lib/python3.11/site-packages/rds2py/PyRdsReader.py:105: RuntimeWarning: Unsupported R object type: other
  warn(f"Unsupported R object type: {rtype}", RuntimeWarning)

=== dataset_4_types_rare ===
  -> magic
Calculating MAGIC...
  Running MAGIC on 10000 cells and 1096 genes.
  Calculating graph and diffusion operator...
    Calculating PCA...
    Calculated PCA in 0.23 seconds.
    Calculating KNN search...
    Calculated KNN search in 0.34 seconds.
    Calculating affinities...
    Calculated affinities in 0.54 seconds.
  Calculated graph and diffusion operator in 1.13 seconds.
  Calculating imputation...
  Calculated imputation in 0.79 seconds.
Calculated MAGIC in 1.92 seconds.
/mnt/nfs/home/marcin.malec.local/miniconda3/envs/magic311/lib/python3.11/site-packages/rds2py/PyRdsReader.py:105: RuntimeWarning: Unsupported R object type: other
  warn(f"Unsupported R object type: {rtype}", RuntimeWarning)

=== dataset_multibatch_dropout ===
  -> magic
Calculating MAGIC...
  Running MAGIC on 10000 cells and 1097 genes.
  Calculating graph and diffusion operator...
    Calculating PCA...
    Calculated PCA in 0.23 seconds.
    Calculating KNN search...
    Calculated KNN search in 0.38 seconds.
    Calculating affinities...
    Calculated affinities in 0.54 seconds.
  Calculated graph and diffusion operator in 1.17 seconds.
  Calculating imputation...
  Calculated imputation in 0.80 seconds.
Calculated MAGIC in 1.97 seconds.
Wrote results_imputation_py/magic/cells_10000/magic_mse_table.tsv
Processing magic cells_15000...
/mnt/nfs/home/marcin.malec.local/miniconda3/envs/magic311/lib/python3.11/site-packages/rds2py/PyRdsReader.py:105: RuntimeWarning: Unsupported R object type: other
  warn(f"Unsupported R object type: {rtype}", RuntimeWarning)

=== dataset_2_types_equal ===
  -> magic
Calculating MAGIC...
  Running MAGIC on 15000 cells and 1093 genes.
  Calculating graph and diffusion operator...
    Calculating PCA...
    Calculated PCA in 0.38 seconds.
    Calculating KNN search...
    Calculated KNN search in 0.65 seconds.
    Calculating affinities...
    Calculated affinities in 0.99 seconds.
  Calculated graph and diffusion operator in 2.04 seconds.
  Calculating imputation...
  Calculated imputation in 1.49 seconds.
Calculated MAGIC in 3.54 seconds.
/mnt/nfs/home/marcin.malec.local/miniconda3/envs/magic311/lib/python3.11/site-packages/rds2py/PyRdsReader.py:105: RuntimeWarning: Unsupported R object type: other
  warn(f"Unsupported R object type: {rtype}", RuntimeWarning)

=== dataset_3_types_unequal ===
  -> magic
Calculating MAGIC...
  Running MAGIC on 15000 cells and 1094 genes.
  Calculating graph and diffusion operator...
    Calculating PCA...
    Calculated PCA in 0.37 seconds.
    Calculating KNN search...
    Calculated KNN search in 0.62 seconds.
    Calculating affinities...
    Calculated affinities in 0.99 seconds.
  Calculated graph and diffusion operator in 1.99 seconds.
  Calculating imputation...
  Calculated imputation in 1.51 seconds.
Calculated MAGIC in 3.51 seconds.
/mnt/nfs/home/marcin.malec.local/miniconda3/envs/magic311/lib/python3.11/site-packages/rds2py/PyRdsReader.py:105: RuntimeWarning: Unsupported R object type: other
  warn(f"Unsupported R object type: {rtype}", RuntimeWarning)

=== dataset_4_types_rare ===
  -> magic
Calculating MAGIC...
  Running MAGIC on 15000 cells and 1095 genes.
  Calculating graph and diffusion operator...
    Calculating PCA...
    Calculated PCA in 0.36 seconds.
    Calculating KNN search...
    Calculated KNN search in 0.62 seconds.
    Calculating affinities...
    Calculated affinities in 0.99 seconds.
  Calculated graph and diffusion operator in 1.99 seconds.
  Calculating imputation...
  Calculated imputation in 1.49 seconds.
Calculated MAGIC in 3.49 seconds.
/mnt/nfs/home/marcin.malec.local/miniconda3/envs/magic311/lib/python3.11/site-packages/rds2py/PyRdsReader.py:105: RuntimeWarning: Unsupported R object type: other
  warn(f"Unsupported R object type: {rtype}", RuntimeWarning)

=== dataset_multibatch_dropout ===
  -> magic
Calculating MAGIC...
  Running MAGIC on 15000 cells and 1094 genes.
  Calculating graph and diffusion operator...
    Calculating PCA...
    Calculated PCA in 0.29 seconds.
    Calculating KNN search...
    Calculated KNN search in 0.36 seconds.
    Calculating affinities...
    Calculated affinities in 0.54 seconds.
  Calculated graph and diffusion operator in 1.21 seconds.
  Calculating imputation...
  Calculated imputation in 0.89 seconds.
Calculated MAGIC in 2.11 seconds.
Wrote results_imputation_py/magic/cells_15000/magic_mse_table.tsv
Processing magic cells_20000...
/mnt/nfs/home/marcin.malec.local/miniconda3/envs/magic311/lib/python3.11/site-packages/rds2py/PyRdsReader.py:105: RuntimeWarning: Unsupported R object type: other
  warn(f"Unsupported R object type: {rtype}", RuntimeWarning)

=== dataset_2_types_equal ===
  -> magic
Calculating MAGIC...
  Running MAGIC on 20000 cells and 1096 genes.
  Calculating graph and diffusion operator...
    Calculating PCA...
    Calculated PCA in 0.50 seconds.
    Calculating KNN search...
    Calculated KNN search in 1.06 seconds.
    Calculating affinities...
    Calculated affinities in 1.36 seconds.
  Calculated graph and diffusion operator in 2.94 seconds.
  Calculating imputation...
  Calculated imputation in 1.77 seconds.
Calculated MAGIC in 4.73 seconds.
/mnt/nfs/home/marcin.malec.local/miniconda3/envs/magic311/lib/python3.11/site-packages/rds2py/PyRdsReader.py:105: RuntimeWarning: Unsupported R object type: other
  warn(f"Unsupported R object type: {rtype}", RuntimeWarning)

=== dataset_3_types_unequal ===
  -> magic
Calculating MAGIC...
  Running MAGIC on 20000 cells and 1094 genes.
  Calculating graph and diffusion operator...
    Calculating PCA...
    Calculated PCA in 0.49 seconds.
    Calculating KNN search...
    Calculated KNN search in 1.03 seconds.
    Calculating affinities...
    Calculated affinities in 1.52 seconds.
  Calculated graph and diffusion operator in 3.06 seconds.
  Calculating imputation...
  Calculated imputation in 2.11 seconds.
Calculated MAGIC in 5.18 seconds.
/mnt/nfs/home/marcin.malec.local/miniconda3/envs/magic311/lib/python3.11/site-packages/rds2py/PyRdsReader.py:105: RuntimeWarning: Unsupported R object type: other
  warn(f"Unsupported R object type: {rtype}", RuntimeWarning)

=== dataset_4_types_rare ===
  -> magic
Calculating MAGIC...
  Running MAGIC on 20000 cells and 1095 genes.
  Calculating graph and diffusion operator...
    Calculating PCA...
    Calculated PCA in 0.41 seconds.
    Calculating KNN search...
    Calculated KNN search in 0.59 seconds.
    Calculating affinities...
    Calculated affinities in 0.84 seconds.
  Calculated graph and diffusion operator in 1.86 seconds.
  Calculating imputation...
  Calculated imputation in 1.59 seconds.
Calculated MAGIC in 3.46 seconds.
/mnt/nfs/home/marcin.malec.local/miniconda3/envs/magic311/lib/python3.11/site-packages/rds2py/PyRdsReader.py:105: RuntimeWarning: Unsupported R object type: other
  warn(f"Unsupported R object type: {rtype}", RuntimeWarning)

=== dataset_multibatch_dropout ===
  -> magic
Calculating MAGIC...
  Running MAGIC on 20000 cells and 1097 genes.
  Calculating graph and diffusion operator...
    Calculating PCA...
    Calculated PCA in 0.48 seconds.
    Calculating KNN search...
    Calculated KNN search in 1.05 seconds.
    Calculating affinities...
    Calculated affinities in 1.54 seconds.
  Calculated graph and diffusion operator in 3.09 seconds.
  Calculating imputation...
  Calculated imputation in 1.84 seconds.
Calculated MAGIC in 4.94 seconds.
Wrote results_imputation_py/magic/cells_20000/magic_mse_table.tsv
Processing magic cells_25000...
/mnt/nfs/home/marcin.malec.local/miniconda3/envs/magic311/lib/python3.11/site-packages/rds2py/PyRdsReader.py:105: RuntimeWarning: Unsupported R object type: other
  warn(f"Unsupported R object type: {rtype}", RuntimeWarning)

=== dataset_2_types_equal ===
  -> magic
Calculating MAGIC...
  Running MAGIC on 25000 cells and 1097 genes.
  Calculating graph and diffusion operator...
    Calculating PCA...
    Calculated PCA in 0.55 seconds.
    Calculating KNN search...
    Calculated KNN search in 0.98 seconds.
    Calculating affinities...
    Calculated affinities in 1.26 seconds.
  Calculated graph and diffusion operator in 2.83 seconds.
  Calculating imputation...
  Calculated imputation in 2.13 seconds.
Calculated MAGIC in 4.96 seconds.
/mnt/nfs/home/marcin.malec.local/miniconda3/envs/magic311/lib/python3.11/site-packages/rds2py/PyRdsReader.py:105: RuntimeWarning: Unsupported R object type: other
  warn(f"Unsupported R object type: {rtype}", RuntimeWarning)

=== dataset_3_types_unequal ===
  -> magic
Calculating MAGIC...
  Running MAGIC on 25000 cells and 1098 genes.
  Calculating graph and diffusion operator...
    Calculating PCA...
    Calculated PCA in 0.64 seconds.
    Calculating KNN search...
    Calculated KNN search in 1.67 seconds.
    Calculating affinities...
    Calculated affinities in 2.21 seconds.
  Calculated graph and diffusion operator in 4.55 seconds.
  Calculating imputation...
  Calculated imputation in 2.70 seconds.
Calculated MAGIC in 7.26 seconds.
/mnt/nfs/home/marcin.malec.local/miniconda3/envs/magic311/lib/python3.11/site-packages/rds2py/PyRdsReader.py:105: RuntimeWarning: Unsupported R object type: other
  warn(f"Unsupported R object type: {rtype}", RuntimeWarning)

=== dataset_4_types_rare ===
  -> magic
Calculating MAGIC...
  Running MAGIC on 25000 cells and 1099 genes.
  Calculating graph and diffusion operator...
    Calculating PCA...
    Calculated PCA in 0.49 seconds.
    Calculating KNN search...
    Calculated KNN search in 0.95 seconds.
    Calculating affinities...
    Calculated affinities in 1.26 seconds.
  Calculated graph and diffusion operator in 2.73 seconds.
  Calculating imputation...
  Calculated imputation in 2.09 seconds.
Calculated MAGIC in 4.84 seconds.
/mnt/nfs/home/marcin.malec.local/miniconda3/envs/magic311/lib/python3.11/site-packages/rds2py/PyRdsReader.py:105: RuntimeWarning: Unsupported R object type: other
  warn(f"Unsupported R object type: {rtype}", RuntimeWarning)

=== dataset_multibatch_dropout ===
  -> magic
Calculating MAGIC...
  Running MAGIC on 25000 cells and 1098 genes.
  Calculating graph and diffusion operator...
    Calculating PCA...
    Calculated PCA in 0.73 seconds.
    Calculating KNN search...
    Calculated KNN search in 1.66 seconds.
    Calculating affinities...
    Calculated affinities in 2.06 seconds.
  Calculated graph and diffusion operator in 4.47 seconds.
  Calculating imputation...
  Calculated imputation in 1.95 seconds.
Calculated MAGIC in 6.43 seconds.
Wrote results_imputation_py/magic/cells_25000/magic_mse_table.tsv
Processing magic cells_50000...
/mnt/nfs/home/marcin.malec.local/miniconda3/envs/magic311/lib/python3.11/site-packages/rds2py/PyRdsReader.py:105: RuntimeWarning: Unsupported R object type: other
  warn(f"Unsupported R object type: {rtype}", RuntimeWarning)

=== dataset_2_types_equal ===
  -> magic
Calculating MAGIC...
  Running MAGIC on 50000 cells and 1098 genes.
  Calculating graph and diffusion operator...
    Calculating PCA...
    Calculated PCA in 1.14 seconds.
    Calculating KNN search...
    Calculated KNN search in 3.66 seconds.
    Calculating affinities...
    Calculated affinities in 5.43 seconds.
  Calculated graph and diffusion operator in 10.31 seconds.
  Calculating imputation...
  Calculated imputation in 5.49 seconds.
Calculated MAGIC in 15.82 seconds.
/mnt/nfs/home/marcin.malec.local/miniconda3/envs/magic311/lib/python3.11/site-packages/rds2py/PyRdsReader.py:105: RuntimeWarning: Unsupported R object type: other
  warn(f"Unsupported R object type: {rtype}", RuntimeWarning)

=== dataset_3_types_unequal ===
  -> magic
Calculating MAGIC...
  Running MAGIC on 50000 cells and 1099 genes.
  Calculating graph and diffusion operator...
    Calculating PCA...
    Calculated PCA in 1.11 seconds.
    Calculating KNN search...
    Calculated KNN search in 3.66 seconds.
    Calculating affinities...
    Calculated affinities in 5.15 seconds.
  Calculated graph and diffusion operator in 9.98 seconds.
  Calculating imputation...
  Calculated imputation in 5.12 seconds.
Calculated MAGIC in 15.12 seconds.
/mnt/nfs/home/marcin.malec.local/miniconda3/envs/magic311/lib/python3.11/site-packages/rds2py/PyRdsReader.py:105: RuntimeWarning: Unsupported R object type: other
  warn(f"Unsupported R object type: {rtype}", RuntimeWarning)

=== dataset_4_types_rare ===
  -> magic
Calculating MAGIC...
  Running MAGIC on 50000 cells and 1098 genes.
  Calculating graph and diffusion operator...
    Calculating PCA...
    Calculated PCA in 1.08 seconds.
    Calculating KNN search...
    Calculated KNN search in 3.65 seconds.
    Calculating affinities...
    Calculated affinities in 5.79 seconds.
  Calculated graph and diffusion operator in 10.59 seconds.
  Calculating imputation...
  Calculated imputation in 6.03 seconds.
Calculated MAGIC in 16.64 seconds.
/mnt/nfs/home/marcin.malec.local/miniconda3/envs/magic311/lib/python3.11/site-packages/rds2py/PyRdsReader.py:105: RuntimeWarning: Unsupported R object type: other
  warn(f"Unsupported R object type: {rtype}", RuntimeWarning)

=== dataset_multibatch_dropout ===
  -> magic
Calculating MAGIC...
  Running MAGIC on 50000 cells and 1099 genes.
  Calculating graph and diffusion operator...
    Calculating PCA...
    Calculated PCA in 1.33 seconds.
    Calculating KNN search...
    Calculated KNN search in 6.37 seconds.
    Calculating affinities...
    Calculated affinities in 7.45 seconds.
  Calculated graph and diffusion operator in 15.20 seconds.
  Calculating imputation...
  Calculated imputation in 4.08 seconds.
Calculated MAGIC in 19.31 seconds.
Wrote results_imputation_py/magic/cells_50000/magic_mse_table.tsv
Processing magic cells_75000...
/mnt/nfs/home/marcin.malec.local/miniconda3/envs/magic311/lib/python3.11/site-packages/rds2py/PyRdsReader.py:105: RuntimeWarning: Unsupported R object type: other
  warn(f"Unsupported R object type: {rtype}", RuntimeWarning)

=== dataset_2_types_equal ===
  -> magic
Calculating MAGIC...
  Running MAGIC on 75000 cells and 1098 genes.
  Calculating graph and diffusion operator...
    Calculating PCA...
    Calculated PCA in 2.15 seconds.
    Calculating KNN search...
    Calculated KNN search in 12.67 seconds.
    Calculating affinities...
    Calculated affinities in 9.00 seconds.
  Calculated graph and diffusion operator in 23.93 seconds.
  Calculating imputation...
  Calculated imputation in 7.51 seconds.
Calculated MAGIC in 31.47 seconds.
/mnt/nfs/home/marcin.malec.local/miniconda3/envs/magic311/lib/python3.11/site-packages/rds2py/PyRdsReader.py:105: RuntimeWarning: Unsupported R object type: other
  warn(f"Unsupported R object type: {rtype}", RuntimeWarning)

=== dataset_3_types_unequal ===
  -> magic
Calculating MAGIC...
  Running MAGIC on 75000 cells and 1099 genes.
  Calculating graph and diffusion operator...
    Calculating PCA...
    Calculated PCA in 2.07 seconds.
    Calculating KNN search...
    Calculated KNN search in 14.04 seconds.
    Calculating affinities...
    Calculated affinities in 12.03 seconds.
  Calculated graph and diffusion operator in 28.24 seconds.
  Calculating imputation...
  Calculated imputation in 7.58 seconds.
Calculated MAGIC in 35.86 seconds.
/mnt/nfs/home/marcin.malec.local/miniconda3/envs/magic311/lib/python3.11/site-packages/rds2py/PyRdsReader.py:105: RuntimeWarning: Unsupported R object type: other
  warn(f"Unsupported R object type: {rtype}", RuntimeWarning)

=== dataset_4_types_rare ===
  -> magic
Calculating MAGIC...
  Running MAGIC on 75000 cells and 1099 genes.
  Calculating graph and diffusion operator...
    Calculating PCA...
    Calculated PCA in 1.67 seconds.
    Calculating KNN search...
    Calculated KNN search in 9.07 seconds.
    Calculating affinities...
    Calculated affinities in 15.69 seconds.
  Calculated graph and diffusion operator in 26.55 seconds.
  Calculating imputation...
  Calculated imputation in 9.00 seconds.
Calculated MAGIC in 35.59 seconds.
/mnt/nfs/home/marcin.malec.local/miniconda3/envs/magic311/lib/python3.11/site-packages/rds2py/PyRdsReader.py:105: RuntimeWarning: Unsupported R object type: other
  warn(f"Unsupported R object type: {rtype}", RuntimeWarning)

=== dataset_multibatch_dropout ===
  -> magic
Calculating MAGIC...
  Running MAGIC on 75000 cells and 1099 genes.
  Calculating graph and diffusion operator...
    Calculating PCA...
    Calculated PCA in 1.96 seconds.
    Calculating KNN search...
    Calculated KNN search in 14.05 seconds.
    Calculating affinities...
    Calculated affinities in 9.37 seconds.
  Calculated graph and diffusion operator in 25.46 seconds.
  Calculating imputation...
  Calculated imputation in 6.72 seconds.
Calculated MAGIC in 32.21 seconds.
Wrote results_imputation_py/magic/cells_75000/magic_mse_table.tsv
Processing magic cells_100000...
/mnt/nfs/home/marcin.malec.local/miniconda3/envs/magic311/lib/python3.11/site-packages/rds2py/PyRdsReader.py:105: RuntimeWarning: Unsupported R object type: other
  warn(f"Unsupported R object type: {rtype}", RuntimeWarning)

=== dataset_2_types_equal ===
  -> magic
Calculating MAGIC...
  Running MAGIC on 100000 cells and 1097 genes.
  Calculating graph and diffusion operator...
    Calculating PCA...
    Calculated PCA in 2.82 seconds.
    Calculating KNN search...
    Calculated KNN search in 15.56 seconds.
    Calculating affinities...
    Calculated affinities in 22.14 seconds.
  Calculated graph and diffusion operator in 40.68 seconds.
  Calculating imputation...
  Calculated imputation in 11.30 seconds.
Calculated MAGIC in 52.03 seconds.
/mnt/nfs/home/marcin.malec.local/miniconda3/envs/magic311/lib/python3.11/site-packages/rds2py/PyRdsReader.py:105: RuntimeWarning: Unsupported R object type: other
  warn(f"Unsupported R object type: {rtype}", RuntimeWarning)

=== dataset_3_types_unequal ===
  -> magic
Calculating MAGIC...
  Running MAGIC on 100000 cells and 1097 genes.
  Calculating graph and diffusion operator...
    Calculating PCA...
    Calculated PCA in 2.66 seconds.
    Calculating KNN search...
    Calculated KNN search in 24.09 seconds.
    Calculating affinities...
    Calculated affinities in 18.87 seconds.
  Calculated graph and diffusion operator in 45.75 seconds.
  Calculating imputation...
  Calculated imputation in 10.83 seconds.
Calculated MAGIC in 56.62 seconds.
/mnt/nfs/home/marcin.malec.local/miniconda3/envs/magic311/lib/python3.11/site-packages/rds2py/PyRdsReader.py:105: RuntimeWarning: Unsupported R object type: other
  warn(f"Unsupported R object type: {rtype}", RuntimeWarning)

=== dataset_4_types_rare ===
  -> magic
Calculating MAGIC...
  Running MAGIC on 100000 cells and 1097 genes.
  Calculating graph and diffusion operator...
    Calculating PCA...
    Calculated PCA in 2.30 seconds.
    Calculating KNN search...
    Calculated KNN search in 16.50 seconds.
    Calculating affinities...
    Calculated affinities in 26.25 seconds.
  Calculated graph and diffusion operator in 45.21 seconds.
  Calculating imputation...
  Calculated imputation in 10.98 seconds.
Calculated MAGIC in 56.23 seconds.
/mnt/nfs/home/marcin.malec.local/miniconda3/envs/magic311/lib/python3.11/site-packages/rds2py/PyRdsReader.py:105: RuntimeWarning: Unsupported R object type: other
  warn(f"Unsupported R object type: {rtype}", RuntimeWarning)

=== dataset_multibatch_dropout ===
  -> magic
Calculating MAGIC...
  Running MAGIC on 100000 cells and 1097 genes.
  Calculating graph and diffusion operator...
    Calculating PCA...
    Calculated PCA in 2.76 seconds.
    Calculating KNN search...
    Calculated KNN search in 34.44 seconds.
    Calculating affinities...
    Calculated affinities in 15.67 seconds.
  Calculated graph and diffusion operator in 52.99 seconds.
  Calculating imputation...
  Calculated imputation in 11.28 seconds.
Calculated MAGIC in 64.32 seconds.
Wrote results_imputation_py/magic/cells_100000/magic_mse_table.tsv
Finished [PY/magic]
