Processing magic cells_5000...
/mnt/nfs/home/marcin.malec.local/miniconda3/envs/magic311/lib/python3.11/site-packages/rds2py/PyRdsReader.py:105: RuntimeWarning: Unsupported R object type: other
  warn(f"Unsupported R object type: {rtype}", RuntimeWarning)

=== dataset_2_types_equal ===
  -> magic
Calculating MAGIC...
  Running MAGIC on 5000 cells and 1091 genes.
  Calculating graph and diffusion operator...
    Calculating PCA...
    Calculated PCA in 0.25 seconds.
    Calculating KNN search...
    Calculated KNN search in 0.31 seconds.
    Calculating affinities...
    Calculated affinities in 0.36 seconds.
  Calculated graph and diffusion operator in 0.93 seconds.
  Calculating imputation...
  Calculated imputation in 0.28 seconds.
Calculated MAGIC in 1.22 seconds.
Calculating MAGIC...
  Running MAGIC on 5000 cells and 1091 genes.
  Calculating graph and diffusion operator...
    Calculating PCA...
    Calculated PCA in 0.23 seconds.
    Calculating KNN search...
    Calculated KNN search in 0.30 seconds.
    Calculating affinities...
    Calculated affinities in 0.36 seconds.
  Calculated graph and diffusion operator in 0.90 seconds.
  Calculating imputation...
  Calculated imputation in 0.28 seconds.
Calculated MAGIC in 1.18 seconds.
Calculating MAGIC...
  Running MAGIC on 5000 cells and 1091 genes.
  Calculating graph and diffusion operator...
    Calculating PCA...
    Calculated PCA in 0.23 seconds.
    Calculating KNN search...
    Calculated KNN search in 0.30 seconds.
    Calculating affinities...
    Calculated affinities in 0.36 seconds.
  Calculated graph and diffusion operator in 0.89 seconds.
  Calculating imputation...
  Calculated imputation in 0.28 seconds.
Calculated MAGIC in 1.18 seconds.
Calculating MAGIC...
  Running MAGIC on 5000 cells and 1091 genes.
  Calculating graph and diffusion operator...
    Calculating PCA...
    Calculated PCA in 0.24 seconds.
    Calculating KNN search...
    Calculated KNN search in 0.38 seconds.
    Calculating affinities...
    Calculated affinities in 0.48 seconds.
  Calculated graph and diffusion operator in 1.11 seconds.
  Calculating imputation...
  Calculated imputation in 0.38 seconds.
Calculated MAGIC in 1.49 seconds.
Calculating MAGIC...
  Running MAGIC on 5000 cells and 1091 genes.
  Calculating graph and diffusion operator...
    Calculating PCA...
    Calculated PCA in 0.35 seconds.
    Calculating KNN search...
    Calculated KNN search in 0.43 seconds.
    Calculating affinities...
    Calculated affinities in 0.51 seconds.
  Calculated graph and diffusion operator in 1.29 seconds.
  Calculating imputation...
  Calculated imputation in 0.36 seconds.
Calculated MAGIC in 1.65 seconds.
Calculating MAGIC...
  Running MAGIC on 5000 cells and 1091 genes.
  Calculating graph and diffusion operator...
    Calculating PCA...
    Calculated PCA in 0.35 seconds.
    Calculating KNN search...
    Calculated KNN search in 0.42 seconds.
    Calculating affinities...
    Calculated affinities in 0.51 seconds.
  Calculated graph and diffusion operator in 1.28 seconds.
  Calculating imputation...
  Calculated imputation in 0.38 seconds.
Calculated MAGIC in 1.67 seconds.
Calculating MAGIC...
  Running MAGIC on 5000 cells and 1091 genes.
  Calculating graph and diffusion operator...
    Calculating PCA...
    Calculated PCA in 0.34 seconds.
    Calculating KNN search...
    Calculated KNN search in 0.38 seconds.
    Calculating affinities...
    Calculated affinities in 0.44 seconds.
  Calculated graph and diffusion operator in 1.17 seconds.
  Calculating imputation...
  Calculated imputation in 0.30 seconds.
Calculated MAGIC in 1.47 seconds.
Calculating MAGIC...
  Running MAGIC on 5000 cells and 1091 genes.
  Calculating graph and diffusion operator...
    Calculating PCA...
    Calculated PCA in 0.23 seconds.
    Calculating KNN search...
    Calculated KNN search in 0.30 seconds.
    Calculating affinities...
    Calculated affinities in 0.36 seconds.
  Calculated graph and diffusion operator in 0.89 seconds.
  Calculating imputation...
  Calculated imputation in 0.28 seconds.
Calculated MAGIC in 1.17 seconds.
Calculating MAGIC...
  Running MAGIC on 5000 cells and 1091 genes.
  Calculating graph and diffusion operator...
    Calculating PCA...
    Calculated PCA in 0.23 seconds.
    Calculating KNN search...
    Calculated KNN search in 0.30 seconds.
    Calculating affinities...
    Calculated affinities in 0.36 seconds.
  Calculated graph and diffusion operator in 0.90 seconds.
  Calculating imputation...
  Calculated imputation in 0.29 seconds.
Calculated MAGIC in 1.19 seconds.
Calculating MAGIC...
  Running MAGIC on 5000 cells and 1091 genes.
  Calculating graph and diffusion operator...
    Calculating PCA...
    Calculated PCA in 0.24 seconds.
    Calculating KNN search...
    Calculated KNN search in 0.30 seconds.
    Calculating affinities...
    Calculated affinities in 0.36 seconds.
  Calculated graph and diffusion operator in 0.90 seconds.
  Calculating imputation...
  Calculated imputation in 0.29 seconds.
Calculated MAGIC in 1.19 seconds.
/mnt/nfs/home/marcin.malec.local/miniconda3/envs/magic311/lib/python3.11/site-packages/rds2py/PyRdsReader.py:105: RuntimeWarning: Unsupported R object type: other
  warn(f"Unsupported R object type: {rtype}", RuntimeWarning)

=== dataset_3_types_unequal ===
  -> magic
Calculating MAGIC...
  Running MAGIC on 5000 cells and 1089 genes.
  Calculating graph and diffusion operator...
    Calculating PCA...
    Calculated PCA in 0.24 seconds.
    Calculating KNN search...
    Calculated KNN search in 0.30 seconds.
    Calculating affinities...
    Calculated affinities in 0.36 seconds.
  Calculated graph and diffusion operator in 0.90 seconds.
  Calculating imputation...
  Calculated imputation in 0.25 seconds.
Calculated MAGIC in 1.15 seconds.
Calculating MAGIC...
  Running MAGIC on 5000 cells and 1089 genes.
  Calculating graph and diffusion operator...
    Calculating PCA...
    Calculated PCA in 0.27 seconds.
    Calculating KNN search...
    Calculated KNN search in 0.35 seconds.
    Calculating affinities...
    Calculated affinities in 0.51 seconds.
  Calculated graph and diffusion operator in 1.14 seconds.
  Calculating imputation...
  Calculated imputation in 0.31 seconds.
Calculated MAGIC in 1.46 seconds.
Calculating MAGIC...
  Running MAGIC on 5000 cells and 1089 genes.
  Calculating graph and diffusion operator...
    Calculating PCA...
    Calculated PCA in 0.35 seconds.
    Calculating KNN search...
    Calculated KNN search in 0.42 seconds.
    Calculating affinities...
    Calculated affinities in 0.51 seconds.
  Calculated graph and diffusion operator in 1.28 seconds.
  Calculating imputation...
  Calculated imputation in 0.33 seconds.
Calculated MAGIC in 1.61 seconds.
Calculating MAGIC...
  Running MAGIC on 5000 cells and 1089 genes.
  Calculating graph and diffusion operator...
    Calculating PCA...
    Calculated PCA in 0.34 seconds.
    Calculating KNN search...
    Calculated KNN search in 0.41 seconds.
    Calculating affinities...
    Calculated affinities in 0.50 seconds.
  Calculated graph and diffusion operator in 1.26 seconds.
  Calculating imputation...
  Calculated imputation in 0.31 seconds.
Calculated MAGIC in 1.56 seconds.
Calculating MAGIC...
  Running MAGIC on 5000 cells and 1089 genes.
  Calculating graph and diffusion operator...
    Calculating PCA...
    Calculated PCA in 0.33 seconds.
    Calculating KNN search...
    Calculated KNN search in 0.42 seconds.
    Calculating affinities...
    Calculated affinities in 0.51 seconds.
  Calculated graph and diffusion operator in 1.26 seconds.
  Calculating imputation...
  Calculated imputation in 0.30 seconds.
Calculated MAGIC in 1.56 seconds.
Calculating MAGIC...
  Running MAGIC on 5000 cells and 1089 genes.
  Calculating graph and diffusion operator...
    Calculating PCA...
    Calculated PCA in 0.27 seconds.
    Calculating KNN search...
    Calculated KNN search in 0.33 seconds.
    Calculating affinities...
    Calculated affinities in 0.36 seconds.
  Calculated graph and diffusion operator in 0.97 seconds.
  Calculating imputation...
  Calculated imputation in 0.24 seconds.
Calculated MAGIC in 1.22 seconds.
Calculating MAGIC...
  Running MAGIC on 5000 cells and 1089 genes.
  Calculating graph and diffusion operator...
    Calculating PCA...
    Calculated PCA in 0.23 seconds.
    Calculating KNN search...
    Calculated KNN search in 0.30 seconds.
    Calculating affinities...
    Calculated affinities in 0.36 seconds.
  Calculated graph and diffusion operator in 0.90 seconds.
  Calculating imputation...
  Calculated imputation in 0.25 seconds.
Calculated MAGIC in 1.15 seconds.
Calculating MAGIC...
  Running MAGIC on 5000 cells and 1089 genes.
  Calculating graph and diffusion operator...
    Calculating PCA...
    Calculated PCA in 0.23 seconds.
    Calculating KNN search...
    Calculated KNN search in 0.30 seconds.
    Calculating affinities...
    Calculated affinities in 0.36 seconds.
  Calculated graph and diffusion operator in 0.89 seconds.
  Calculating imputation...
  Calculated imputation in 0.26 seconds.
Calculated MAGIC in 1.16 seconds.
Calculating MAGIC...
  Running MAGIC on 5000 cells and 1089 genes.
  Calculating graph and diffusion operator...
    Calculating PCA...
    Calculated PCA in 0.23 seconds.
    Calculating KNN search...
    Calculated KNN search in 0.30 seconds.
    Calculating affinities...
    Calculated affinities in 0.36 seconds.
  Calculated graph and diffusion operator in 0.90 seconds.
  Calculating imputation...
  Calculated imputation in 0.24 seconds.
Calculated MAGIC in 1.14 seconds.
Calculating MAGIC...
  Running MAGIC on 5000 cells and 1089 genes.
  Calculating graph and diffusion operator...
    Calculating PCA...
    Calculated PCA in 0.23 seconds.
    Calculating KNN search...
    Calculated KNN search in 0.30 seconds.
    Calculating affinities...
    Calculated affinities in 0.36 seconds.
  Calculated graph and diffusion operator in 0.89 seconds.
  Calculating imputation...
  Calculated imputation in 0.24 seconds.
Calculated MAGIC in 1.13 seconds.
/mnt/nfs/home/marcin.malec.local/miniconda3/envs/magic311/lib/python3.11/site-packages/rds2py/PyRdsReader.py:105: RuntimeWarning: Unsupported R object type: other
  warn(f"Unsupported R object type: {rtype}", RuntimeWarning)

=== dataset_4_types_rare ===
  -> magic
Calculating MAGIC...
  Running MAGIC on 5000 cells and 1094 genes.
  Calculating graph and diffusion operator...
    Calculating PCA...
    Calculated PCA in 0.36 seconds.
    Calculating KNN search...
    Calculated KNN search in 0.50 seconds.
    Calculating affinities...
    Calculated affinities in 0.64 seconds.
  Calculated graph and diffusion operator in 1.50 seconds.
  Calculating imputation...
  Calculated imputation in 0.40 seconds.
Calculated MAGIC in 1.90 seconds.
Calculating MAGIC...
  Running MAGIC on 5000 cells and 1094 genes.
  Calculating graph and diffusion operator...
    Calculating PCA...
    Calculated PCA in 0.34 seconds.
    Calculating KNN search...
    Calculated KNN search in 0.44 seconds.
    Calculating affinities...
    Calculated affinities in 0.50 seconds.
  Calculated graph and diffusion operator in 1.29 seconds.
  Calculating imputation...
  Calculated imputation in 0.33 seconds.
Calculated MAGIC in 1.63 seconds.
Calculating MAGIC...
  Running MAGIC on 5000 cells and 1094 genes.
  Calculating graph and diffusion operator...
    Calculating PCA...
    Calculated PCA in 0.31 seconds.
    Calculating KNN search...
    Calculated KNN search in 0.35 seconds.
    Calculating affinities...
    Calculated affinities in 0.39 seconds.
  Calculated graph and diffusion operator in 1.05 seconds.
  Calculating imputation...
  Calculated imputation in 0.25 seconds.
Calculated MAGIC in 1.30 seconds.
Calculating MAGIC...
  Running MAGIC on 5000 cells and 1094 genes.
  Calculating graph and diffusion operator...
    Calculating PCA...
    Calculated PCA in 0.23 seconds.
    Calculating KNN search...
    Calculated KNN search in 0.30 seconds.
    Calculating affinities...
    Calculated affinities in 0.36 seconds.
  Calculated graph and diffusion operator in 0.89 seconds.
  Calculating imputation...
  Calculated imputation in 0.25 seconds.
Calculated MAGIC in 1.15 seconds.
Calculating MAGIC...
  Running MAGIC on 5000 cells and 1094 genes.
  Calculating graph and diffusion operator...
    Calculating PCA...
    Calculated PCA in 0.24 seconds.
    Calculating KNN search...
    Calculated KNN search in 0.30 seconds.
    Calculating affinities...
    Calculated affinities in 0.36 seconds.
  Calculated graph and diffusion operator in 0.90 seconds.
  Calculating imputation...
  Calculated imputation in 0.28 seconds.
Calculated MAGIC in 1.19 seconds.
Calculating MAGIC...
  Running MAGIC on 5000 cells and 1094 genes.
  Calculating graph and diffusion operator...
    Calculating PCA...
    Calculated PCA in 0.25 seconds.
    Calculating KNN search...
    Calculated KNN search in 0.30 seconds.
    Calculating affinities...
    Calculated affinities in 0.36 seconds.
  Calculated graph and diffusion operator in 0.91 seconds.
  Calculating imputation...
  Calculated imputation in 0.25 seconds.
Calculated MAGIC in 1.17 seconds.
Calculating MAGIC...
  Running MAGIC on 5000 cells and 1094 genes.
  Calculating graph and diffusion operator...
    Calculating PCA...
    Calculated PCA in 0.23 seconds.
    Calculating KNN search...
    Calculated KNN search in 0.30 seconds.
    Calculating affinities...
    Calculated affinities in 0.36 seconds.
  Calculated graph and diffusion operator in 0.90 seconds.
  Calculating imputation...
  Calculated imputation in 0.25 seconds.
Calculated MAGIC in 1.15 seconds.
Calculating MAGIC...
  Running MAGIC on 5000 cells and 1094 genes.
  Calculating graph and diffusion operator...
    Calculating PCA...
    Calculated PCA in 0.23 seconds.
    Calculating KNN search...
    Calculated KNN search in 0.30 seconds.
    Calculating affinities...
    Calculated affinities in 0.36 seconds.
  Calculated graph and diffusion operator in 0.89 seconds.
  Calculating imputation...
  Calculated imputation in 0.27 seconds.
Calculated MAGIC in 1.17 seconds.
Calculating MAGIC...
  Running MAGIC on 5000 cells and 1094 genes.
  Calculating graph and diffusion operator...
    Calculating PCA...
    Calculated PCA in 0.25 seconds.
    Calculating KNN search...
    Calculated KNN search in 0.30 seconds.
    Calculating affinities...
    Calculated affinities in 0.36 seconds.
  Calculated graph and diffusion operator in 0.91 seconds.
  Calculating imputation...
  Calculated imputation in 0.29 seconds.
Calculated MAGIC in 1.21 seconds.
Calculating MAGIC...
  Running MAGIC on 5000 cells and 1094 genes.
  Calculating graph and diffusion operator...
    Calculating PCA...
    Calculated PCA in 0.26 seconds.
    Calculating KNN search...
    Calculated KNN search in 0.42 seconds.
    Calculating affinities...
    Calculated affinities in 0.50 seconds.
  Calculated graph and diffusion operator in 1.19 seconds.
  Calculating imputation...
  Calculated imputation in 0.31 seconds.
Calculated MAGIC in 1.50 seconds.
/mnt/nfs/home/marcin.malec.local/miniconda3/envs/magic311/lib/python3.11/site-packages/rds2py/PyRdsReader.py:105: RuntimeWarning: Unsupported R object type: other
  warn(f"Unsupported R object type: {rtype}", RuntimeWarning)

=== dataset_multibatch_dropout ===
  -> magic
Calculating MAGIC...
  Running MAGIC on 5000 cells and 1094 genes.
  Calculating graph and diffusion operator...
    Calculating PCA...
    Calculated PCA in 0.31 seconds.
    Calculating KNN search...
    Calculated KNN search in 0.40 seconds.
    Calculating affinities...
    Calculated affinities in 0.38 seconds.
  Calculated graph and diffusion operator in 1.10 seconds.
  Calculating imputation...
  Calculated imputation in 0.22 seconds.
Calculated MAGIC in 1.33 seconds.
Calculating MAGIC...
  Running MAGIC on 5000 cells and 1094 genes.
  Calculating graph and diffusion operator...
    Calculating PCA...
    Calculated PCA in 0.24 seconds.
    Calculating KNN search...
    Calculated KNN search in 0.32 seconds.
    Calculating affinities...
    Calculated affinities in 0.37 seconds.
  Calculated graph and diffusion operator in 0.93 seconds.
  Calculating imputation...
  Calculated imputation in 0.22 seconds.
Calculated MAGIC in 1.16 seconds.
Calculating MAGIC...
  Running MAGIC on 5000 cells and 1094 genes.
  Calculating graph and diffusion operator...
    Calculating PCA...
    Calculated PCA in 0.24 seconds.
    Calculating KNN search...
    Calculated KNN search in 0.31 seconds.
    Calculating affinities...
    Calculated affinities in 0.37 seconds.
  Calculated graph and diffusion operator in 0.92 seconds.
  Calculating imputation...
  Calculated imputation in 0.22 seconds.
Calculated MAGIC in 1.15 seconds.
Calculating MAGIC...
  Running MAGIC on 5000 cells and 1094 genes.
  Calculating graph and diffusion operator...
    Calculating PCA...
    Calculated PCA in 0.23 seconds.
    Calculating KNN search...
    Calculated KNN search in 0.31 seconds.
    Calculating affinities...
    Calculated affinities in 0.37 seconds.
  Calculated graph and diffusion operator in 0.92 seconds.
  Calculating imputation...
  Calculated imputation in 0.22 seconds.
Calculated MAGIC in 1.14 seconds.
Calculating MAGIC...
  Running MAGIC on 5000 cells and 1094 genes.
  Calculating graph and diffusion operator...
    Calculating PCA...
    Calculated PCA in 0.23 seconds.
    Calculating KNN search...
    Calculated KNN search in 0.31 seconds.
    Calculating affinities...
    Calculated affinities in 0.37 seconds.
  Calculated graph and diffusion operator in 0.91 seconds.
  Calculating imputation...
  Calculated imputation in 0.23 seconds.
Calculated MAGIC in 1.15 seconds.
Calculating MAGIC...
  Running MAGIC on 5000 cells and 1094 genes.
  Calculating graph and diffusion operator...
    Calculating PCA...
    Calculated PCA in 0.25 seconds.
    Calculating KNN search...
    Calculated KNN search in 0.31 seconds.
    Calculating affinities...
    Calculated affinities in 0.37 seconds.
  Calculated graph and diffusion operator in 0.93 seconds.
  Calculating imputation...
  Calculated imputation in 0.22 seconds.
Calculated MAGIC in 1.16 seconds.
Calculating MAGIC...
  Running MAGIC on 5000 cells and 1094 genes.
  Calculating graph and diffusion operator...
    Calculating PCA...
    Calculated PCA in 0.23 seconds.
    Calculating KNN search...
    Calculated KNN search in 0.31 seconds.
    Calculating affinities...
    Calculated affinities in 0.37 seconds.
  Calculated graph and diffusion operator in 0.91 seconds.
  Calculating imputation...
  Calculated imputation in 0.26 seconds.
Calculated MAGIC in 1.17 seconds.
Calculating MAGIC...
  Running MAGIC on 5000 cells and 1094 genes.
  Calculating graph and diffusion operator...
    Calculating PCA...
    Calculated PCA in 0.27 seconds.
    Calculating KNN search...
    Calculated KNN search in 0.43 seconds.
    Calculating affinities...
    Calculated affinities in 0.52 seconds.
  Calculated graph and diffusion operator in 1.22 seconds.
  Calculating imputation...
  Calculated imputation in 0.28 seconds.
Calculated MAGIC in 1.51 seconds.
Calculating MAGIC...
  Running MAGIC on 5000 cells and 1094 genes.
  Calculating graph and diffusion operator...
    Calculating PCA...
    Calculated PCA in 0.34 seconds.
    Calculating KNN search...
    Calculated KNN search in 0.44 seconds.
    Calculating affinities...
    Calculated affinities in 0.52 seconds.
  Calculated graph and diffusion operator in 1.30 seconds.
  Calculating imputation...
  Calculated imputation in 0.28 seconds.
Calculated MAGIC in 1.59 seconds.
Calculating MAGIC...
  Running MAGIC on 5000 cells and 1094 genes.
  Calculating graph and diffusion operator...
    Calculating PCA...
    Calculated PCA in 0.35 seconds.
    Calculating KNN search...
    Calculated KNN search in 0.43 seconds.
    Calculating affinities...
    Calculated affinities in 0.46 seconds.
  Calculated graph and diffusion operator in 1.25 seconds.
  Calculating imputation...
  Calculated imputation in 0.24 seconds.
Calculated MAGIC in 1.49 seconds.
Wrote results_imputation_py/magic/cells_5000/magic_mse_table.tsv
