Processing cells_1000...

=== dataset_2_types_equal ===
Running baseline (no imputation) x5...

=== dataset_3_types_unequal ===
Running baseline (no imputation) x5...

=== dataset_4_types_rare ===
Running baseline (no imputation) x5...

=== dataset_multibatch_dropout ===
Running baseline (no imputation) x5...
Wrote results_imputation_r/baseline/cells_1000/baseline_mse_table.tsv

Done.
Processing cells_5000...

=== dataset_2_types_equal ===
Running baseline (no imputation) x5...

=== dataset_3_types_unequal ===
Running baseline (no imputation) x5...

=== dataset_4_types_rare ===
Running baseline (no imputation) x5...

=== dataset_multibatch_dropout ===
Running baseline (no imputation) x5...
Wrote results_imputation_r/baseline/cells_5000/baseline_mse_table.tsv

Done.
Processing cells_10000...

=== dataset_2_types_equal ===
Running baseline (no imputation) x5...

=== dataset_3_types_unequal ===
Running baseline (no imputation) x5...

=== dataset_4_types_rare ===
Running baseline (no imputation) x5...

=== dataset_multibatch_dropout ===
Running baseline (no imputation) x5...
Wrote results_imputation_r/baseline/cells_10000/baseline_mse_table.tsv

Done.
Processing cells_15000...

=== dataset_2_types_equal ===
Running baseline (no imputation) x5...

=== dataset_3_types_unequal ===
Running baseline (no imputation) x5...

=== dataset_4_types_rare ===
Running baseline (no imputation) x5...

=== dataset_multibatch_dropout ===
Running baseline (no imputation) x5...
Wrote results_imputation_r/baseline/cells_15000/baseline_mse_table.tsv

Done.
Processing cells_20000...

=== dataset_2_types_equal ===
Running baseline (no imputation) x5...

=== dataset_3_types_unequal ===
Running baseline (no imputation) x5...

=== dataset_4_types_rare ===
Running baseline (no imputation) x5...

=== dataset_multibatch_dropout ===
Running baseline (no imputation) x5...
Wrote results_imputation_r/baseline/cells_20000/baseline_mse_table.tsv

Done.
Finished [R/baseline]
