Processing saver cells_10000...

=== dataset_2_types_equal ===
Running SAVER x5...
1095 genes, 10000 cells
Running SAVER with 1 worker(s)
Calculating predictions for 1095 genes using 973 genes and 10000 cells...
Start time: 2026-01-27 02:28:21.662191
Estimating finish time...
Finished 8/1095 genes. Approximate finish time: 2026-01-27 02:40:56.211467
Calculating max cor cutoff...
Finished 100/1095 genes. Approximate finish time: 2026-01-27 02:44:58.555869
Calculating lambda coefficients...
Finished 212/1095 genes. Approximate finish time: 2026-01-27 02:43:45.102721
Predicting remaining genes...
Finished 433/1095 genes. Approximate finish time: 2026-01-27 02:48:06.865227
Predicting remaining genes...
Done!
Finish time: 2026-01-27 02:48:11.809746
Total time: 19.83579 mins
  [saver] Saved imputed matrix to results_imputation_r/saver/cells_10000/dataset_2_types_equal_saver.rds
1095 genes, 10000 cells
Running SAVER with 1 worker(s)
Calculating predictions for 1095 genes using 973 genes and 10000 cells...
Start time: 2026-01-27 02:48:16.83966
Estimating finish time...
Finished 8/1095 genes. Approximate finish time: 2026-01-27 02:58:35.670588
Calculating max cor cutoff...
Finished 100/1095 genes. Approximate finish time: 2026-01-27 03:03:40.835189
Calculating lambda coefficients...
Finished 213/1095 genes. Approximate finish time: 2026-01-27 03:02:55.63317
Predicting remaining genes...
Finished 434/1095 genes. Approximate finish time: 2026-01-27 03:07:27.978295
Predicting remaining genes...
Done!
Finish time: 2026-01-27 03:07:38.285491
Total time: 19.35743 mins
1095 genes, 10000 cells
Running SAVER with 1 worker(s)
Calculating predictions for 1095 genes using 973 genes and 10000 cells...
Start time: 2026-01-27 03:07:41.039504
Estimating finish time...
Finished 8/1095 genes. Approximate finish time: 2026-01-27 03:18:49.591483
Calculating max cor cutoff...
Finished 100/1095 genes. Approximate finish time: 2026-01-27 03:22:14.623801
Calculating lambda coefficients...
Finished 206/1095 genes. Approximate finish time: 2026-01-27 03:21:51.564169
Predicting remaining genes...
Finished 429/1095 genes. Approximate finish time: 2026-01-27 03:26:15.138027
Predicting remaining genes...
Done!
Finish time: 2026-01-27 03:26:27.286901
Total time: 18.77079 mins
1095 genes, 10000 cells
Running SAVER with 1 worker(s)
Calculating predictions for 1095 genes using 973 genes and 10000 cells...
Start time: 2026-01-27 03:26:29.914997
Estimating finish time...
Finished 8/1095 genes. Approximate finish time: 2026-01-27 03:46:44.613776
Calculating max cor cutoff...
Finished 100/1095 genes. Approximate finish time: 2026-01-27 03:42:41.079659
Calculating lambda coefficients...
Finished 207/1095 genes. Approximate finish time: 2026-01-27 03:41:22.910374
Predicting remaining genes...
Finished 429/1095 genes. Approximate finish time: 2026-01-27 03:46:06.50733
Predicting remaining genes...
Done!
Finish time: 2026-01-27 03:46:10.051585
Total time: 19.66894 mins
1095 genes, 10000 cells
Running SAVER with 1 worker(s)
Calculating predictions for 1095 genes using 973 genes and 10000 cells...
Start time: 2026-01-27 03:46:12.667833
Estimating finish time...
Finished 8/1095 genes. Approximate finish time: 2026-01-27 03:56:50.958012
Calculating max cor cutoff...
Finished 100/1095 genes. Approximate finish time: 2026-01-27 04:02:23.264229
Calculating lambda coefficients...
Finished 205/1095 genes. Approximate finish time: 2026-01-27 04:01:11.546144
Predicting remaining genes...
Finished 428/1095 genes. Approximate finish time: 2026-01-27 04:05:11.347545
Predicting remaining genes...
Done!
Finish time: 2026-01-27 04:05:24.560577
Total time: 19.19821 mins

=== dataset_3_types_unequal ===
Running SAVER x5...
1094 genes, 10000 cells
Running SAVER with 1 worker(s)
Calculating predictions for 1094 genes using 978 genes and 10000 cells...
Start time: 2026-01-27 04:05:31.407384
Estimating finish time...
Finished 8/1094 genes. Approximate finish time: 2026-01-27 04:25:25.32112
Calculating max cor cutoff...
Finished 100/1094 genes. Approximate finish time: 2026-01-27 04:21:26.544798
Calculating lambda coefficients...
Finished 214/1094 genes. Approximate finish time: 2026-01-27 04:19:45.810003
Predicting remaining genes...
Finished 434/1094 genes. Approximate finish time: 2026-01-27 04:24:09.494702
Predicting remaining genes...
Done!
Finish time: 2026-01-27 04:24:11.961981
Total time: 18.67591 mins
  [saver] Saved imputed matrix to results_imputation_r/saver/cells_10000/dataset_3_types_unequal_saver.rds
1094 genes, 10000 cells
Running SAVER with 1 worker(s)
Calculating predictions for 1094 genes using 978 genes and 10000 cells...
Start time: 2026-01-27 04:24:16.944488
Estimating finish time...
Finished 8/1094 genes. Approximate finish time: 2026-01-27 04:37:06.555189
Calculating max cor cutoff...
Finished 100/1094 genes. Approximate finish time: 2026-01-27 04:39:16.871103
Calculating lambda coefficients...
Finished 210/1094 genes. Approximate finish time: 2026-01-27 04:37:04.795659
Predicting remaining genes...
Finished 431/1094 genes. Approximate finish time: 2026-01-27 04:41:12.019536
Predicting remaining genes...
Done!
Finish time: 2026-01-27 04:41:04.006303
Total time: 16.78436 mins
1094 genes, 10000 cells
Running SAVER with 1 worker(s)
Calculating predictions for 1094 genes using 978 genes and 10000 cells...
Start time: 2026-01-27 04:41:06.710173
Estimating finish time...
Finished 8/1094 genes. Approximate finish time: 2026-01-27 04:50:31.508479
Calculating max cor cutoff...
Finished 100/1094 genes. Approximate finish time: 2026-01-27 04:55:14.75313
Calculating lambda coefficients...
Finished 221/1094 genes. Approximate finish time: 2026-01-27 04:54:38.784948
Predicting remaining genes...
Finished 440/1094 genes. Approximate finish time: 2026-01-27 04:58:15.697013
Predicting remaining genes...
Done!
Finish time: 2026-01-27 04:58:19.993438
Total time: 17.22138 mins
1094 genes, 10000 cells
Running SAVER with 1 worker(s)
Calculating predictions for 1094 genes using 978 genes and 10000 cells...
Start time: 2026-01-27 04:58:22.661948
Estimating finish time...
Finished 8/1094 genes. Approximate finish time: 2026-01-27 05:07:26.725497
Calculating max cor cutoff...
Finished 100/1094 genes. Approximate finish time: 2026-01-27 05:10:28.616472
Calculating lambda coefficients...
Finished 214/1094 genes. Approximate finish time: 2026-01-27 05:10:42.751687
Predicting remaining genes...
Finished 434/1094 genes. Approximate finish time: 2026-01-27 05:14:50.913941
Predicting remaining genes...
Done!
Finish time: 2026-01-27 05:15:01.480505
Total time: 16.64697 mins
1094 genes, 10000 cells
Running SAVER with 1 worker(s)
Calculating predictions for 1094 genes using 978 genes and 10000 cells...
Start time: 2026-01-27 05:15:04.274735
Estimating finish time...
Finished 8/1094 genes. Approximate finish time: 2026-01-27 05:28:54.023709
Calculating max cor cutoff...
Finished 100/1094 genes. Approximate finish time: 2026-01-27 05:30:23.366411
Calculating lambda coefficients...
Finished 210/1094 genes. Approximate finish time: 2026-01-27 05:28:11.336383
Predicting remaining genes...
Finished 431/1094 genes. Approximate finish time: 2026-01-27 05:32:18.377181
Predicting remaining genes...
Done!
Finish time: 2026-01-27 05:32:17.417614
Total time: 17.21904 mins

=== dataset_4_types_rare ===
Running SAVER x5...
1096 genes, 10000 cells
Running SAVER with 1 worker(s)
Calculating predictions for 1096 genes using 1006 genes and 10000 cells...
Start time: 2026-01-27 05:32:24.31599
Estimating finish time...
Finished 8/1096 genes. Approximate finish time: 2026-01-27 05:41:35.375238
Calculating max cor cutoff...
Finished 100/1096 genes. Approximate finish time: 2026-01-27 05:48:37.277134
Calculating lambda coefficients...
Finished 207/1096 genes. Approximate finish time: 2026-01-27 05:47:00.560938
Predicting remaining genes...
Finished 430/1096 genes. Approximate finish time: 2026-01-27 05:51:50.758
Predicting remaining genes...
Done!
Finish time: 2026-01-27 05:51:56.0836
Total time: 19.52946 mins
  [saver] Saved imputed matrix to results_imputation_r/saver/cells_10000/dataset_4_types_rare_saver.rds
1096 genes, 10000 cells
Running SAVER with 1 worker(s)
Calculating predictions for 1096 genes using 1006 genes and 10000 cells...
Start time: 2026-01-27 05:52:00.807981
Estimating finish time...
Finished 8/1096 genes. Approximate finish time: 2026-01-27 06:01:36.27173
Calculating max cor cutoff...
Finished 100/1096 genes. Approximate finish time: 2026-01-27 06:05:41.359671
Calculating lambda coefficients...
Finished 206/1096 genes. Approximate finish time: 2026-01-27 06:04:28.034414
Predicting remaining genes...
Finished 429/1096 genes. Approximate finish time: 2026-01-27 06:10:05.572067
Predicting remaining genes...
Done!
Finish time: 2026-01-27 06:09:50.630552
Total time: 17.83037 mins
1096 genes, 10000 cells
Running SAVER with 1 worker(s)
Calculating predictions for 1096 genes using 1006 genes and 10000 cells...
Start time: 2026-01-27 06:09:53.15207
Estimating finish time...
Finished 8/1096 genes. Approximate finish time: 2026-01-27 06:19:31.377812
Calculating max cor cutoff...
Finished 100/1096 genes. Approximate finish time: 2026-01-27 06:22:23.064015
Calculating lambda coefficients...
Finished 202/1096 genes. Approximate finish time: 2026-01-27 06:21:47.114569
Predicting remaining genes...
Finished 426/1096 genes. Approximate finish time: 2026-01-27 06:27:18.895109
Predicting remaining genes...
Done!
Finish time: 2026-01-27 06:27:11.76418
Total time: 17.3102 mins
1096 genes, 10000 cells
Running SAVER with 1 worker(s)
Calculating predictions for 1096 genes using 1006 genes and 10000 cells...
Start time: 2026-01-27 06:27:14.372893
Estimating finish time...
Finished 8/1096 genes. Approximate finish time: 2026-01-27 06:46:37.061486
Calculating max cor cutoff...
Finished 100/1096 genes. Approximate finish time: 2026-01-27 06:39:56.833208
Calculating lambda coefficients...
Finished 204/1096 genes. Approximate finish time: 2026-01-27 06:39:58.729195
Predicting remaining genes...
Finished 427/1096 genes. Approximate finish time: 2026-01-27 06:44:57.084281
Predicting remaining genes...
Done!
Finish time: 2026-01-27 06:44:59.338529
Total time: 17.74942 mins
1096 genes, 10000 cells
Running SAVER with 1 worker(s)
Calculating predictions for 1096 genes using 1006 genes and 10000 cells...
Start time: 2026-01-27 06:45:02.070086
Estimating finish time...
Finished 8/1096 genes. Approximate finish time: 2026-01-27 06:54:56.703237
Calculating max cor cutoff...
Finished 100/1096 genes. Approximate finish time: 2026-01-27 06:57:36.192369
Calculating lambda coefficients...
Finished 200/1096 genes. Approximate finish time: 2026-01-27 06:57:27.61373
Predicting remaining genes...
Finished 424/1096 genes. Approximate finish time: 2026-01-27 07:02:39.655653
Predicting remaining genes...
Done!
Finish time: 2026-01-27 07:02:48.599749
Total time: 17.77549 mins

=== dataset_multibatch_dropout ===
Running SAVER x5...
1097 genes, 10000 cells
Running SAVER with 1 worker(s)
Calculating predictions for 1097 genes using 997 genes and 10000 cells...
Start time: 2026-01-27 07:02:54.970596
Estimating finish time...
Finished 8/1097 genes. Approximate finish time: 2026-01-27 07:11:25.286999
Calculating max cor cutoff...
Finished 100/1097 genes. Approximate finish time: 2026-01-27 07:17:08.815484
Calculating lambda coefficients...
Finished 200/1097 genes. Approximate finish time: 2026-01-27 07:16:59.020227
Predicting remaining genes...
Finished 425/1097 genes. Approximate finish time: 2026-01-27 07:20:19.853446
Predicting remaining genes...
Done!
Finish time: 2026-01-27 07:20:19.509027
Total time: 17.40897 mins
  [saver] Saved imputed matrix to results_imputation_r/saver/cells_10000/dataset_multibatch_dropout_saver.rds
1097 genes, 10000 cells
Running SAVER with 1 worker(s)
Calculating predictions for 1097 genes using 997 genes and 10000 cells...
Start time: 2026-01-27 07:20:24.457727
Estimating finish time...
Finished 8/1097 genes. Approximate finish time: 2026-01-27 07:34:51.407077
Calculating max cor cutoff...
Finished 100/1097 genes. Approximate finish time: 2026-01-27 07:32:29.790555
Calculating lambda coefficients...
Finished 200/1097 genes. Approximate finish time: 2026-01-27 07:32:36.789304
Predicting remaining genes...
Finished 425/1097 genes. Approximate finish time: 2026-01-27 07:36:56.151634
Predicting remaining genes...
Done!
Finish time: 2026-01-27 07:36:39.676118
Total time: 16.25364 mins
1097 genes, 10000 cells
Running SAVER with 1 worker(s)
Calculating predictions for 1097 genes using 997 genes and 10000 cells...
Start time: 2026-01-27 07:36:42.472394
Estimating finish time...
Finished 8/1097 genes. Approximate finish time: 2026-01-27 07:50:54.812451
Calculating max cor cutoff...
Finished 100/1097 genes. Approximate finish time: 2026-01-27 07:48:50.308175
Calculating lambda coefficients...
Finished 200/1097 genes. Approximate finish time: 2026-01-27 07:49:20.088181
Predicting remaining genes...
Finished 425/1097 genes. Approximate finish time: 2026-01-27 07:53:40.917533
Predicting remaining genes...
Done!
Finish time: 2026-01-27 07:53:42.774647
Total time: 17.00503 mins
1097 genes, 10000 cells
Running SAVER with 1 worker(s)
Calculating predictions for 1097 genes using 997 genes and 10000 cells...
Start time: 2026-01-27 07:53:45.650306
Estimating finish time...
Finished 8/1097 genes. Approximate finish time: 2026-01-27 08:07:07.901714
Calculating max cor cutoff...
Finished 100/1097 genes. Approximate finish time: 2026-01-27 08:05:26.211326
Calculating lambda coefficients...
Finished 200/1097 genes. Approximate finish time: 2026-01-27 08:05:47.103794
Predicting remaining genes...
Finished 425/1097 genes. Approximate finish time: 2026-01-27 08:09:32.491862
Predicting remaining genes...
Done!
Finish time: 2026-01-27 08:09:21.951438
Total time: 15.60502 mins
1097 genes, 10000 cells
Running SAVER with 1 worker(s)
Calculating predictions for 1097 genes using 997 genes and 10000 cells...
Start time: 2026-01-27 08:09:24.739429
Estimating finish time...
Finished 8/1097 genes. Approximate finish time: 2026-01-27 08:23:19.436765
Calculating max cor cutoff...
Finished 100/1097 genes. Approximate finish time: 2026-01-27 08:21:12.647091
Calculating lambda coefficients...
Finished 200/1097 genes. Approximate finish time: 2026-01-27 08:21:33.315944
Predicting remaining genes...
Finished 425/1097 genes. Approximate finish time: 2026-01-27 08:26:26.543553
Predicting remaining genes...
Done!
Finish time: 2026-01-27 08:26:12.824694
Total time: 16.80142 mins
Wrote results_imputation_r/saver/cells_10000/saver_mse_table.tsv

Done.
