Processing cells_1000...

=== dataset_2_types_equal ===
Running SAVER x5...
SAVER can be unstable with ncores > 1; using ncores = 1.
1066 genes, 1000 cells
Running SAVER with 1 worker(s)
Calculating predictions for 1066 genes using 961 genes and 1000 cells...
Start time: 2026-01-27 01:58:21.200683
Estimating finish time...
Finished 8/1066 genes. Approximate finish time: 2026-01-27 02:01:46.515989
Calculating max cor cutoff...
Finished 100/1066 genes. Approximate finish time: 2026-01-27 02:01:06.970673
Calculating lambda coefficients...
Finished 215/1066 genes. Approximate finish time: 2026-01-27 02:00:56.014573
Predicting remaining genes...
Finished 428/1066 genes. Approximate finish time: 2026-01-27 02:00:54.394992
Predicting remaining genes...
Done!
Finish time: 2026-01-27 02:00:55.783867
Total time: 2.576384 mins
  [saver] Saved imputed matrix to results_imputation_r/saver/cells_1000/dataset_2_types_equal_saver.rds
1066 genes, 1000 cells
Running SAVER with 1 worker(s)
Calculating predictions for 1066 genes using 961 genes and 1000 cells...
Start time: 2026-01-27 02:00:56.678153
Estimating finish time...
Finished 8/1066 genes. Approximate finish time: 2026-01-27 02:03:15.082343
Calculating max cor cutoff...
