Processing saver cells_15000...

=== dataset_2_types_equal ===
Running SAVER x5...
1093 genes, 15000 cells
Running SAVER with 1 worker(s)
Calculating predictions for 1093 genes using 972 genes and 15000 cells...
Start time: 2026-01-27 02:59:41.800436
Estimating finish time...
Finished 8/1093 genes. Approximate finish time: 2026-01-27 03:18:55.957325
Calculating max cor cutoff...
Finished 100/1093 genes. Approximate finish time: 2026-01-27 03:22:59.012393
Calculating lambda coefficients...
Finished 209/1093 genes. Approximate finish time: 2026-01-27 03:22:41.754703
Predicting remaining genes...
Finished 430/1093 genes. Approximate finish time: 2026-01-27 03:31:31.548085
Predicting remaining genes...
Done!
Finish time: 2026-01-27 03:31:38.449738
Total time: 31.94415 mins
  [saver] Saved imputed matrix to results_imputation_r/saver/cells_15000/dataset_2_types_equal_saver.rds
1093 genes, 15000 cells
Running SAVER with 1 worker(s)
Calculating predictions for 1093 genes using 972 genes and 15000 cells...
Start time: 2026-01-27 03:31:45.547289
Estimating finish time...
Finished 8/1093 genes. Approximate finish time: 2026-01-27 03:50:16.758206
Calculating max cor cutoff...
Finished 100/1093 genes. Approximate finish time: 2026-01-27 03:59:36.895778
Calculating lambda coefficients...
Finished 213/1093 genes. Approximate finish time: 2026-01-27 03:57:33.811131
Predicting remaining genes...
Finished 433/1093 genes. Approximate finish time: 2026-01-27 04:06:12.318819
Predicting remaining genes...
Done!
Finish time: 2026-01-27 04:06:18.785068
Total time: 34.55396 mins
1093 genes, 15000 cells
Running SAVER with 1 worker(s)
Calculating predictions for 1093 genes using 972 genes and 15000 cells...
Start time: 2026-01-27 04:06:22.489867
Estimating finish time...
Finished 8/1093 genes. Approximate finish time: 2026-01-27 04:39:17.628982
Calculating max cor cutoff...
Finished 100/1093 genes. Approximate finish time: 2026-01-27 04:33:13.761001
Calculating lambda coefficients...
Finished 202/1093 genes. Approximate finish time: 2026-01-27 04:32:41.495389
Predicting remaining genes...
Finished 425/1093 genes. Approximate finish time: 2026-01-27 04:41:43.243762
Predicting remaining genes...
Done!
Finish time: 2026-01-27 04:41:29.968688
Total time: 35.12464 mins
1093 genes, 15000 cells
Running SAVER with 1 worker(s)
Calculating predictions for 1093 genes using 972 genes and 15000 cells...
Start time: 2026-01-27 04:41:33.754105
Estimating finish time...
Finished 8/1093 genes. Approximate finish time: 2026-01-27 05:21:08.735323
Calculating max cor cutoff...
Finished 100/1093 genes. Approximate finish time: 2026-01-27 05:05:04.453681
Calculating lambda coefficients...
Finished 204/1093 genes. Approximate finish time: 2026-01-27 05:03:59.033955
Predicting remaining genes...
Finished 427/1093 genes. Approximate finish time: 2026-01-27 05:13:14.694385
Predicting remaining genes...
Done!
Finish time: 2026-01-27 05:13:01.746324
Total time: 31.46653 mins
1093 genes, 15000 cells
Running SAVER with 1 worker(s)
Calculating predictions for 1093 genes using 972 genes and 15000 cells...
Start time: 2026-01-27 05:13:05.781164
Estimating finish time...
Finished 8/1093 genes. Approximate finish time: 2026-01-27 05:31:39.324892
Calculating max cor cutoff...
Finished 100/1093 genes. Approximate finish time: 2026-01-27 05:38:08.080391
Calculating lambda coefficients...
Finished 203/1093 genes. Approximate finish time: 2026-01-27 05:37:53.731754
Predicting remaining genes...
Finished 426/1093 genes. Approximate finish time: 2026-01-27 05:47:03.217936
Predicting remaining genes...
Done!
Finish time: 2026-01-27 05:46:46.048902
Total time: 33.67112 mins

=== dataset_3_types_unequal ===
Running SAVER x5...
1094 genes, 15000 cells
Running SAVER with 1 worker(s)
Calculating predictions for 1094 genes using 980 genes and 15000 cells...
Start time: 2026-01-27 05:46:56.672827
Estimating finish time...
Finished 8/1094 genes. Approximate finish time: 2026-01-27 06:15:37.637496
Calculating max cor cutoff...
Finished 100/1094 genes. Approximate finish time: 2026-01-27 06:10:17.000221
Calculating lambda coefficients...
Finished 215/1094 genes. Approximate finish time: 2026-01-27 06:09:59.488495
Predicting remaining genes...
Finished 435/1094 genes. Approximate finish time: 2026-01-27 06:18:05.065971
Predicting remaining genes...
Done!
Finish time: 2026-01-27 06:17:59.117084
Total time: 31.04073 mins
  [saver] Saved imputed matrix to results_imputation_r/saver/cells_15000/dataset_3_types_unequal_saver.rds
1094 genes, 15000 cells
Running SAVER with 1 worker(s)
Calculating predictions for 1094 genes using 980 genes and 15000 cells...
Start time: 2026-01-27 06:18:06.330959
Estimating finish time...
Finished 8/1094 genes. Approximate finish time: 2026-01-27 06:37:25.831281
Calculating max cor cutoff...
Finished 100/1094 genes. Approximate finish time: 2026-01-27 06:37:41.220224
Calculating lambda coefficients...
Finished 208/1094 genes. Approximate finish time: 2026-01-27 06:37:41.922358
Predicting remaining genes...
Finished 430/1094 genes. Approximate finish time: 2026-01-27 06:45:22.837401
Predicting remaining genes...
Done!
Finish time: 2026-01-27 06:45:15.277811
Total time: 27.14911 mins
1094 genes, 15000 cells
Running SAVER with 1 worker(s)
Calculating predictions for 1094 genes using 980 genes and 15000 cells...
Start time: 2026-01-27 06:45:19.605933
Estimating finish time...
Finished 8/1094 genes. Approximate finish time: 2026-01-27 07:02:07.772217
Calculating max cor cutoff...
Finished 100/1094 genes. Approximate finish time: 2026-01-27 07:09:11.527181
Calculating lambda coefficients...
Finished 206/1094 genes. Approximate finish time: 2026-01-27 07:09:16.530943
Predicting remaining genes...
Finished 428/1094 genes. Approximate finish time: 2026-01-27 07:17:47.675799
Predicting remaining genes...
Done!
Finish time: 2026-01-27 07:17:46.338438
Total time: 32.44554 mins
1094 genes, 15000 cells
Running SAVER with 1 worker(s)
Calculating predictions for 1094 genes using 980 genes and 15000 cells...
Start time: 2026-01-27 07:17:50.293889
Estimating finish time...
Finished 8/1094 genes. Approximate finish time: 2026-01-27 07:44:19.834441
Calculating max cor cutoff...
Finished 100/1094 genes. Approximate finish time: 2026-01-27 07:39:15.695797
Calculating lambda coefficients...
Finished 217/1094 genes. Approximate finish time: 2026-01-27 07:38:31.140059
Predicting remaining genes...
Finished 437/1094 genes. Approximate finish time: 2026-01-27 07:46:02.256553
Predicting remaining genes...
Done!
Finish time: 2026-01-27 07:46:00.173409
Total time: 28.16465 mins
1094 genes, 15000 cells
Running SAVER with 1 worker(s)
Calculating predictions for 1094 genes using 980 genes and 15000 cells...
Start time: 2026-01-27 07:46:03.719349
Estimating finish time...
Finished 8/1094 genes. Approximate finish time: 2026-01-27 08:05:26.281919
Calculating max cor cutoff...
Finished 100/1094 genes. Approximate finish time: 2026-01-27 08:05:35.707676
Calculating lambda coefficients...
Finished 209/1094 genes. Approximate finish time: 2026-01-27 08:05:56.784573
Predicting remaining genes...
Finished 431/1094 genes. Approximate finish time: 2026-01-27 08:13:41.027128
Predicting remaining genes...
Done!
Finish time: 2026-01-27 08:13:16.752877
Total time: 27.21722 mins

=== dataset_4_types_rare ===
Running SAVER x5...
1095 genes, 15000 cells
Running SAVER with 1 worker(s)
Calculating predictions for 1095 genes using 997 genes and 15000 cells...
Start time: 2026-01-27 08:13:26.138807
Estimating finish time...
Finished 8/1095 genes. Approximate finish time: 2026-01-27 08:29:29.002149
Calculating max cor cutoff...
Finished 100/1095 genes. Approximate finish time: 2026-01-27 08:33:29.504271
Calculating lambda coefficients...
Finished 213/1095 genes. Approximate finish time: 2026-01-27 08:32:59.933455
Predicting remaining genes...
Finished 434/1095 genes. Approximate finish time: 2026-01-27 08:43:15.683918
Predicting remaining genes...
Done!
Finish time: 2026-01-27 08:42:45.999431
Total time: 29.33101 mins
  [saver] Saved imputed matrix to results_imputation_r/saver/cells_15000/dataset_4_types_rare_saver.rds
1095 genes, 15000 cells
Running SAVER with 1 worker(s)
Calculating predictions for 1095 genes using 997 genes and 15000 cells...
Start time: 2026-01-27 08:42:53.054008
Estimating finish time...
Finished 8/1095 genes. Approximate finish time: 2026-01-27 09:13:10.851934
Calculating max cor cutoff...
Finished 100/1095 genes. Approximate finish time: 2026-01-27 09:04:41.022801
Calculating lambda coefficients...
Finished 209/1095 genes. Approximate finish time: 2026-01-27 09:04:36.582757
Predicting remaining genes...
Finished 431/1095 genes. Approximate finish time: 2026-01-27 09:14:50.440376
Predicting remaining genes...
Done!
Finish time: 2026-01-27 09:14:28.285652
Total time: 31.58719 mins
1095 genes, 15000 cells
Running SAVER with 1 worker(s)
Calculating predictions for 1095 genes using 997 genes and 15000 cells...
Start time: 2026-01-27 09:14:32.067991
Estimating finish time...
Finished 8/1095 genes. Approximate finish time: 2026-01-27 09:31:24.56542
Calculating max cor cutoff...
Finished 100/1095 genes. Approximate finish time: 2026-01-27 09:34:58.312839
Calculating lambda coefficients...
Finished 206/1095 genes. Approximate finish time: 2026-01-27 09:34:34.211542
Predicting remaining genes...
Finished 429/1095 genes. Approximate finish time: 2026-01-27 09:44:32.132139
Predicting remaining genes...
Done!
Finish time: 2026-01-27 09:44:26.944081
Total time: 29.9146 mins
1095 genes, 15000 cells
Running SAVER with 1 worker(s)
Calculating predictions for 1095 genes using 997 genes and 15000 cells...
Start time: 2026-01-27 09:44:30.323339
Estimating finish time...
Finished 8/1095 genes. Approximate finish time: 2026-01-27 10:00:21.725947
Calculating max cor cutoff...
Finished 100/1095 genes. Approximate finish time: 2026-01-27 10:04:01.179181
Calculating lambda coefficients...
Finished 200/1095 genes. Approximate finish time: 2026-01-27 10:03:51.386826
Predicting remaining genes...
Finished 424/1095 genes. Approximate finish time: 2026-01-27 10:14:33.680165
Predicting remaining genes...
Done!
Finish time: 2026-01-27 10:14:31.708632
Total time: 30.02308 mins
1095 genes, 15000 cells
Running SAVER with 1 worker(s)
Calculating predictions for 1095 genes using 997 genes and 15000 cells...
Start time: 2026-01-27 10:14:35.108134
Estimating finish time...
Finished 8/1095 genes. Approximate finish time: 2026-01-27 10:30:42.546362
Calculating max cor cutoff...
Finished 100/1095 genes. Approximate finish time: 2026-01-27 10:36:11.098907
Calculating lambda coefficients...
Finished 206/1095 genes. Approximate finish time: 2026-01-27 10:34:41.076492
Predicting remaining genes...
Finished 429/1095 genes. Approximate finish time: 2026-01-27 10:44:26.832758
Predicting remaining genes...
Done!
Finish time: 2026-01-27 10:44:01.239946
Total time: 29.43553 mins

=== dataset_multibatch_dropout ===
Running SAVER x5...
1094 genes, 15000 cells
Running SAVER with 1 worker(s)
Calculating predictions for 1094 genes using 989 genes and 15000 cells...
Start time: 2026-01-27 10:44:10.523091
Estimating finish time...
Finished 8/1094 genes. Approximate finish time: 2026-01-27 10:59:13.721597
Calculating max cor cutoff...
Finished 100/1094 genes. Approximate finish time: 2026-01-27 11:00:13.177595
Calculating lambda coefficients...
Finished 200/1094 genes. Approximate finish time: 2026-01-27 11:00:27.753001
Predicting remaining genes...
Finished 424/1094 genes. Approximate finish time: 2026-01-27 11:07:04.831499
Predicting remaining genes...
Done!
Finish time: 2026-01-27 11:06:47.606466
Total time: 22.61805 mins
  [saver] Saved imputed matrix to results_imputation_r/saver/cells_15000/dataset_multibatch_dropout_saver.rds
1094 genes, 15000 cells
Running SAVER with 1 worker(s)
Calculating predictions for 1094 genes using 989 genes and 15000 cells...
Start time: 2026-01-27 11:06:54.504034
Estimating finish time...
Finished 8/1094 genes. Approximate finish time: 2026-01-27 11:30:05.069877
Calculating max cor cutoff...
Finished 100/1094 genes. Approximate finish time: 2026-01-27 11:28:54.918326
Calculating lambda coefficients...
Finished 200/1094 genes. Approximate finish time: 2026-01-27 11:26:19.487139
Predicting remaining genes...
Finished 424/1094 genes. Approximate finish time: 2026-01-27 11:32:31.239988
Predicting remaining genes...
Done!
Finish time: 2026-01-27 11:32:19.584073
Total time: 25.418 mins
1094 genes, 15000 cells
Running SAVER with 1 worker(s)
Calculating predictions for 1094 genes using 989 genes and 15000 cells...
Start time: 2026-01-27 11:32:22.940113
Estimating finish time...
Finished 8/1094 genes. Approximate finish time: 2026-01-27 11:45:39.73899
Calculating max cor cutoff...
Finished 100/1094 genes. Approximate finish time: 2026-01-27 11:51:07.811181
Calculating lambda coefficients...
Finished 200/1094 genes. Approximate finish time: 2026-01-27 11:51:09.240178
Predicting remaining genes...
Finished 424/1094 genes. Approximate finish time: 2026-01-27 11:56:35.068741
Predicting remaining genes...
Done!
Finish time: 2026-01-27 11:56:31.846299
Total time: 24.14843 mins
1094 genes, 15000 cells
Running SAVER with 1 worker(s)
Calculating predictions for 1094 genes using 989 genes and 15000 cells...
Start time: 2026-01-27 11:56:34.718318
Estimating finish time...
Finished 8/1094 genes. Approximate finish time: 2026-01-27 12:19:21.373561
Calculating max cor cutoff...
Finished 100/1094 genes. Approximate finish time: 2026-01-27 12:18:34.744267
Calculating lambda coefficients...
Finished 200/1094 genes. Approximate finish time: 2026-01-27 12:16:03.634344
Predicting remaining genes...
Finished 424/1094 genes. Approximate finish time: 2026-01-27 12:22:24.387508
Predicting remaining genes...
Done!
Finish time: 2026-01-27 12:22:04.927425
Total time: 25.50348 mins
1094 genes, 15000 cells
Running SAVER with 1 worker(s)
Calculating predictions for 1094 genes using 989 genes and 15000 cells...
Start time: 2026-01-27 12:22:08.788663
Estimating finish time...
Finished 8/1094 genes. Approximate finish time: 2026-01-27 12:35:21.998783
Calculating max cor cutoff...
Finished 100/1094 genes. Approximate finish time: 2026-01-27 12:41:09.710585
Calculating lambda coefficients...
Finished 200/1094 genes. Approximate finish time: 2026-01-27 12:41:12.655263
Predicting remaining genes...
Finished 424/1094 genes. Approximate finish time: 2026-01-27 12:46:51.097413
Predicting remaining genes...
Done!
Finish time: 2026-01-27 12:47:06.013122
Total time: 24.95374 mins
Wrote results_imputation_r/saver/cells_15000/saver_mse_table.tsv

Done.
