Processing dca datasets from datasets...
/mnt/nfs/home/marcin.malec.local/miniconda3/envs/magic311/lib/python3.11/site-packages/rds2py/PyRdsReader.py:105: RuntimeWarning: Unsupported R object type: other
  warn(f"Unsupported R object type: {rtype}", RuntimeWarning)
/mnt/nfs/home/marcin.malec.local/miniconda3/envs/magic311/lib/python3.11/site-packages/rds2py/PyRdsReader.py:105: RuntimeWarning: Unsupported R object type: other
  warn(f"Unsupported R object type: {rtype}", RuntimeWarning)
/mnt/nfs/home/marcin.malec.local/miniconda3/envs/magic311/lib/python3.11/site-packages/rds2py/PyRdsReader.py:105: RuntimeWarning: Unsupported R object type: other
  warn(f"Unsupported R object type: {rtype}", RuntimeWarning)
/mnt/nfs/home/marcin.malec.local/miniconda3/envs/magic311/lib/python3.11/site-packages/rds2py/PyRdsReader.py:105: RuntimeWarning: Unsupported R object type: other
  warn(f"Unsupported R object type: {rtype}", RuntimeWarning)
/mnt/nfs/home/marcin.malec.local/miniconda3/envs/magic311/lib/python3.11/site-packages/rds2py/PyRdsReader.py:105: RuntimeWarning: Unsupported R object type: other
  warn(f"Unsupported R object type: {rtype}", RuntimeWarning)

--- Dataset: blakeley_top1000hvg ---
  -> dca
[DCA] CUDA_VISIBLE_DEVICES=0 dca_bin=/mnt/nfs/home/marcin.malec.local/miniconda3/envs/dca_env/bin/dca
[DCA] CUDA_VISIBLE_DEVICES=0 dca_bin=/mnt/nfs/home/marcin.malec.local/miniconda3/envs/dca_env/bin/dca
[DCA] CUDA_VISIBLE_DEVICES=0 dca_bin=/mnt/nfs/home/marcin.malec.local/miniconda3/envs/dca_env/bin/dca
[DCA] CUDA_VISIBLE_DEVICES=0 dca_bin=/mnt/nfs/home/marcin.malec.local/miniconda3/envs/dca_env/bin/dca
[DCA] CUDA_VISIBLE_DEVICES=0 dca_bin=/mnt/nfs/home/marcin.malec.local/miniconda3/envs/dca_env/bin/dca
    ASW=0.4300 ARI=0.6132 NMI=0.6498 PS=0.7800

--- Dataset: darmanis_top1000hvg ---
  -> dca
[DCA] CUDA_VISIBLE_DEVICES=0 dca_bin=/mnt/nfs/home/marcin.malec.local/miniconda3/envs/dca_env/bin/dca
[DCA] CUDA_VISIBLE_DEVICES=0 dca_bin=/mnt/nfs/home/marcin.malec.local/miniconda3/envs/dca_env/bin/dca
[DCA] CUDA_VISIBLE_DEVICES=0 dca_bin=/mnt/nfs/home/marcin.malec.local/miniconda3/envs/dca_env/bin/dca
[DCA] CUDA_VISIBLE_DEVICES=0 dca_bin=/mnt/nfs/home/marcin.malec.local/miniconda3/envs/dca_env/bin/dca
[DCA] CUDA_VISIBLE_DEVICES=0 dca_bin=/mnt/nfs/home/marcin.malec.local/miniconda3/envs/dca_env/bin/dca
    ASW=0.4872 ARI=0.9407 NMI=0.9174 PS=0.9605

--- Dataset: deng_top1000hvg ---
  -> dca
[DCA] CUDA_VISIBLE_DEVICES=0 dca_bin=/mnt/nfs/home/marcin.malec.local/miniconda3/envs/dca_env/bin/dca
[DCA] CUDA_VISIBLE_DEVICES=0 dca_bin=/mnt/nfs/home/marcin.malec.local/miniconda3/envs/dca_env/bin/dca
[DCA] CUDA_VISIBLE_DEVICES=0 dca_bin=/mnt/nfs/home/marcin.malec.local/miniconda3/envs/dca_env/bin/dca
[DCA] CUDA_VISIBLE_DEVICES=0 dca_bin=/mnt/nfs/home/marcin.malec.local/miniconda3/envs/dca_env/bin/dca
[DCA] CUDA_VISIBLE_DEVICES=0 dca_bin=/mnt/nfs/home/marcin.malec.local/miniconda3/envs/dca_env/bin/dca
    ASW=0.5717 ARI=0.5709 NMI=0.7927 PS=0.8537

--- Dataset: pollen_top1000hvg ---
  -> dca
[DCA] CUDA_VISIBLE_DEVICES=0 dca_bin=/mnt/nfs/home/marcin.malec.local/miniconda3/envs/dca_env/bin/dca
[DCA] CUDA_VISIBLE_DEVICES=0 dca_bin=/mnt/nfs/home/marcin.malec.local/miniconda3/envs/dca_env/bin/dca
[DCA] CUDA_VISIBLE_DEVICES=0 dca_bin=/mnt/nfs/home/marcin.malec.local/miniconda3/envs/dca_env/bin/dca
[DCA] CUDA_VISIBLE_DEVICES=0 dca_bin=/mnt/nfs/home/marcin.malec.local/miniconda3/envs/dca_env/bin/dca
[DCA] CUDA_VISIBLE_DEVICES=0 dca_bin=/mnt/nfs/home/marcin.malec.local/miniconda3/envs/dca_env/bin/dca
    ASW=0.6775 ARI=0.9242 NMI=0.9449 PS=0.9572

--- Dataset: usoskin_top1000hvg ---
  -> dca
[DCA] CUDA_VISIBLE_DEVICES=0 dca_bin=/mnt/nfs/home/marcin.malec.local/miniconda3/envs/dca_env/bin/dca
[DCA] CUDA_VISIBLE_DEVICES=0 dca_bin=/mnt/nfs/home/marcin.malec.local/miniconda3/envs/dca_env/bin/dca
[DCA] CUDA_VISIBLE_DEVICES=0 dca_bin=/mnt/nfs/home/marcin.malec.local/miniconda3/envs/dca_env/bin/dca
[DCA] CUDA_VISIBLE_DEVICES=0 dca_bin=/mnt/nfs/home/marcin.malec.local/miniconda3/envs/dca_env/bin/dca
[DCA] CUDA_VISIBLE_DEVICES=0 dca_bin=/mnt/nfs/home/marcin.malec.local/miniconda3/envs/dca_env/bin/dca
    ASW=0.3538 ARI=0.8962 NMI=0.8770 PS=0.9409
Saved results_clustering_py/dca/dca_clustering_table.tsv
Finished [PY/dca]
