Processing balanced_mse datasets from datasets...
/mnt/nfs/home/marcin.malec.local/miniconda3/envs/magic311/lib/python3.11/site-packages/rds2py/PyRdsReader.py:105: RuntimeWarning: Unsupported R object type: other
  warn(f"Unsupported R object type: {rtype}", RuntimeWarning)
/mnt/nfs/home/marcin.malec.local/miniconda3/envs/magic311/lib/python3.11/site-packages/keras/src/export/tf2onnx_lib.py:8: FutureWarning: In the future `np.object` will be defined as the corresponding NumPy scalar.
  if not hasattr(np, "object"):
/mnt/nfs/home/marcin.malec.local/miniconda3/envs/magic311/lib/python3.11/site-packages/rds2py/PyRdsReader.py:105: RuntimeWarning: Unsupported R object type: other
  warn(f"Unsupported R object type: {rtype}", RuntimeWarning)

--- Dataset: blakeley_top1000hvg ---
  -> balanced_mse
    ASW=0.5223 ARI=0.9165 NMI=0.8937 PS=0.9400

--- Dataset: darmanis_top1000hvg ---
  -> balanced_mse
    ASW=0.4168 ARI=0.6914 NMI=0.7982 PS=0.8824

--- Dataset: deng_top1000hvg ---
  -> balanced_mse
    ASW=0.5365 ARI=0.5580 NMI=0.7790 PS=0.8507

--- Dataset: pollen_top1000hvg ---
  -> balanced_mse
    ASW=0.6149 ARI=0.8090 NMI=0.8795 PS=0.8963

--- Dataset: usoskin_top1000hvg ---
  -> balanced_mse
    ASW=0.3821 ARI=0.8774 NMI=0.8332 PS=0.9306
Saved results_clustering_py/balanced_mse/balanced_mse_clustering_table.tsv
Finished [PY/balanced_mse]
