Processing saver datasets from datasets...

=== blakeley_top1000hvg ===
Running saver x5...
1000 genes, 30 cells
Running SAVER with 1 worker(s)
Calculating predictions for 1000 genes using 1000 genes and 30 cells...
Start time: 2026-01-28 21:56:24.783527
Estimating finish time...
Finished 8/1000 genes. Approximate finish time: 2026-01-28 21:56:47.22559
Calculating max cor cutoff...
Finished 100/1000 genes. Approximate finish time: 2026-01-28 21:56:36.283841
Calculating lambda coefficients...
Finished 218/1000 genes. Approximate finish time: 2026-01-28 21:56:36.028814
Predicting remaining genes...
Finished 414/1000 genes. Approximate finish time: 2026-01-28 21:56:36.566484
Predicting remaining genes...
Done!
Finish time: 2026-01-28 21:56:36.698936
Total time: 11.91527 secs
1000 genes, 30 cells
Running SAVER with 1 worker(s)
Calculating predictions for 1000 genes using 1000 genes and 30 cells...
Start time: 2026-01-28 21:56:46.635112
Estimating finish time...
Finished 8/1000 genes. Approximate finish time: 2026-01-28 21:56:55.577204
Calculating max cor cutoff...
Finished 100/1000 genes. Approximate finish time: 2026-01-28 21:56:57.715658
Calculating lambda coefficients...
Finished 234/1000 genes. Approximate finish time: 2026-01-28 21:56:58.185039
Predicting remaining genes...
Finished 426/1000 genes. Approximate finish time: 2026-01-28 21:56:58.799724
Predicting remaining genes...
Done!
Finish time: 2026-01-28 21:56:58.880731
Total time: 12.24546 secs
1000 genes, 30 cells
Running SAVER with 1 worker(s)
Calculating predictions for 1000 genes using 1000 genes and 30 cells...
Start time: 2026-01-28 21:56:59.263743
Estimating finish time...
Finished 8/1000 genes. Approximate finish time: 2026-01-28 21:57:08.012933
Calculating max cor cutoff...
Finished 100/1000 genes. Approximate finish time: 2026-01-28 21:57:10.167694
Calculating lambda coefficients...
Finished 227/1000 genes. Approximate finish time: 2026-01-28 21:57:09.955779
Predicting remaining genes...
Finished 421/1000 genes. Approximate finish time: 2026-01-28 21:57:10.737266
Predicting remaining genes...
Done!
Finish time: 2026-01-28 21:57:10.775668
Total time: 11.51178 secs
1000 genes, 30 cells
Running SAVER with 1 worker(s)
Calculating predictions for 1000 genes using 1000 genes and 30 cells...
Start time: 2026-01-28 21:57:11.106583
Estimating finish time...
Finished 8/1000 genes. Approximate finish time: 2026-01-28 21:57:19.812078
Calculating max cor cutoff...
Finished 100/1000 genes. Approximate finish time: 2026-01-28 21:57:21.287154
Calculating lambda coefficients...
Finished 229/1000 genes. Approximate finish time: 2026-01-28 21:57:21.418394
Predicting remaining genes...
Finished 422/1000 genes. Approximate finish time: 2026-01-28 21:57:22.046436
Predicting remaining genes...
Done!
Finish time: 2026-01-28 21:57:21.987486
Total time: 10.88076 secs
1000 genes, 30 cells
Running SAVER with 1 worker(s)
Calculating predictions for 1000 genes using 1000 genes and 30 cells...
Start time: 2026-01-28 21:57:22.322955
Estimating finish time...
Finished 8/1000 genes. Approximate finish time: 2026-01-28 21:57:31.217295
Calculating max cor cutoff...
Finished 100/1000 genes. Approximate finish time: 2026-01-28 21:57:33.471086
Calculating lambda coefficients...
Finished 222/1000 genes. Approximate finish time: 2026-01-28 21:57:32.816853
Predicting remaining genes...
Finished 417/1000 genes. Approximate finish time: 2026-01-28 21:57:33.776286
Predicting remaining genes...
Done!
Finish time: 2026-01-28 21:57:34.209359
Total time: 11.88627 secs

=== darmanis_top1000hvg ===
Running saver x5...
1000 genes, 420 cells
Running SAVER with 1 worker(s)
Calculating predictions for 1000 genes using 1000 genes and 420 cells...
Start time: 2026-01-28 21:57:34.753412
Estimating finish time...
Finished 8/1000 genes. Approximate finish time: 2026-01-28 21:59:03.345969
Calculating max cor cutoff...
Finished 100/1000 genes. Approximate finish time: 2026-01-28 21:59:12.185696
Calculating lambda coefficients...
Finished 215/1000 genes. Approximate finish time: 2026-01-28 21:59:04.904906
Predicting remaining genes...
Finished 412/1000 genes. Approximate finish time: 2026-01-28 21:59:03.767037
Predicting remaining genes...
